[0.006s] Invoking command in '/home/einstein/Documents/serial_ws/build/serial_pkg': CMAKE_PREFIX_PATH=/opt/ros/humble /usr/bin/cmake /home/einstein/Documents/serial_ws/src/serial_pkg -DCMAKE_INSTALL_PREFIX=/home/einstein/Documents/serial_ws/install/serial_pkg
[0.045s] -- The C compiler identification is GNU 11.4.0
[0.089s] -- The CXX compiler identification is GNU 11.4.0
[0.096s] -- Detecting C compiler ABI info
[0.153s] -- Detecting C compiler ABI info - done
[0.158s] -- Check for working C compiler: /usr/bin/cc - skipped
[0.158s] -- Detecting C compile features
[0.159s] -- Detecting C compile features - done
[0.161s] -- Detecting CXX compiler ABI info
[0.242s] -- Detecting CXX compiler ABI info - done
[0.247s] -- Check for working CXX compiler: /usr/bin/c++ - skipped
[0.247s] -- Detecting CXX compile features
[0.248s] -- Detecting CXX compile features - done
[0.249s] -- Found ament_cmake: 1.3.10 (/opt/ros/humble/share/ament_cmake/cmake)
[0.365s] -- Found Python3: /usr/bin/python3 (found version "3.10.12") found components: Interpreter 
[0.429s] -- Found rclcpp: 16.0.10 (/opt/ros/humble/share/rclcpp/cmake)
[0.455s] -- Found rosidl_generator_c: 3.1.5 (/opt/ros/humble/share/rosidl_generator_c/cmake)
[0.458s] -- Found rosidl_adapter: 3.1.5 (/opt/ros/humble/share/rosidl_adapter/cmake)
[0.463s] -- Found rosidl_generator_cpp: 3.1.5 (/opt/ros/humble/share/rosidl_generator_cpp/cmake)
[0.471s] -- Using all available rosidl_typesupport_c: rosidl_typesupport_fastrtps_c;rosidl_typesupport_introspection_c
[0.480s] -- Using all available rosidl_typesupport_cpp: rosidl_typesupport_fastrtps_cpp;rosidl_typesupport_introspection_cpp
[0.507s] -- Found rmw_implementation_cmake: 6.1.2 (/opt/ros/humble/share/rmw_implementation_cmake/cmake)
[0.508s] -- Found rmw_fastrtps_cpp: 6.2.7 (/opt/ros/humble/share/rmw_fastrtps_cpp/cmake)
[0.564s] -- Found OpenSSL: /usr/lib/x86_64-linux-gnu/libcrypto.so (found version "3.0.2")  
[0.583s] -- Found FastRTPS: /opt/ros/humble/include  
[0.610s] -- Using RMW implementation 'rmw_fastrtps_cpp' as default
[0.615s] -- Looking for pthread.h
[0.673s] -- Looking for pthread.h - found
[0.673s] -- Performing Test CMAKE_HAVE_LIBC_PTHREAD
[0.731s] -- Performing Test CMAKE_HAVE_LIBC_PTHREAD - Success
[0.732s] -- Found Threads: TRUE  
[0.766s] -- Found ament_lint_auto: 0.12.11 (/opt/ros/humble/share/ament_lint_auto/cmake)
[0.817s] -- Added test 'lint_cmake' to check CMake code style
[0.818s] -- Added test 'xmllint' to check XML markup files
[0.818s] -- Configuring done
[0.821s] -- Generating done
[0.822s] -- Build files have been written to: /home/einstein/Documents/serial_ws/build/serial_pkg
[0.830s] Invoked command in '/home/einstein/Documents/serial_ws/build/serial_pkg' returned '0': CMAKE_PREFIX_PATH=/opt/ros/humble /usr/bin/cmake /home/einstein/Documents/serial_ws/src/serial_pkg -DCMAKE_INSTALL_PREFIX=/home/einstein/Documents/serial_ws/install/serial_pkg
[0.832s] Invoking command in '/home/einstein/Documents/serial_ws/build/serial_pkg': CMAKE_PREFIX_PATH=/opt/ros/humble /usr/bin/cmake --build /home/einstein/Documents/serial_ws/build/serial_pkg -- -j8 -l8
[0.861s] Invoked command in '/home/einstein/Documents/serial_ws/build/serial_pkg' returned '0': CMAKE_PREFIX_PATH=/opt/ros/humble /usr/bin/cmake --build /home/einstein/Documents/serial_ws/build/serial_pkg -- -j8 -l8
[0.883s] Invoking command in '/home/einstein/Documents/serial_ws/build/serial_pkg': CMAKE_PREFIX_PATH=/opt/ros/humble /usr/bin/cmake --install /home/einstein/Documents/serial_ws/build/serial_pkg
[0.889s] -- Install configuration: ""
[0.889s] -- Installing: /home/einstein/Documents/serial_ws/install/serial_pkg/share/ament_index/resource_index/package_run_dependencies/serial_pkg
[0.889s] -- Installing: /home/einstein/Documents/serial_ws/install/serial_pkg/share/ament_index/resource_index/parent_prefix_path/serial_pkg
[0.889s] -- Installing: /home/einstein/Documents/serial_ws/install/serial_pkg/share/serial_pkg/environment/ament_prefix_path.sh
[0.889s] -- Installing: /home/einstein/Documents/serial_ws/install/serial_pkg/share/serial_pkg/environment/ament_prefix_path.dsv
[0.889s] -- Installing: /home/einstein/Documents/serial_ws/install/serial_pkg/share/serial_pkg/environment/path.sh
[0.889s] -- Installing: /home/einstein/Documents/serial_ws/install/serial_pkg/share/serial_pkg/environment/path.dsv
[0.889s] -- Installing: /home/einstein/Documents/serial_ws/install/serial_pkg/share/serial_pkg/local_setup.bash
[0.889s] -- Installing: /home/einstein/Documents/serial_ws/install/serial_pkg/share/serial_pkg/local_setup.sh
[0.889s] -- Installing: /home/einstein/Documents/serial_ws/install/serial_pkg/share/serial_pkg/local_setup.zsh
[0.889s] -- Installing: /home/einstein/Documents/serial_ws/install/serial_pkg/share/serial_pkg/local_setup.dsv
[0.889s] -- Installing: /home/einstein/Documents/serial_ws/install/serial_pkg/share/serial_pkg/package.dsv
[0.889s] -- Installing: /home/einstein/Documents/serial_ws/install/serial_pkg/share/ament_index/resource_index/packages/serial_pkg
[0.889s] -- Installing: /home/einstein/Documents/serial_ws/install/serial_pkg/share/serial_pkg/cmake/serial_pkgConfig.cmake
[0.889s] -- Installing: /home/einstein/Documents/serial_ws/install/serial_pkg/share/serial_pkg/cmake/serial_pkgConfig-version.cmake
[0.890s] -- Installing: /home/einstein/Documents/serial_ws/install/serial_pkg/share/serial_pkg/package.xml
[0.891s] Invoked command in '/home/einstein/Documents/serial_ws/build/serial_pkg' returned '0': CMAKE_PREFIX_PATH=/opt/ros/humble /usr/bin/cmake --install /home/einstein/Documents/serial_ws/build/serial_pkg
