[0.016s] Invoking command in '/home/einstein/Documents/serial_ws/build/serial_launch_file': CMAKE_PREFIX_PATH=${CMAKE_PREFIX_PATH}:/opt/ros/humble /usr/bin/cmake /home/einstein/Documents/serial_ws/src/serial_launch_file -DCMAKE_INSTALL_PREFIX=/home/einstein/Documents/serial_ws/install/serial_launch_file
[0.067s] -- The C compiler identification is GNU 11.4.0
[0.107s] -- The CXX compiler identification is GNU 11.4.0
[0.112s] -- Detecting C compiler ABI info
[0.170s] -- Detecting C compiler ABI info - done
[0.176s] -- Check for working C compiler: /usr/bin/cc - skipped
[0.176s] -- Detecting C compile features
[0.176s] -- Detecting C compile features - done
[0.178s] -- Detecting CXX compiler ABI info
[0.241s] -- Detecting CXX compiler ABI info - done
[0.247s] -- Check for working CXX compiler: /usr/bin/c++ - skipped
[0.247s] -- Detecting CXX compile features
[0.247s] -- Detecting CXX compile features - done
[0.249s] -- Found ament_cmake: 1.3.10 (/opt/ros/humble/share/ament_cmake/cmake)
[0.361s] -- Found Python3: /usr/bin/python3 (found version "3.10.12") found components: Interpreter 
[0.474s] -- Configuring done
[0.475s] -- Generating done
[0.476s] -- Build files have been written to: /home/einstein/Documents/serial_ws/build/serial_launch_file
[0.478s] Invoked command in '/home/einstein/Documents/serial_ws/build/serial_launch_file' returned '0': CMAKE_PREFIX_PATH=${CMAKE_PREFIX_PATH}:/opt/ros/humble /usr/bin/cmake /home/einstein/Documents/serial_ws/src/serial_launch_file -DCMAKE_INSTALL_PREFIX=/home/einstein/Documents/serial_ws/install/serial_launch_file
[0.485s] Invoking command in '/home/einstein/Documents/serial_ws/build/serial_launch_file': CMAKE_PREFIX_PATH=${CMAKE_PREFIX_PATH}:/opt/ros/humble /usr/bin/cmake --build /home/einstein/Documents/serial_ws/build/serial_launch_file -- -j8 -l8
[0.506s] Invoked command in '/home/einstein/Documents/serial_ws/build/serial_launch_file' returned '0': CMAKE_PREFIX_PATH=${CMAKE_PREFIX_PATH}:/opt/ros/humble /usr/bin/cmake --build /home/einstein/Documents/serial_ws/build/serial_launch_file -- -j8 -l8
[0.528s] Invoking command in '/home/einstein/Documents/serial_ws/build/serial_launch_file': CMAKE_PREFIX_PATH=${CMAKE_PREFIX_PATH}:/opt/ros/humble /usr/bin/cmake --install /home/einstein/Documents/serial_ws/build/serial_launch_file
[0.534s] -- Install configuration: ""
[0.534s] -- Installing: /home/einstein/Documents/serial_ws/install/serial_launch_file/share/serial_launch_file/launch
[0.534s] -- Installing: /home/einstein/Documents/serial_ws/install/serial_launch_file/share/serial_launch_file/launch/serial_launch.launch.py
[0.534s] -- Installing: /home/einstein/Documents/serial_ws/install/serial_launch_file/share/ament_index/resource_index/package_run_dependencies/serial_launch_file
[0.534s] -- Installing: /home/einstein/Documents/serial_ws/install/serial_launch_file/share/ament_index/resource_index/parent_prefix_path/serial_launch_file
[0.534s] -- Installing: /home/einstein/Documents/serial_ws/install/serial_launch_file/share/serial_launch_file/environment/ament_prefix_path.sh
[0.535s] -- Installing: /home/einstein/Documents/serial_ws/install/serial_launch_file/share/serial_launch_file/environment/ament_prefix_path.dsv
[0.535s] -- Installing: /home/einstein/Documents/serial_ws/install/serial_launch_file/share/serial_launch_file/environment/path.sh
[0.535s] -- Installing: /home/einstein/Documents/serial_ws/install/serial_launch_file/share/serial_launch_file/environment/path.dsv
[0.535s] -- Installing: /home/einstein/Documents/serial_ws/install/serial_launch_file/share/serial_launch_file/local_setup.bash
[0.535s] -- Installing: /home/einstein/Documents/serial_ws/install/serial_launch_file/share/serial_launch_file/local_setup.sh
[0.535s] -- Installing: /home/einstein/Documents/serial_ws/install/serial_launch_file/share/serial_launch_file/local_setup.zsh
[0.535s] -- Installing: /home/einstein/Documents/serial_ws/install/serial_launch_file/share/serial_launch_file/local_setup.dsv
[0.535s] -- Installing: /home/einstein/Documents/serial_ws/install/serial_launch_file/share/serial_launch_file/package.dsv
[0.535s] -- Installing: /home/einstein/Documents/serial_ws/install/serial_launch_file/share/ament_index/resource_index/packages/serial_launch_file
[0.536s] -- Installing: /home/einstein/Documents/serial_ws/install/serial_launch_file/share/serial_launch_file/cmake/serial_launch_fileConfig.cmake
[0.536s] -- Installing: /home/einstein/Documents/serial_ws/install/serial_launch_file/share/serial_launch_file/cmake/serial_launch_fileConfig-version.cmake
[0.536s] -- Installing: /home/einstein/Documents/serial_ws/install/serial_launch_file/share/serial_launch_file/package.xml
[0.537s] Invoked command in '/home/einstein/Documents/serial_ws/build/serial_launch_file' returned '0': CMAKE_PREFIX_PATH=${CMAKE_PREFIX_PATH}:/opt/ros/humble /usr/bin/cmake --install /home/einstein/Documents/serial_ws/build/serial_launch_file
