[0.046s] Invoking command in '/home/einstein/Documents/serial_ws/build/serial_cpp_pkg': CMAKE_PREFIX_PATH=${CMAKE_PREFIX_PATH}:/opt/ros/humble /usr/bin/cmake --build /home/einstein/Documents/serial_ws/build/serial_cpp_pkg -- -j8 -l8
[0.157s] -- Found ament_cmake: 1.3.10 (/opt/ros/humble/share/ament_cmake/cmake)
[0.261s] -- Override CMake install command with custom implementation using symlinks instead of copying resources
[0.280s] -- Found rclcpp: 16.0.10 (/opt/ros/humble/share/rclcpp/cmake)
[0.304s] -- Found rosidl_generator_c: 3.1.5 (/opt/ros/humble/share/rosidl_generator_c/cmake)
[0.306s] -- Found rosidl_adapter: 3.1.5 (/opt/ros/humble/share/rosidl_adapter/cmake)
[0.310s] -- Found rosidl_generator_cpp: 3.1.5 (/opt/ros/humble/share/rosidl_generator_cpp/cmake)
[0.317s] -- Using all available rosidl_typesupport_c: rosidl_typesupport_fastrtps_c;rosidl_typesupport_introspection_c
[0.326s] -- Using all available rosidl_typesupport_cpp: rosidl_typesupport_fastrtps_cpp;rosidl_typesupport_introspection_cpp
[0.348s] -- Found rmw_implementation_cmake: 6.1.2 (/opt/ros/humble/share/rmw_implementation_cmake/cmake)
[0.349s] -- Found rmw_fastrtps_cpp: 6.2.7 (/opt/ros/humble/share/rmw_fastrtps_cpp/cmake)
[0.418s] -- Using RMW implementation 'rmw_fastrtps_cpp' as default
[0.452s] -- Found example_interfaces: 0.9.3 (/opt/ros/humble/share/example_interfaces/cmake)
[0.477s] -- Found geometry_msgs: 4.2.4 (/opt/ros/humble/share/geometry_msgs/cmake)
[0.489s] -- Found nav_msgs: 4.2.4 (/opt/ros/humble/share/nav_msgs/cmake)
[0.501s] -- Found tf2: 0.25.7 (/opt/ros/humble/share/tf2/cmake)
[0.503s] -- Found tf2_ros: 0.25.7 (/opt/ros/humble/share/tf2_ros/cmake)
[0.610s] -- Configuring done
[0.678s] -- Generating done
[0.681s] -- Build files have been written to: /home/einstein/Documents/serial_ws/build/serial_cpp_pkg
[0.711s] [35m[1mConsolidate compiler generated dependencies of target Distance_Calculator[0m
[0.718s] [ 16%] [32mBuilding CXX object CMakeFiles/RPM.dir/src/rpm_editor.cpp.o[0m
[0.725s] [ 50%] Built target Distance_Calculator
[0.726s] [35m[1mConsolidate compiler generated dependencies of target Serial_node_1[0m
[0.738s] [ 83%] Built target Serial_node_1
[1.194s] [01m[K/home/einstein/Documents/serial_ws/src/serial_cpp_pkg/src/rpm_editor.cpp:3:10:[m[K [01;31m[Kfatal error: [m[Kexample_interfaces/msg/string.hpp: No such file or directory
[1.194s]     3 | #include [01;31m[K"example_interfaces/msg/string.hpp"[m[K
[1.194s]       |          [01;31m[K^~~~~~~~~~~~~~~~~~~~~~~~~~~~~~~~~~~[m[K
[1.194s] compilation terminated.
[1.208s] gmake[2]: *** [CMakeFiles/RPM.dir/build.make:76: CMakeFiles/RPM.dir/src/rpm_editor.cpp.o] Error 1
[1.208s] gmake[1]: *** [CMakeFiles/Makefile2:193: CMakeFiles/RPM.dir/all] Error 2
[1.208s] gmake: *** [Makefile:146: all] Error 2
[1.211s] Invoked command in '/home/einstein/Documents/serial_ws/build/serial_cpp_pkg' returned '2': CMAKE_PREFIX_PATH=${CMAKE_PREFIX_PATH}:/opt/ros/humble /usr/bin/cmake --build /home/einstein/Documents/serial_ws/build/serial_cpp_pkg -- -j8 -l8
