[0.064s] DEBUG:colcon:Command line arguments: ['/usr/bin/colcon', 'build']
[0.065s] DEBUG:colcon:Parsed command line arguments: Namespace(log_base=None, log_level=None, verb_name='build', build_base='build', install_base='install', merge_install=False, symlink_install=False, test_result_base=None, continue_on_error=False, executor='parallel', parallel_workers=8, event_handlers=None, ignore_user_meta=False, metas=['./colcon.meta'], base_paths=['.'], packages_ignore=None, packages_ignore_regex=None, paths=None, packages_up_to=None, packages_up_to_regex=None, packages_above=None, packages_above_and_dependencies=None, packages_above_depth=None, packages_select_by_dep=None, packages_skip_by_dep=None, packages_skip_up_to=None, packages_select_build_failed=False, packages_skip_build_finished=False, packages_select_test_failures=False, packages_skip_test_passed=False, packages_select=None, packages_skip=None, packages_select_regex=None, packages_skip_regex=None, packages_start=None, packages_end=None, allow_overriding=[], cmake_args=None, cmake_target=None, cmake_target_skip_unavailable=False, cmake_clean_cache=False, cmake_clean_first=False, cmake_force_configure=False, ament_cmake_args=None, catkin_cmake_args=None, catkin_skip_building_tests=False, verb_parser=<colcon_defaults.argument_parser.defaults.DefaultArgumentsDecorator object at 0x7d06c20b4640>, verb_extension=<colcon_core.verb.build.BuildVerb object at 0x7d06c20b4040>, main=<bound method BuildVerb.main of <colcon_core.verb.build.BuildVerb object at 0x7d06c20b4040>>)
[0.163s] Level 1:colcon.colcon_core.package_discovery:discover_packages(colcon_meta) check parameters
[0.163s] Level 1:colcon.colcon_core.package_discovery:discover_packages(recursive) check parameters
[0.163s] Level 1:colcon.colcon_core.package_discovery:discover_packages(ignore) check parameters
[0.163s] Level 1:colcon.colcon_core.package_discovery:discover_packages(path) check parameters
[0.163s] Level 1:colcon.colcon_core.package_discovery:discover_packages(colcon_meta) discover
[0.163s] Level 1:colcon.colcon_core.package_discovery:discover_packages(recursive) discover
[0.163s] INFO:colcon.colcon_core.package_discovery:Crawling recursively for packages in '/home/einstein/Documents/serial_ws'
[0.163s] Level 1:colcon.colcon_core.package_identification:_identify(.) by extensions ['ignore', 'ignore_ament_install']
[0.163s] Level 1:colcon.colcon_core.package_identification:_identify(.) by extension 'ignore'
[0.163s] Level 1:colcon.colcon_core.package_identification:_identify(.) by extension 'ignore_ament_install'
[0.163s] Level 1:colcon.colcon_core.package_identification:_identify(.) by extensions ['colcon_pkg']
[0.163s] Level 1:colcon.colcon_core.package_identification:_identify(.) by extension 'colcon_pkg'
[0.163s] Level 1:colcon.colcon_core.package_identification:_identify(.) by extensions ['colcon_meta']
[0.163s] Level 1:colcon.colcon_core.package_identification:_identify(.) by extension 'colcon_meta'
[0.163s] Level 1:colcon.colcon_core.package_identification:_identify(.) by extensions ['ros']
[0.163s] Level 1:colcon.colcon_core.package_identification:_identify(.) by extension 'ros'
[0.171s] Level 1:colcon.colcon_core.package_identification:_identify(.) by extensions ['cmake', 'python']
[0.171s] Level 1:colcon.colcon_core.package_identification:_identify(.) by extension 'cmake'
[0.171s] Level 1:colcon.colcon_core.package_identification:_identify(.) by extension 'python'
[0.171s] Level 1:colcon.colcon_core.package_identification:_identify(.) by extensions ['python_setup_py']
[0.171s] Level 1:colcon.colcon_core.package_identification:_identify(.) by extension 'python_setup_py'
[0.171s] Level 1:colcon.colcon_core.package_identification:_identify(build) by extensions ['ignore', 'ignore_ament_install']
[0.171s] Level 1:colcon.colcon_core.package_identification:_identify(build) by extension 'ignore'
[0.171s] Level 1:colcon.colcon_core.package_identification:_identify(build) ignored
[0.171s] Level 1:colcon.colcon_core.package_identification:_identify(install) by extensions ['ignore', 'ignore_ament_install']
[0.171s] Level 1:colcon.colcon_core.package_identification:_identify(install) by extension 'ignore'
[0.171s] Level 1:colcon.colcon_core.package_identification:_identify(install) ignored
[0.171s] Level 1:colcon.colcon_core.package_identification:_identify(log) by extensions ['ignore', 'ignore_ament_install']
[0.171s] Level 1:colcon.colcon_core.package_identification:_identify(log) by extension 'ignore'
[0.171s] Level 1:colcon.colcon_core.package_identification:_identify(log) ignored
[0.171s] Level 1:colcon.colcon_core.package_identification:_identify(src) by extensions ['ignore', 'ignore_ament_install']
[0.171s] Level 1:colcon.colcon_core.package_identification:_identify(src) by extension 'ignore'
[0.172s] Level 1:colcon.colcon_core.package_identification:_identify(src) by extension 'ignore_ament_install'
[0.172s] Level 1:colcon.colcon_core.package_identification:_identify(src) by extensions ['colcon_pkg']
[0.172s] Level 1:colcon.colcon_core.package_identification:_identify(src) by extension 'colcon_pkg'
[0.172s] Level 1:colcon.colcon_core.package_identification:_identify(src) by extensions ['colcon_meta']
[0.172s] Level 1:colcon.colcon_core.package_identification:_identify(src) by extension 'colcon_meta'
[0.172s] Level 1:colcon.colcon_core.package_identification:_identify(src) by extensions ['ros']
[0.172s] Level 1:colcon.colcon_core.package_identification:_identify(src) by extension 'ros'
[0.172s] Level 1:colcon.colcon_core.package_identification:_identify(src) by extensions ['cmake', 'python']
[0.172s] Level 1:colcon.colcon_core.package_identification:_identify(src) by extension 'cmake'
[0.172s] Level 1:colcon.colcon_core.package_identification:_identify(src) by extension 'python'
[0.172s] Level 1:colcon.colcon_core.package_identification:_identify(src) by extensions ['python_setup_py']
[0.172s] Level 1:colcon.colcon_core.package_identification:_identify(src) by extension 'python_setup_py'
[0.172s] Level 1:colcon.colcon_core.package_identification:_identify(src/serial_cpp_pkg) by extensions ['ignore', 'ignore_ament_install']
[0.172s] Level 1:colcon.colcon_core.package_identification:_identify(src/serial_cpp_pkg) by extension 'ignore'
[0.172s] Level 1:colcon.colcon_core.package_identification:_identify(src/serial_cpp_pkg) by extension 'ignore_ament_install'
[0.172s] Level 1:colcon.colcon_core.package_identification:_identify(src/serial_cpp_pkg) by extensions ['colcon_pkg']
[0.172s] Level 1:colcon.colcon_core.package_identification:_identify(src/serial_cpp_pkg) by extension 'colcon_pkg'
[0.172s] Level 1:colcon.colcon_core.package_identification:_identify(src/serial_cpp_pkg) by extensions ['colcon_meta']
[0.172s] Level 1:colcon.colcon_core.package_identification:_identify(src/serial_cpp_pkg) by extension 'colcon_meta'
[0.172s] Level 1:colcon.colcon_core.package_identification:_identify(src/serial_cpp_pkg) by extensions ['ros']
[0.172s] Level 1:colcon.colcon_core.package_identification:_identify(src/serial_cpp_pkg) by extension 'ros'
[0.174s] DEBUG:colcon.colcon_core.package_identification:Package 'src/serial_cpp_pkg' with type 'ros.ament_cmake' and name 'serial_cpp_pkg'
[0.174s] Level 1:colcon.colcon_core.package_identification:_identify(src/serial_launch_file) by extensions ['ignore', 'ignore_ament_install']
[0.174s] Level 1:colcon.colcon_core.package_identification:_identify(src/serial_launch_file) by extension 'ignore'
[0.174s] Level 1:colcon.colcon_core.package_identification:_identify(src/serial_launch_file) by extension 'ignore_ament_install'
[0.174s] Level 1:colcon.colcon_core.package_identification:_identify(src/serial_launch_file) by extensions ['colcon_pkg']
[0.174s] Level 1:colcon.colcon_core.package_identification:_identify(src/serial_launch_file) by extension 'colcon_pkg'
[0.174s] Level 1:colcon.colcon_core.package_identification:_identify(src/serial_launch_file) by extensions ['colcon_meta']
[0.174s] Level 1:colcon.colcon_core.package_identification:_identify(src/serial_launch_file) by extension 'colcon_meta'
[0.174s] Level 1:colcon.colcon_core.package_identification:_identify(src/serial_launch_file) by extensions ['ros']
[0.174s] Level 1:colcon.colcon_core.package_identification:_identify(src/serial_launch_file) by extension 'ros'
[0.175s] DEBUG:colcon.colcon_core.package_identification:Package 'src/serial_launch_file' with type 'ros.ament_cmake' and name 'serial_launch_file'
[0.175s] Level 1:colcon.colcon_core.package_discovery:discover_packages(recursive) using defaults
[0.175s] Level 1:colcon.colcon_core.package_discovery:discover_packages(ignore) discover
[0.175s] Level 1:colcon.colcon_core.package_discovery:discover_packages(ignore) using defaults
[0.175s] Level 1:colcon.colcon_core.package_discovery:discover_packages(path) discover
[0.175s] Level 1:colcon.colcon_core.package_discovery:discover_packages(path) using defaults
[0.187s] Level 1:colcon.colcon_core.package_discovery:discover_packages(prefix_path) check parameters
[0.187s] Level 1:colcon.colcon_core.package_discovery:discover_packages(prefix_path) discover
[0.188s] DEBUG:colcon.colcon_installed_package_information.package_discovery:Found 1 installed packages in /home/einstein/Documents/gamepad_ws/install
[0.189s] DEBUG:colcon.colcon_installed_package_information.package_discovery:Found 2 installed packages in /home/einstein/Documents/SLAM_WS/install
[0.189s] DEBUG:colcon.colcon_installed_package_information.package_discovery:Found 2 installed packages in /home/einstein/Documents/serial_ws/install
[0.190s] DEBUG:colcon.colcon_installed_package_information.package_discovery:Found 387 installed packages in /opt/ros/humble
[0.191s] Level 1:colcon.colcon_core.package_discovery:discover_packages(prefix_path) using defaults
[0.229s] Level 5:colcon.colcon_core.verb:set package 'serial_cpp_pkg' build argument 'cmake_args' from command line to 'None'
[0.229s] Level 5:colcon.colcon_core.verb:set package 'serial_cpp_pkg' build argument 'cmake_target' from command line to 'None'
[0.229s] Level 5:colcon.colcon_core.verb:set package 'serial_cpp_pkg' build argument 'cmake_target_skip_unavailable' from command line to 'False'
[0.229s] Level 5:colcon.colcon_core.verb:set package 'serial_cpp_pkg' build argument 'cmake_clean_cache' from command line to 'False'
[0.229s] Level 5:colcon.colcon_core.verb:set package 'serial_cpp_pkg' build argument 'cmake_clean_first' from command line to 'False'
[0.229s] Level 5:colcon.colcon_core.verb:set package 'serial_cpp_pkg' build argument 'cmake_force_configure' from command line to 'False'
[0.229s] Level 5:colcon.colcon_core.verb:set package 'serial_cpp_pkg' build argument 'ament_cmake_args' from command line to 'None'
[0.229s] Level 5:colcon.colcon_core.verb:set package 'serial_cpp_pkg' build argument 'catkin_cmake_args' from command line to 'None'
[0.229s] Level 5:colcon.colcon_core.verb:set package 'serial_cpp_pkg' build argument 'catkin_skip_building_tests' from command line to 'False'
[0.229s] DEBUG:colcon.colcon_core.verb:Building package 'serial_cpp_pkg' with the following arguments: {'ament_cmake_args': None, 'build_base': '/home/einstein/Documents/serial_ws/build/serial_cpp_pkg', 'catkin_cmake_args': None, 'catkin_skip_building_tests': False, 'cmake_args': None, 'cmake_clean_cache': False, 'cmake_clean_first': False, 'cmake_force_configure': False, 'cmake_target': None, 'cmake_target_skip_unavailable': False, 'install_base': '/home/einstein/Documents/serial_ws/install/serial_cpp_pkg', 'merge_install': False, 'path': '/home/einstein/Documents/serial_ws/src/serial_cpp_pkg', 'symlink_install': False, 'test_result_base': None}
[0.229s] Level 5:colcon.colcon_core.verb:set package 'serial_launch_file' build argument 'cmake_args' from command line to 'None'
[0.229s] Level 5:colcon.colcon_core.verb:set package 'serial_launch_file' build argument 'cmake_target' from command line to 'None'
[0.229s] Level 5:colcon.colcon_core.verb:set package 'serial_launch_file' build argument 'cmake_target_skip_unavailable' from command line to 'False'
[0.229s] Level 5:colcon.colcon_core.verb:set package 'serial_launch_file' build argument 'cmake_clean_cache' from command line to 'False'
[0.229s] Level 5:colcon.colcon_core.verb:set package 'serial_launch_file' build argument 'cmake_clean_first' from command line to 'False'
[0.229s] Level 5:colcon.colcon_core.verb:set package 'serial_launch_file' build argument 'cmake_force_configure' from command line to 'False'
[0.229s] Level 5:colcon.colcon_core.verb:set package 'serial_launch_file' build argument 'ament_cmake_args' from command line to 'None'
[0.229s] Level 5:colcon.colcon_core.verb:set package 'serial_launch_file' build argument 'catkin_cmake_args' from command line to 'None'
[0.229s] Level 5:colcon.colcon_core.verb:set package 'serial_launch_file' build argument 'catkin_skip_building_tests' from command line to 'False'
[0.229s] DEBUG:colcon.colcon_core.verb:Building package 'serial_launch_file' with the following arguments: {'ament_cmake_args': None, 'build_base': '/home/einstein/Documents/serial_ws/build/serial_launch_file', 'catkin_cmake_args': None, 'catkin_skip_building_tests': False, 'cmake_args': None, 'cmake_clean_cache': False, 'cmake_clean_first': False, 'cmake_force_configure': False, 'cmake_target': None, 'cmake_target_skip_unavailable': False, 'install_base': '/home/einstein/Documents/serial_ws/install/serial_launch_file', 'merge_install': False, 'path': '/home/einstein/Documents/serial_ws/src/serial_launch_file', 'symlink_install': False, 'test_result_base': None}
[0.229s] INFO:colcon.colcon_core.executor:Executing jobs using 'parallel' executor
[0.230s] DEBUG:colcon.colcon_parallel_executor.executor.parallel:run_until_complete
[0.230s] INFO:colcon.colcon_ros.task.ament_cmake.build:Building ROS package in '/home/einstein/Documents/serial_ws/src/serial_cpp_pkg' with build type 'ament_cmake'
[0.230s] INFO:colcon.colcon_cmake.task.cmake.build:Building CMake package in '/home/einstein/Documents/serial_ws/src/serial_cpp_pkg'
[0.232s] INFO:colcon.colcon_core.plugin_system:Skipping extension 'colcon_core.shell.bat': Not used on non-Windows systems
[0.232s] INFO:colcon.colcon_core.shell:Skip shell extension 'powershell' for command environment: Not usable outside of PowerShell
[0.232s] DEBUG:colcon.colcon_core.shell:Skip shell extension 'dsv' for command environment
[0.235s] INFO:colcon.colcon_ros.task.ament_cmake.build:Building ROS package in '/home/einstein/Documents/serial_ws/src/serial_launch_file' with build type 'ament_cmake'
[0.235s] INFO:colcon.colcon_cmake.task.cmake.build:Building CMake package in '/home/einstein/Documents/serial_ws/src/serial_launch_file'
[0.235s] INFO:colcon.colcon_core.shell:Skip shell extension 'powershell' for command environment: Not usable outside of PowerShell
[0.235s] DEBUG:colcon.colcon_core.shell:Skip shell extension 'dsv' for command environment
[0.241s] DEBUG:colcon.colcon_core.event_handler.log_command:Invoking command in '/home/einstein/Documents/serial_ws/build/serial_cpp_pkg': CMAKE_PREFIX_PATH=${CMAKE_PREFIX_PATH}:/opt/ros/humble /usr/bin/cmake --build /home/einstein/Documents/serial_ws/build/serial_cpp_pkg -- -j8 -l8
[0.244s] DEBUG:colcon.colcon_core.event_handler.log_command:Invoking command in '/home/einstein/Documents/serial_ws/build/serial_launch_file': CMAKE_PREFIX_PATH=${CMAKE_PREFIX_PATH}:/opt/ros/humble /usr/bin/cmake --build /home/einstein/Documents/serial_ws/build/serial_launch_file -- -j8 -l8
[0.270s] DEBUG:colcon.colcon_core.event_handler.log_command:Invoked command in '/home/einstein/Documents/serial_ws/build/serial_launch_file' returned '0': CMAKE_PREFIX_PATH=${CMAKE_PREFIX_PATH}:/opt/ros/humble /usr/bin/cmake --build /home/einstein/Documents/serial_ws/build/serial_launch_file -- -j8 -l8
[0.293s] DEBUG:colcon.colcon_core.event_handler.log_command:Invoking command in '/home/einstein/Documents/serial_ws/build/serial_launch_file': CMAKE_PREFIX_PATH=${CMAKE_PREFIX_PATH}:/opt/ros/humble /usr/bin/cmake --install /home/einstein/Documents/serial_ws/build/serial_launch_file
[0.299s] Level 1:colcon.colcon_core.environment:create_environment_scripts_only(serial_launch_file)
[0.300s] DEBUG:colcon.colcon_core.event_handler.log_command:Invoked command in '/home/einstein/Documents/serial_ws/build/serial_launch_file' returned '0': CMAKE_PREFIX_PATH=${CMAKE_PREFIX_PATH}:/opt/ros/humble /usr/bin/cmake --install /home/einstein/Documents/serial_ws/build/serial_launch_file
[0.301s] Level 1:colcon.colcon_core.environment:checking '/home/einstein/Documents/serial_ws/install/serial_launch_file' for CMake module files
[0.301s] Level 1:colcon.colcon_core.environment:checking '/home/einstein/Documents/serial_ws/install/serial_launch_file' for CMake config files
[0.302s] Level 1:colcon.colcon_core.shell:create_environment_hook('serial_launch_file', 'cmake_prefix_path')
[0.302s] INFO:colcon.colcon_core.shell:Creating environment hook '/home/einstein/Documents/serial_ws/install/serial_launch_file/share/serial_launch_file/hook/cmake_prefix_path.ps1'
[0.302s] INFO:colcon.colcon_core.shell:Creating environment descriptor '/home/einstein/Documents/serial_ws/install/serial_launch_file/share/serial_launch_file/hook/cmake_prefix_path.dsv'
[0.302s] INFO:colcon.colcon_core.shell:Creating environment hook '/home/einstein/Documents/serial_ws/install/serial_launch_file/share/serial_launch_file/hook/cmake_prefix_path.sh'
[0.303s] Level 1:colcon.colcon_core.environment:checking '/home/einstein/Documents/serial_ws/install/serial_launch_file/bin'
[0.303s] Level 1:colcon.colcon_core.environment:checking '/home/einstein/Documents/serial_ws/install/serial_launch_file/lib/pkgconfig/serial_launch_file.pc'
[0.303s] Level 1:colcon.colcon_core.environment:checking '/home/einstein/Documents/serial_ws/install/serial_launch_file/lib/python3.10/site-packages'
[0.303s] Level 1:colcon.colcon_core.environment:checking '/home/einstein/Documents/serial_ws/install/serial_launch_file/bin'
[0.304s] INFO:colcon.colcon_core.shell:Creating package script '/home/einstein/Documents/serial_ws/install/serial_launch_file/share/serial_launch_file/package.ps1'
[0.304s] INFO:colcon.colcon_core.shell:Creating package descriptor '/home/einstein/Documents/serial_ws/install/serial_launch_file/share/serial_launch_file/package.dsv'
[0.305s] INFO:colcon.colcon_core.shell:Creating package script '/home/einstein/Documents/serial_ws/install/serial_launch_file/share/serial_launch_file/package.sh'
[0.305s] INFO:colcon.colcon_core.shell:Creating package script '/home/einstein/Documents/serial_ws/install/serial_launch_file/share/serial_launch_file/package.bash'
[0.305s] INFO:colcon.colcon_core.shell:Creating package script '/home/einstein/Documents/serial_ws/install/serial_launch_file/share/serial_launch_file/package.zsh'
[0.310s] Level 1:colcon.colcon_core.environment:create_file_with_runtime_dependencies(/home/einstein/Documents/serial_ws/install/serial_launch_file/share/colcon-core/packages/serial_launch_file)
[0.323s] Level 1:colcon.colcon_core.environment:create_environment_scripts_only(serial_launch_file)
[0.324s] Level 1:colcon.colcon_core.environment:checking '/home/einstein/Documents/serial_ws/install/serial_launch_file' for CMake module files
[0.324s] Level 1:colcon.colcon_core.environment:checking '/home/einstein/Documents/serial_ws/install/serial_launch_file' for CMake config files
[0.324s] Level 1:colcon.colcon_core.shell:create_environment_hook('serial_launch_file', 'cmake_prefix_path')
[0.325s] INFO:colcon.colcon_core.shell:Creating environment hook '/home/einstein/Documents/serial_ws/install/serial_launch_file/share/serial_launch_file/hook/cmake_prefix_path.ps1'
[0.325s] INFO:colcon.colcon_core.shell:Creating environment descriptor '/home/einstein/Documents/serial_ws/install/serial_launch_file/share/serial_launch_file/hook/cmake_prefix_path.dsv'
[0.325s] INFO:colcon.colcon_core.shell:Creating environment hook '/home/einstein/Documents/serial_ws/install/serial_launch_file/share/serial_launch_file/hook/cmake_prefix_path.sh'
[0.326s] Level 1:colcon.colcon_core.environment:checking '/home/einstein/Documents/serial_ws/install/serial_launch_file/bin'
[0.326s] Level 1:colcon.colcon_core.environment:checking '/home/einstein/Documents/serial_ws/install/serial_launch_file/lib/pkgconfig/serial_launch_file.pc'
[0.326s] Level 1:colcon.colcon_core.environment:checking '/home/einstein/Documents/serial_ws/install/serial_launch_file/lib/python3.10/site-packages'
[0.327s] Level 1:colcon.colcon_core.environment:checking '/home/einstein/Documents/serial_ws/install/serial_launch_file/bin'
[0.327s] INFO:colcon.colcon_core.shell:Creating package script '/home/einstein/Documents/serial_ws/install/serial_launch_file/share/serial_launch_file/package.ps1'
[0.327s] INFO:colcon.colcon_core.shell:Creating package descriptor '/home/einstein/Documents/serial_ws/install/serial_launch_file/share/serial_launch_file/package.dsv'
[0.328s] INFO:colcon.colcon_core.shell:Creating package script '/home/einstein/Documents/serial_ws/install/serial_launch_file/share/serial_launch_file/package.sh'
[0.328s] INFO:colcon.colcon_core.shell:Creating package script '/home/einstein/Documents/serial_ws/install/serial_launch_file/share/serial_launch_file/package.bash'
[0.328s] INFO:colcon.colcon_core.shell:Creating package script '/home/einstein/Documents/serial_ws/install/serial_launch_file/share/serial_launch_file/package.zsh'
[0.329s] Level 1:colcon.colcon_core.environment:create_file_with_runtime_dependencies(/home/einstein/Documents/serial_ws/install/serial_launch_file/share/colcon-core/packages/serial_launch_file)
[8.894s] DEBUG:colcon.colcon_core.event_handler.log_command:Invoked command in '/home/einstein/Documents/serial_ws/build/serial_cpp_pkg' returned '0': CMAKE_PREFIX_PATH=${CMAKE_PREFIX_PATH}:/opt/ros/humble /usr/bin/cmake --build /home/einstein/Documents/serial_ws/build/serial_cpp_pkg -- -j8 -l8
[8.917s] DEBUG:colcon.colcon_core.event_handler.log_command:Invoking command in '/home/einstein/Documents/serial_ws/build/serial_cpp_pkg': CMAKE_PREFIX_PATH=${CMAKE_PREFIX_PATH}:/opt/ros/humble /usr/bin/cmake --install /home/einstein/Documents/serial_ws/build/serial_cpp_pkg
[8.980s] Level 1:colcon.colcon_core.environment:create_environment_scripts_only(serial_cpp_pkg)
[8.981s] Level 1:colcon.colcon_core.environment:checking '/home/einstein/Documents/serial_ws/install/serial_cpp_pkg' for CMake module files
[8.982s] DEBUG:colcon.colcon_core.event_handler.log_command:Invoked command in '/home/einstein/Documents/serial_ws/build/serial_cpp_pkg' returned '0': CMAKE_PREFIX_PATH=${CMAKE_PREFIX_PATH}:/opt/ros/humble /usr/bin/cmake --install /home/einstein/Documents/serial_ws/build/serial_cpp_pkg
[8.982s] Level 1:colcon.colcon_core.environment:checking '/home/einstein/Documents/serial_ws/install/serial_cpp_pkg' for CMake config files
[8.983s] Level 1:colcon.colcon_core.shell:create_environment_hook('serial_cpp_pkg', 'cmake_prefix_path')
[8.983s] INFO:colcon.colcon_core.shell:Creating environment hook '/home/einstein/Documents/serial_ws/install/serial_cpp_pkg/share/serial_cpp_pkg/hook/cmake_prefix_path.ps1'
[8.984s] INFO:colcon.colcon_core.shell:Creating environment descriptor '/home/einstein/Documents/serial_ws/install/serial_cpp_pkg/share/serial_cpp_pkg/hook/cmake_prefix_path.dsv'
[8.984s] INFO:colcon.colcon_core.shell:Creating environment hook '/home/einstein/Documents/serial_ws/install/serial_cpp_pkg/share/serial_cpp_pkg/hook/cmake_prefix_path.sh'
[8.986s] Level 1:colcon.colcon_core.environment:checking '/home/einstein/Documents/serial_ws/install/serial_cpp_pkg/lib'
[8.986s] Level 1:colcon.colcon_core.environment:checking '/home/einstein/Documents/serial_ws/install/serial_cpp_pkg/bin'
[8.986s] Level 1:colcon.colcon_core.environment:checking '/home/einstein/Documents/serial_ws/install/serial_cpp_pkg/lib/pkgconfig/serial_cpp_pkg.pc'
[8.987s] Level 1:colcon.colcon_core.environment:checking '/home/einstein/Documents/serial_ws/install/serial_cpp_pkg/lib/python3.10/site-packages'
[8.987s] Level 1:colcon.colcon_core.environment:checking '/home/einstein/Documents/serial_ws/install/serial_cpp_pkg/bin'
[8.987s] INFO:colcon.colcon_core.shell:Creating package script '/home/einstein/Documents/serial_ws/install/serial_cpp_pkg/share/serial_cpp_pkg/package.ps1'
[8.988s] INFO:colcon.colcon_core.shell:Creating package descriptor '/home/einstein/Documents/serial_ws/install/serial_cpp_pkg/share/serial_cpp_pkg/package.dsv'
[8.989s] INFO:colcon.colcon_core.shell:Creating package script '/home/einstein/Documents/serial_ws/install/serial_cpp_pkg/share/serial_cpp_pkg/package.sh'
[8.989s] INFO:colcon.colcon_core.shell:Creating package script '/home/einstein/Documents/serial_ws/install/serial_cpp_pkg/share/serial_cpp_pkg/package.bash'
[8.990s] INFO:colcon.colcon_core.shell:Creating package script '/home/einstein/Documents/serial_ws/install/serial_cpp_pkg/share/serial_cpp_pkg/package.zsh'
[8.995s] Level 1:colcon.colcon_core.environment:create_file_with_runtime_dependencies(/home/einstein/Documents/serial_ws/install/serial_cpp_pkg/share/colcon-core/packages/serial_cpp_pkg)
[9.042s] Level 1:colcon.colcon_core.environment:create_environment_scripts_only(serial_cpp_pkg)
[9.043s] Level 1:colcon.colcon_core.environment:checking '/home/einstein/Documents/serial_ws/install/serial_cpp_pkg' for CMake module files
[9.043s] Level 1:colcon.colcon_core.environment:checking '/home/einstein/Documents/serial_ws/install/serial_cpp_pkg' for CMake config files
[9.043s] Level 1:colcon.colcon_core.shell:create_environment_hook('serial_cpp_pkg', 'cmake_prefix_path')
[9.044s] INFO:colcon.colcon_core.shell:Creating environment hook '/home/einstein/Documents/serial_ws/install/serial_cpp_pkg/share/serial_cpp_pkg/hook/cmake_prefix_path.ps1'
[9.044s] INFO:colcon.colcon_core.shell:Creating environment descriptor '/home/einstein/Documents/serial_ws/install/serial_cpp_pkg/share/serial_cpp_pkg/hook/cmake_prefix_path.dsv'
[9.045s] INFO:colcon.colcon_core.shell:Creating environment hook '/home/einstein/Documents/serial_ws/install/serial_cpp_pkg/share/serial_cpp_pkg/hook/cmake_prefix_path.sh'
[9.045s] Level 1:colcon.colcon_core.environment:checking '/home/einstein/Documents/serial_ws/install/serial_cpp_pkg/lib'
[9.045s] Level 1:colcon.colcon_core.environment:checking '/home/einstein/Documents/serial_ws/install/serial_cpp_pkg/bin'
[9.045s] Level 1:colcon.colcon_core.environment:checking '/home/einstein/Documents/serial_ws/install/serial_cpp_pkg/lib/pkgconfig/serial_cpp_pkg.pc'
[9.046s] Level 1:colcon.colcon_core.environment:checking '/home/einstein/Documents/serial_ws/install/serial_cpp_pkg/lib/python3.10/site-packages'
[9.046s] Level 1:colcon.colcon_core.environment:checking '/home/einstein/Documents/serial_ws/install/serial_cpp_pkg/bin'
[9.046s] INFO:colcon.colcon_core.shell:Creating package script '/home/einstein/Documents/serial_ws/install/serial_cpp_pkg/share/serial_cpp_pkg/package.ps1'
[9.047s] INFO:colcon.colcon_core.shell:Creating package descriptor '/home/einstein/Documents/serial_ws/install/serial_cpp_pkg/share/serial_cpp_pkg/package.dsv'
[9.048s] INFO:colcon.colcon_core.shell:Creating package script '/home/einstein/Documents/serial_ws/install/serial_cpp_pkg/share/serial_cpp_pkg/package.sh'
[9.048s] INFO:colcon.colcon_core.shell:Creating package script '/home/einstein/Documents/serial_ws/install/serial_cpp_pkg/share/serial_cpp_pkg/package.bash'
[9.056s] INFO:colcon.colcon_core.shell:Creating package script '/home/einstein/Documents/serial_ws/install/serial_cpp_pkg/share/serial_cpp_pkg/package.zsh'
[9.056s] Level 1:colcon.colcon_core.environment:create_file_with_runtime_dependencies(/home/einstein/Documents/serial_ws/install/serial_cpp_pkg/share/colcon-core/packages/serial_cpp_pkg)
[9.057s] DEBUG:colcon.colcon_parallel_executor.executor.parallel:closing loop
[9.057s] DEBUG:colcon.colcon_parallel_executor.executor.parallel:loop closed
[9.057s] DEBUG:colcon.colcon_parallel_executor.executor.parallel:run_until_complete finished with '0'
[9.057s] DEBUG:colcon.colcon_core.event_reactor:joining thread
[9.061s] INFO:colcon.colcon_core.plugin_system:Skipping extension 'colcon_notification.desktop_notification.terminal_notifier': Not used on non-Darwin systems
[9.061s] INFO:colcon.colcon_core.plugin_system:Skipping extension 'colcon_notification.desktop_notification.win32': Not used on non-Windows systems
[9.061s] INFO:colcon.colcon_notification.desktop_notification:Sending desktop notification using 'notify2'
[9.072s] DEBUG:colcon.colcon_core.event_reactor:joined thread
[9.073s] INFO:colcon.colcon_core.shell:Creating prefix script '/home/einstein/Documents/serial_ws/install/local_setup.ps1'
[9.074s] INFO:colcon.colcon_core.shell:Creating prefix util module '/home/einstein/Documents/serial_ws/install/_local_setup_util_ps1.py'
[9.076s] INFO:colcon.colcon_core.shell:Creating prefix chain script '/home/einstein/Documents/serial_ws/install/setup.ps1'
[9.077s] INFO:colcon.colcon_core.shell:Creating prefix script '/home/einstein/Documents/serial_ws/install/local_setup.sh'
[9.078s] INFO:colcon.colcon_core.shell:Creating prefix util module '/home/einstein/Documents/serial_ws/install/_local_setup_util_sh.py'
[9.078s] INFO:colcon.colcon_core.shell:Creating prefix chain script '/home/einstein/Documents/serial_ws/install/setup.sh'
[9.079s] INFO:colcon.colcon_core.shell:Creating prefix script '/home/einstein/Documents/serial_ws/install/local_setup.bash'
[9.082s] INFO:colcon.colcon_core.shell:Creating prefix chain script '/home/einstein/Documents/serial_ws/install/setup.bash'
[9.083s] INFO:colcon.colcon_core.shell:Creating prefix script '/home/einstein/Documents/serial_ws/install/local_setup.zsh'
[9.084s] INFO:colcon.colcon_core.shell:Creating prefix chain script '/home/einstein/Documents/serial_ws/install/setup.zsh'
