[0.034s] Invoking command in '/home/einstein/Documents/serial_ws/build/serial_cpp_pkg': CMAKE_PREFIX_PATH=${CMAKE_PREFIX_PATH}:/opt/ros/humble /usr/bin/cmake --build /home/einstein/Documents/serial_ws/build/serial_cpp_pkg -- -j8 -l8
[0.231s] [35m[1mConsolidate compiler generated dependencies of target Distance_Calculator[0m
[0.241s] [ 50%] Built target Serial_node_1
[0.241s] [100%] Built target Distance_Calculator
[0.320s] Invoked command in '/home/einstein/Documents/serial_ws/build/serial_cpp_pkg' returned '0': CMAKE_PREFIX_PATH=${CMAKE_PREFIX_PATH}:/opt/ros/humble /usr/bin/cmake --build /home/einstein/Documents/serial_ws/build/serial_cpp_pkg -- -j8 -l8
[0.353s] Invoking command in '/home/einstein/Documents/serial_ws/build/serial_cpp_pkg': CMAKE_PREFIX_PATH=${CMAKE_PREFIX_PATH}:/opt/ros/humble /usr/bin/cmake --install /home/einstein/Documents/serial_ws/build/serial_cpp_pkg
[0.363s] -- Install configuration: ""
[0.366s] -- Execute custom install script
[0.367s] -- Up-to-date symlink: /home/einstein/Documents/serial_ws/install/serial_cpp_pkg/lib/serial_cpp_pkg/Serial_node_1
[0.368s] -- Up-to-date symlink: /home/einstein/Documents/serial_ws/install/serial_cpp_pkg/lib/serial_cpp_pkg/Distance_Calculator
[0.368s] -- Up-to-date symlink: /home/einstein/Documents/serial_ws/install/serial_cpp_pkg/share/ament_index/resource_index/package_run_dependencies/serial_cpp_pkg
[0.368s] -- Up-to-date symlink: /home/einstein/Documents/serial_ws/install/serial_cpp_pkg/share/ament_index/resource_index/parent_prefix_path/serial_cpp_pkg
[0.369s] -- Up-to-date symlink: /home/einstein/Documents/serial_ws/install/serial_cpp_pkg/share/serial_cpp_pkg/environment/ament_prefix_path.sh
[0.369s] -- Up-to-date symlink: /home/einstein/Documents/serial_ws/install/serial_cpp_pkg/share/serial_cpp_pkg/environment/ament_prefix_path.dsv
[0.369s] -- Up-to-date symlink: /home/einstein/Documents/serial_ws/install/serial_cpp_pkg/share/serial_cpp_pkg/environment/path.sh
[0.369s] -- Up-to-date symlink: /home/einstein/Documents/serial_ws/install/serial_cpp_pkg/share/serial_cpp_pkg/environment/path.dsv
[0.370s] -- Up-to-date symlink: /home/einstein/Documents/serial_ws/install/serial_cpp_pkg/share/serial_cpp_pkg/local_setup.bash
[0.370s] -- Up-to-date symlink: /home/einstein/Documents/serial_ws/install/serial_cpp_pkg/share/serial_cpp_pkg/local_setup.sh
[0.370s] -- Up-to-date symlink: /home/einstein/Documents/serial_ws/install/serial_cpp_pkg/share/serial_cpp_pkg/local_setup.zsh
[0.371s] -- Up-to-date symlink: /home/einstein/Documents/serial_ws/install/serial_cpp_pkg/share/serial_cpp_pkg/local_setup.dsv
[0.371s] -- Symlinking: /home/einstein/Documents/serial_ws/install/serial_cpp_pkg/share/serial_cpp_pkg/package.dsv
[0.387s] -- Up-to-date symlink: /home/einstein/Documents/serial_ws/install/serial_cpp_pkg/share/ament_index/resource_index/packages/serial_cpp_pkg
[0.388s] -- Up-to-date symlink: /home/einstein/Documents/serial_ws/install/serial_cpp_pkg/share/serial_cpp_pkg/cmake/serial_cpp_pkgConfig.cmake
[0.388s] -- Up-to-date symlink: /home/einstein/Documents/serial_ws/install/serial_cpp_pkg/share/serial_cpp_pkg/cmake/serial_cpp_pkgConfig-version.cmake
[0.389s] -- Up-to-date symlink: /home/einstein/Documents/serial_ws/install/serial_cpp_pkg/share/serial_cpp_pkg/package.xml
[0.393s] Invoked command in '/home/einstein/Documents/serial_ws/build/serial_cpp_pkg' returned '0': CMAKE_PREFIX_PATH=${CMAKE_PREFIX_PATH}:/opt/ros/humble /usr/bin/cmake --install /home/einstein/Documents/serial_ws/build/serial_cpp_pkg
