[0.008s] Invoking command in '/home/einstein/Documents/serial_ws/src/serial_cpp_pkg/build/serial_cpp_pkg': CMAKE_PREFIX_PATH=${CMAKE_PREFIX_PATH}:/opt/ros/humble /usr/bin/cmake --build /home/einstein/Documents/serial_ws/src/serial_cpp_pkg/build/serial_cpp_pkg -- -j8 -l8
[0.037s] [35m[1mConsolidate compiler generated dependencies of target Serial_node_3[0m
[0.053s] [100%] Built target Serial_node_3
[0.061s] Invoked command in '/home/einstein/Documents/serial_ws/src/serial_cpp_pkg/build/serial_cpp_pkg' returned '0': CMAKE_PREFIX_PATH=${CMAKE_PREFIX_PATH}:/opt/ros/humble /usr/bin/cmake --build /home/einstein/Documents/serial_ws/src/serial_cpp_pkg/build/serial_cpp_pkg -- -j8 -l8
[0.085s] Invoking command in '/home/einstein/Documents/serial_ws/src/serial_cpp_pkg/build/serial_cpp_pkg': CMAKE_PREFIX_PATH=${CMAKE_PREFIX_PATH}:/opt/ros/humble /usr/bin/cmake --install /home/einstein/Documents/serial_ws/src/serial_cpp_pkg/build/serial_cpp_pkg
[0.090s] -- Install configuration: ""
[0.090s] -- Execute custom install script
[0.090s] -- Up-to-date symlink: /home/einstein/Documents/serial_ws/src/serial_cpp_pkg/install/serial_cpp_pkg/lib/serial_cpp_pkg/Serial_node_3
[0.091s] -- Up-to-date symlink: /home/einstein/Documents/serial_ws/src/serial_cpp_pkg/install/serial_cpp_pkg/share/ament_index/resource_index/package_run_dependencies/serial_cpp_pkg
[0.091s] -- Up-to-date symlink: /home/einstein/Documents/serial_ws/src/serial_cpp_pkg/install/serial_cpp_pkg/share/ament_index/resource_index/parent_prefix_path/serial_cpp_pkg
[0.091s] -- Up-to-date symlink: /home/einstein/Documents/serial_ws/src/serial_cpp_pkg/install/serial_cpp_pkg/share/serial_cpp_pkg/environment/ament_prefix_path.sh
[0.091s] -- Up-to-date symlink: /home/einstein/Documents/serial_ws/src/serial_cpp_pkg/install/serial_cpp_pkg/share/serial_cpp_pkg/environment/ament_prefix_path.dsv
[0.091s] -- Up-to-date symlink: /home/einstein/Documents/serial_ws/src/serial_cpp_pkg/install/serial_cpp_pkg/share/serial_cpp_pkg/environment/path.sh
[0.091s] -- Up-to-date symlink: /home/einstein/Documents/serial_ws/src/serial_cpp_pkg/install/serial_cpp_pkg/share/serial_cpp_pkg/environment/path.dsv
[0.091s] -- Up-to-date symlink: /home/einstein/Documents/serial_ws/src/serial_cpp_pkg/install/serial_cpp_pkg/share/serial_cpp_pkg/local_setup.bash
[0.091s] -- Up-to-date symlink: /home/einstein/Documents/serial_ws/src/serial_cpp_pkg/install/serial_cpp_pkg/share/serial_cpp_pkg/local_setup.sh
[0.092s] -- Up-to-date symlink: /home/einstein/Documents/serial_ws/src/serial_cpp_pkg/install/serial_cpp_pkg/share/serial_cpp_pkg/local_setup.zsh
[0.092s] -- Up-to-date symlink: /home/einstein/Documents/serial_ws/src/serial_cpp_pkg/install/serial_cpp_pkg/share/serial_cpp_pkg/local_setup.dsv
[0.092s] -- Symlinking: /home/einstein/Documents/serial_ws/src/serial_cpp_pkg/install/serial_cpp_pkg/share/serial_cpp_pkg/package.dsv
[0.098s] -- Up-to-date symlink: /home/einstein/Documents/serial_ws/src/serial_cpp_pkg/install/serial_cpp_pkg/share/ament_index/resource_index/packages/serial_cpp_pkg
[0.098s] -- Up-to-date symlink: /home/einstein/Documents/serial_ws/src/serial_cpp_pkg/install/serial_cpp_pkg/share/serial_cpp_pkg/cmake/serial_cpp_pkgConfig.cmake
[0.098s] -- Up-to-date symlink: /home/einstein/Documents/serial_ws/src/serial_cpp_pkg/install/serial_cpp_pkg/share/serial_cpp_pkg/cmake/serial_cpp_pkgConfig-version.cmake
[0.099s] -- Up-to-date symlink: /home/einstein/Documents/serial_ws/src/serial_cpp_pkg/install/serial_cpp_pkg/share/serial_cpp_pkg/package.xml
[0.100s] Invoked command in '/home/einstein/Documents/serial_ws/src/serial_cpp_pkg/build/serial_cpp_pkg' returned '0': CMAKE_PREFIX_PATH=${CMAKE_PREFIX_PATH}:/opt/ros/humble /usr/bin/cmake --install /home/einstein/Documents/serial_ws/src/serial_cpp_pkg/build/serial_cpp_pkg
