[1.442s] DEBUG:colcon:Command line arguments: ['/usr/bin/colcon', 'build']
[1.443s] DEBUG:colcon:Parsed command line arguments: Namespace(log_base=None, log_level=None, verb_name='build', build_base='build', install_base='install', merge_install=False, symlink_install=False, test_result_base=None, continue_on_error=False, executor='parallel', parallel_workers=8, event_handlers=None, ignore_user_meta=False, metas=['./colcon.meta'], base_paths=['.'], packages_ignore=None, packages_ignore_regex=None, paths=None, packages_up_to=None, packages_up_to_regex=None, packages_above=None, packages_above_and_dependencies=None, packages_above_depth=None, packages_select_by_dep=None, packages_skip_by_dep=None, packages_skip_up_to=None, packages_select_build_failed=False, packages_skip_build_finished=False, packages_select_test_failures=False, packages_skip_test_passed=False, packages_select=None, packages_skip=None, packages_select_regex=None, packages_skip_regex=None, packages_start=None, packages_end=None, allow_overriding=[], cmake_args=None, cmake_target=None, cmake_target_skip_unavailable=False, cmake_clean_cache=False, cmake_clean_first=False, cmake_force_configure=False, ament_cmake_args=None, catkin_cmake_args=None, catkin_skip_building_tests=False, verb_parser=<colcon_defaults.argument_parser.defaults.DefaultArgumentsDecorator object at 0x7822c6cb06a0>, verb_extension=<colcon_core.verb.build.BuildVerb object at 0x7822c6cb00a0>, main=<bound method BuildVerb.main of <colcon_core.verb.build.BuildVerb object at 0x7822c6cb00a0>>)
[3.042s] Level 1:colcon.colcon_core.package_discovery:discover_packages(colcon_meta) check parameters
[3.042s] Level 1:colcon.colcon_core.package_discovery:discover_packages(recursive) check parameters
[3.043s] Level 1:colcon.colcon_core.package_discovery:discover_packages(ignore) check parameters
[3.043s] Level 1:colcon.colcon_core.package_discovery:discover_packages(path) check parameters
[3.043s] Level 1:colcon.colcon_core.package_discovery:discover_packages(colcon_meta) discover
[3.043s] Level 1:colcon.colcon_core.package_discovery:discover_packages(recursive) discover
[3.043s] INFO:colcon.colcon_core.package_discovery:Crawling recursively for packages in '/home/einstein/Documents/serial_ws'
[3.043s] Level 1:colcon.colcon_core.package_identification:_identify(.) by extensions ['ignore', 'ignore_ament_install']
[3.043s] Level 1:colcon.colcon_core.package_identification:_identify(.) by extension 'ignore'
[3.043s] Level 1:colcon.colcon_core.package_identification:_identify(.) by extension 'ignore_ament_install'
[3.043s] Level 1:colcon.colcon_core.package_identification:_identify(.) by extensions ['colcon_pkg']
[3.044s] Level 1:colcon.colcon_core.package_identification:_identify(.) by extension 'colcon_pkg'
[3.044s] Level 1:colcon.colcon_core.package_identification:_identify(.) by extensions ['colcon_meta']
[3.044s] Level 1:colcon.colcon_core.package_identification:_identify(.) by extension 'colcon_meta'
[3.044s] Level 1:colcon.colcon_core.package_identification:_identify(.) by extensions ['ros']
[3.044s] Level 1:colcon.colcon_core.package_identification:_identify(.) by extension 'ros'
[3.094s] Level 1:colcon.colcon_core.package_identification:_identify(.) by extensions ['cmake', 'python']
[3.094s] Level 1:colcon.colcon_core.package_identification:_identify(.) by extension 'cmake'
[3.094s] Level 1:colcon.colcon_core.package_identification:_identify(.) by extension 'python'
[3.094s] Level 1:colcon.colcon_core.package_identification:_identify(.) by extensions ['python_setup_py']
[3.094s] Level 1:colcon.colcon_core.package_identification:_identify(.) by extension 'python_setup_py'
[3.094s] Level 1:colcon.colcon_core.package_identification:_identify(build) by extensions ['ignore', 'ignore_ament_install']
[3.094s] Level 1:colcon.colcon_core.package_identification:_identify(build) by extension 'ignore'
[3.094s] Level 1:colcon.colcon_core.package_identification:_identify(build) ignored
[3.094s] Level 1:colcon.colcon_core.package_identification:_identify(install) by extensions ['ignore', 'ignore_ament_install']
[3.094s] Level 1:colcon.colcon_core.package_identification:_identify(install) by extension 'ignore'
[3.094s] Level 1:colcon.colcon_core.package_identification:_identify(install) ignored
[3.094s] Level 1:colcon.colcon_core.package_identification:_identify(log) by extensions ['ignore', 'ignore_ament_install']
[3.094s] Level 1:colcon.colcon_core.package_identification:_identify(log) by extension 'ignore'
[3.094s] Level 1:colcon.colcon_core.package_identification:_identify(log) ignored
[3.102s] Level 1:colcon.colcon_core.package_identification:_identify(src) by extensions ['ignore', 'ignore_ament_install']
[3.102s] Level 1:colcon.colcon_core.package_identification:_identify(src) by extension 'ignore'
[3.102s] Level 1:colcon.colcon_core.package_identification:_identify(src) by extension 'ignore_ament_install'
[3.102s] Level 1:colcon.colcon_core.package_identification:_identify(src) by extensions ['colcon_pkg']
[3.102s] Level 1:colcon.colcon_core.package_identification:_identify(src) by extension 'colcon_pkg'
[3.102s] Level 1:colcon.colcon_core.package_identification:_identify(src) by extensions ['colcon_meta']
[3.102s] Level 1:colcon.colcon_core.package_identification:_identify(src) by extension 'colcon_meta'
[3.102s] Level 1:colcon.colcon_core.package_identification:_identify(src) by extensions ['ros']
[3.102s] Level 1:colcon.colcon_core.package_identification:_identify(src) by extension 'ros'
[3.102s] Level 1:colcon.colcon_core.package_identification:_identify(src) by extensions ['cmake', 'python']
[3.102s] Level 1:colcon.colcon_core.package_identification:_identify(src) by extension 'cmake'
[3.102s] Level 1:colcon.colcon_core.package_identification:_identify(src) by extension 'python'
[3.102s] Level 1:colcon.colcon_core.package_identification:_identify(src) by extensions ['python_setup_py']
[3.102s] Level 1:colcon.colcon_core.package_identification:_identify(src) by extension 'python_setup_py'
[3.113s] Level 1:colcon.colcon_core.package_identification:_identify(src/serial_cpp_pkg) by extensions ['ignore', 'ignore_ament_install']
[3.113s] Level 1:colcon.colcon_core.package_identification:_identify(src/serial_cpp_pkg) by extension 'ignore'
[3.113s] Level 1:colcon.colcon_core.package_identification:_identify(src/serial_cpp_pkg) by extension 'ignore_ament_install'
[3.113s] Level 1:colcon.colcon_core.package_identification:_identify(src/serial_cpp_pkg) by extensions ['colcon_pkg']
[3.113s] Level 1:colcon.colcon_core.package_identification:_identify(src/serial_cpp_pkg) by extension 'colcon_pkg'
[3.113s] Level 1:colcon.colcon_core.package_identification:_identify(src/serial_cpp_pkg) by extensions ['colcon_meta']
[3.113s] Level 1:colcon.colcon_core.package_identification:_identify(src/serial_cpp_pkg) by extension 'colcon_meta'
[3.113s] Level 1:colcon.colcon_core.package_identification:_identify(src/serial_cpp_pkg) by extensions ['ros']
[3.113s] Level 1:colcon.colcon_core.package_identification:_identify(src/serial_cpp_pkg) by extension 'ros'
[3.137s] DEBUG:colcon.colcon_core.package_identification:Package 'src/serial_cpp_pkg' with type 'ros.ament_cmake' and name 'serial_cpp_pkg'
[3.148s] Level 1:colcon.colcon_core.package_identification:_identify(src/serial_launch_file) by extensions ['ignore', 'ignore_ament_install']
[3.148s] Level 1:colcon.colcon_core.package_identification:_identify(src/serial_launch_file) by extension 'ignore'
[3.148s] Level 1:colcon.colcon_core.package_identification:_identify(src/serial_launch_file) by extension 'ignore_ament_install'
[3.148s] Level 1:colcon.colcon_core.package_identification:_identify(src/serial_launch_file) by extensions ['colcon_pkg']
[3.148s] Level 1:colcon.colcon_core.package_identification:_identify(src/serial_launch_file) by extension 'colcon_pkg'
[3.148s] Level 1:colcon.colcon_core.package_identification:_identify(src/serial_launch_file) by extensions ['colcon_meta']
[3.148s] Level 1:colcon.colcon_core.package_identification:_identify(src/serial_launch_file) by extension 'colcon_meta'
[3.148s] Level 1:colcon.colcon_core.package_identification:_identify(src/serial_launch_file) by extensions ['ros']
[3.148s] Level 1:colcon.colcon_core.package_identification:_identify(src/serial_launch_file) by extension 'ros'
[3.159s] DEBUG:colcon.colcon_core.package_identification:Package 'src/serial_launch_file' with type 'ros.ament_cmake' and name 'serial_launch_file'
[3.159s] Level 1:colcon.colcon_core.package_discovery:discover_packages(recursive) using defaults
[3.159s] Level 1:colcon.colcon_core.package_discovery:discover_packages(ignore) discover
[3.159s] Level 1:colcon.colcon_core.package_discovery:discover_packages(ignore) using defaults
[3.159s] Level 1:colcon.colcon_core.package_discovery:discover_packages(path) discover
[3.159s] Level 1:colcon.colcon_core.package_discovery:discover_packages(path) using defaults
[3.319s] Level 1:colcon.colcon_core.package_discovery:discover_packages(prefix_path) check parameters
[3.319s] Level 1:colcon.colcon_core.package_discovery:discover_packages(prefix_path) discover
[3.344s] DEBUG:colcon.colcon_installed_package_information.package_discovery:Found 1 installed packages in /home/einstein/Documents/gamepad_ws/install
[3.344s] DEBUG:colcon.colcon_installed_package_information.package_discovery:Found 2 installed packages in /home/einstein/Documents/SLAM_WS/install
[3.345s] DEBUG:colcon.colcon_installed_package_information.package_discovery:Found 2 installed packages in /home/einstein/Documents/serial_ws/install
[3.346s] DEBUG:colcon.colcon_installed_package_information.package_discovery:Found 387 installed packages in /opt/ros/humble
[3.347s] Level 1:colcon.colcon_core.package_discovery:discover_packages(prefix_path) using defaults
[3.465s] Level 5:colcon.colcon_core.verb:set package 'serial_cpp_pkg' build argument 'cmake_args' from command line to 'None'
[3.465s] Level 5:colcon.colcon_core.verb:set package 'serial_cpp_pkg' build argument 'cmake_target' from command line to 'None'
[3.465s] Level 5:colcon.colcon_core.verb:set package 'serial_cpp_pkg' build argument 'cmake_target_skip_unavailable' from command line to 'False'
[3.465s] Level 5:colcon.colcon_core.verb:set package 'serial_cpp_pkg' build argument 'cmake_clean_cache' from command line to 'False'
[3.465s] Level 5:colcon.colcon_core.verb:set package 'serial_cpp_pkg' build argument 'cmake_clean_first' from command line to 'False'
[3.465s] Level 5:colcon.colcon_core.verb:set package 'serial_cpp_pkg' build argument 'cmake_force_configure' from command line to 'False'
[3.465s] Level 5:colcon.colcon_core.verb:set package 'serial_cpp_pkg' build argument 'ament_cmake_args' from command line to 'None'
[3.465s] Level 5:colcon.colcon_core.verb:set package 'serial_cpp_pkg' build argument 'catkin_cmake_args' from command line to 'None'
[3.465s] Level 5:colcon.colcon_core.verb:set package 'serial_cpp_pkg' build argument 'catkin_skip_building_tests' from command line to 'False'
[3.465s] DEBUG:colcon.colcon_core.verb:Building package 'serial_cpp_pkg' with the following arguments: {'ament_cmake_args': None, 'build_base': '/home/einstein/Documents/serial_ws/build/serial_cpp_pkg', 'catkin_cmake_args': None, 'catkin_skip_building_tests': False, 'cmake_args': None, 'cmake_clean_cache': False, 'cmake_clean_first': False, 'cmake_force_configure': False, 'cmake_target': None, 'cmake_target_skip_unavailable': False, 'install_base': '/home/einstein/Documents/serial_ws/install/serial_cpp_pkg', 'merge_install': False, 'path': '/home/einstein/Documents/serial_ws/src/serial_cpp_pkg', 'symlink_install': False, 'test_result_base': None}
[3.465s] Level 5:colcon.colcon_core.verb:set package 'serial_launch_file' build argument 'cmake_args' from command line to 'None'
[3.465s] Level 5:colcon.colcon_core.verb:set package 'serial_launch_file' build argument 'cmake_target' from command line to 'None'
[3.465s] Level 5:colcon.colcon_core.verb:set package 'serial_launch_file' build argument 'cmake_target_skip_unavailable' from command line to 'False'
[3.465s] Level 5:colcon.colcon_core.verb:set package 'serial_launch_file' build argument 'cmake_clean_cache' from command line to 'False'
[3.465s] Level 5:colcon.colcon_core.verb:set package 'serial_launch_file' build argument 'cmake_clean_first' from command line to 'False'
[3.465s] Level 5:colcon.colcon_core.verb:set package 'serial_launch_file' build argument 'cmake_force_configure' from command line to 'False'
[3.465s] Level 5:colcon.colcon_core.verb:set package 'serial_launch_file' build argument 'ament_cmake_args' from command line to 'None'
[3.465s] Level 5:colcon.colcon_core.verb:set package 'serial_launch_file' build argument 'catkin_cmake_args' from command line to 'None'
[3.465s] Level 5:colcon.colcon_core.verb:set package 'serial_launch_file' build argument 'catkin_skip_building_tests' from command line to 'False'
[3.465s] DEBUG:colcon.colcon_core.verb:Building package 'serial_launch_file' with the following arguments: {'ament_cmake_args': None, 'build_base': '/home/einstein/Documents/serial_ws/build/serial_launch_file', 'catkin_cmake_args': None, 'catkin_skip_building_tests': False, 'cmake_args': None, 'cmake_clean_cache': False, 'cmake_clean_first': False, 'cmake_force_configure': False, 'cmake_target': None, 'cmake_target_skip_unavailable': False, 'install_base': '/home/einstein/Documents/serial_ws/install/serial_launch_file', 'merge_install': False, 'path': '/home/einstein/Documents/serial_ws/src/serial_launch_file', 'symlink_install': False, 'test_result_base': None}
[3.465s] INFO:colcon.colcon_core.executor:Executing jobs using 'parallel' executor
[3.466s] DEBUG:colcon.colcon_parallel_executor.executor.parallel:run_until_complete
[3.466s] INFO:colcon.colcon_ros.task.ament_cmake.build:Building ROS package in '/home/einstein/Documents/serial_ws/src/serial_cpp_pkg' with build type 'ament_cmake'
[3.466s] INFO:colcon.colcon_cmake.task.cmake.build:Building CMake package in '/home/einstein/Documents/serial_ws/src/serial_cpp_pkg'
[3.476s] INFO:colcon.colcon_core.plugin_system:Skipping extension 'colcon_core.shell.bat': Not used on non-Windows systems
[3.476s] INFO:colcon.colcon_core.shell:Skip shell extension 'powershell' for command environment: Not usable outside of PowerShell
[3.476s] DEBUG:colcon.colcon_core.shell:Skip shell extension 'dsv' for command environment
[3.489s] INFO:colcon.colcon_ros.task.ament_cmake.build:Building ROS package in '/home/einstein/Documents/serial_ws/src/serial_launch_file' with build type 'ament_cmake'
[3.489s] INFO:colcon.colcon_cmake.task.cmake.build:Building CMake package in '/home/einstein/Documents/serial_ws/src/serial_launch_file'
[3.490s] INFO:colcon.colcon_core.shell:Skip shell extension 'powershell' for command environment: Not usable outside of PowerShell
[3.490s] DEBUG:colcon.colcon_core.shell:Skip shell extension 'dsv' for command environment
[3.520s] DEBUG:colcon.colcon_core.event_handler.log_command:Invoking command in '/home/einstein/Documents/serial_ws/build/serial_cpp_pkg': CMAKE_PREFIX_PATH=${CMAKE_PREFIX_PATH}:/opt/ros/humble /usr/bin/cmake --build /home/einstein/Documents/serial_ws/build/serial_cpp_pkg -- -j8 -l8
[3.552s] DEBUG:colcon.colcon_core.event_handler.log_command:Invoking command in '/home/einstein/Documents/serial_ws/build/serial_launch_file': CMAKE_PREFIX_PATH=${CMAKE_PREFIX_PATH}:/opt/ros/humble /usr/bin/cmake --build /home/einstein/Documents/serial_ws/build/serial_launch_file -- -j8 -l8
[3.828s] DEBUG:colcon.colcon_core.event_handler.log_command:Invoked command in '/home/einstein/Documents/serial_ws/build/serial_launch_file' returned '0': CMAKE_PREFIX_PATH=${CMAKE_PREFIX_PATH}:/opt/ros/humble /usr/bin/cmake --build /home/einstein/Documents/serial_ws/build/serial_launch_file -- -j8 -l8
[3.850s] DEBUG:colcon.colcon_core.event_handler.log_command:Invoking command in '/home/einstein/Documents/serial_ws/build/serial_launch_file': CMAKE_PREFIX_PATH=${CMAKE_PREFIX_PATH}:/opt/ros/humble /usr/bin/cmake --install /home/einstein/Documents/serial_ws/build/serial_launch_file
[3.890s] Level 1:colcon.colcon_core.environment:create_environment_scripts_only(serial_launch_file)
[3.892s] DEBUG:colcon.colcon_core.event_handler.log_command:Invoked command in '/home/einstein/Documents/serial_ws/build/serial_launch_file' returned '0': CMAKE_PREFIX_PATH=${CMAKE_PREFIX_PATH}:/opt/ros/humble /usr/bin/cmake --install /home/einstein/Documents/serial_ws/build/serial_launch_file
[3.932s] Level 1:colcon.colcon_core.environment:checking '/home/einstein/Documents/serial_ws/install/serial_launch_file' for CMake module files
[3.933s] Level 1:colcon.colcon_core.environment:checking '/home/einstein/Documents/serial_ws/install/serial_launch_file' for CMake config files
[3.933s] Level 1:colcon.colcon_core.shell:create_environment_hook('serial_launch_file', 'cmake_prefix_path')
[3.933s] INFO:colcon.colcon_core.shell:Creating environment hook '/home/einstein/Documents/serial_ws/install/serial_launch_file/share/serial_launch_file/hook/cmake_prefix_path.ps1'
[3.934s] INFO:colcon.colcon_core.shell:Creating environment descriptor '/home/einstein/Documents/serial_ws/install/serial_launch_file/share/serial_launch_file/hook/cmake_prefix_path.dsv'
[3.935s] INFO:colcon.colcon_core.shell:Creating environment hook '/home/einstein/Documents/serial_ws/install/serial_launch_file/share/serial_launch_file/hook/cmake_prefix_path.sh'
[3.936s] Level 1:colcon.colcon_core.environment:checking '/home/einstein/Documents/serial_ws/install/serial_launch_file/bin'
[3.936s] Level 1:colcon.colcon_core.environment:checking '/home/einstein/Documents/serial_ws/install/serial_launch_file/lib/pkgconfig/serial_launch_file.pc'
[3.937s] Level 1:colcon.colcon_core.environment:checking '/home/einstein/Documents/serial_ws/install/serial_launch_file/lib/python3.10/site-packages'
[3.937s] Level 1:colcon.colcon_core.environment:checking '/home/einstein/Documents/serial_ws/install/serial_launch_file/bin'
[3.937s] INFO:colcon.colcon_core.shell:Creating package script '/home/einstein/Documents/serial_ws/install/serial_launch_file/share/serial_launch_file/package.ps1'
[3.941s] INFO:colcon.colcon_core.shell:Creating package descriptor '/home/einstein/Documents/serial_ws/install/serial_launch_file/share/serial_launch_file/package.dsv'
[3.942s] INFO:colcon.colcon_core.shell:Creating package script '/home/einstein/Documents/serial_ws/install/serial_launch_file/share/serial_launch_file/package.sh'
[3.947s] INFO:colcon.colcon_core.shell:Creating package script '/home/einstein/Documents/serial_ws/install/serial_launch_file/share/serial_launch_file/package.bash'
[3.948s] INFO:colcon.colcon_core.shell:Creating package script '/home/einstein/Documents/serial_ws/install/serial_launch_file/share/serial_launch_file/package.zsh'
[3.950s] Level 1:colcon.colcon_core.environment:create_file_with_runtime_dependencies(/home/einstein/Documents/serial_ws/install/serial_launch_file/share/colcon-core/packages/serial_launch_file)
[3.963s] Level 1:colcon.colcon_core.environment:create_environment_scripts_only(serial_launch_file)
[3.964s] Level 1:colcon.colcon_core.environment:checking '/home/einstein/Documents/serial_ws/install/serial_launch_file' for CMake module files
[3.964s] Level 1:colcon.colcon_core.environment:checking '/home/einstein/Documents/serial_ws/install/serial_launch_file' for CMake config files
[3.964s] Level 1:colcon.colcon_core.shell:create_environment_hook('serial_launch_file', 'cmake_prefix_path')
[3.964s] INFO:colcon.colcon_core.shell:Creating environment hook '/home/einstein/Documents/serial_ws/install/serial_launch_file/share/serial_launch_file/hook/cmake_prefix_path.ps1'
[3.964s] INFO:colcon.colcon_core.shell:Creating environment descriptor '/home/einstein/Documents/serial_ws/install/serial_launch_file/share/serial_launch_file/hook/cmake_prefix_path.dsv'
[3.965s] INFO:colcon.colcon_core.shell:Creating environment hook '/home/einstein/Documents/serial_ws/install/serial_launch_file/share/serial_launch_file/hook/cmake_prefix_path.sh'
[3.965s] Level 1:colcon.colcon_core.environment:checking '/home/einstein/Documents/serial_ws/install/serial_launch_file/bin'
[3.965s] Level 1:colcon.colcon_core.environment:checking '/home/einstein/Documents/serial_ws/install/serial_launch_file/lib/pkgconfig/serial_launch_file.pc'
[3.965s] Level 1:colcon.colcon_core.environment:checking '/home/einstein/Documents/serial_ws/install/serial_launch_file/lib/python3.10/site-packages'
[3.965s] Level 1:colcon.colcon_core.environment:checking '/home/einstein/Documents/serial_ws/install/serial_launch_file/bin'
[3.966s] INFO:colcon.colcon_core.shell:Creating package script '/home/einstein/Documents/serial_ws/install/serial_launch_file/share/serial_launch_file/package.ps1'
[3.966s] INFO:colcon.colcon_core.shell:Creating package descriptor '/home/einstein/Documents/serial_ws/install/serial_launch_file/share/serial_launch_file/package.dsv'
[3.966s] INFO:colcon.colcon_core.shell:Creating package script '/home/einstein/Documents/serial_ws/install/serial_launch_file/share/serial_launch_file/package.sh'
[3.967s] INFO:colcon.colcon_core.shell:Creating package script '/home/einstein/Documents/serial_ws/install/serial_launch_file/share/serial_launch_file/package.bash'
[3.967s] INFO:colcon.colcon_core.shell:Creating package script '/home/einstein/Documents/serial_ws/install/serial_launch_file/share/serial_launch_file/package.zsh'
[3.967s] Level 1:colcon.colcon_core.environment:create_file_with_runtime_dependencies(/home/einstein/Documents/serial_ws/install/serial_launch_file/share/colcon-core/packages/serial_launch_file)
[17.256s] DEBUG:colcon.colcon_core.event_handler.log_command:Invoked command in '/home/einstein/Documents/serial_ws/build/serial_cpp_pkg' returned '0': CMAKE_PREFIX_PATH=${CMAKE_PREFIX_PATH}:/opt/ros/humble /usr/bin/cmake --build /home/einstein/Documents/serial_ws/build/serial_cpp_pkg -- -j8 -l8
[17.274s] DEBUG:colcon.colcon_core.event_handler.log_command:Invoking command in '/home/einstein/Documents/serial_ws/build/serial_cpp_pkg': CMAKE_PREFIX_PATH=${CMAKE_PREFIX_PATH}:/opt/ros/humble /usr/bin/cmake --install /home/einstein/Documents/serial_ws/build/serial_cpp_pkg
[17.306s] Level 1:colcon.colcon_core.environment:create_environment_scripts_only(serial_cpp_pkg)
[17.306s] Level 1:colcon.colcon_core.environment:checking '/home/einstein/Documents/serial_ws/install/serial_cpp_pkg' for CMake module files
[17.307s] DEBUG:colcon.colcon_core.event_handler.log_command:Invoked command in '/home/einstein/Documents/serial_ws/build/serial_cpp_pkg' returned '0': CMAKE_PREFIX_PATH=${CMAKE_PREFIX_PATH}:/opt/ros/humble /usr/bin/cmake --install /home/einstein/Documents/serial_ws/build/serial_cpp_pkg
[17.307s] Level 1:colcon.colcon_core.environment:checking '/home/einstein/Documents/serial_ws/install/serial_cpp_pkg' for CMake config files
[17.308s] Level 1:colcon.colcon_core.shell:create_environment_hook('serial_cpp_pkg', 'cmake_prefix_path')
[17.308s] INFO:colcon.colcon_core.shell:Creating environment hook '/home/einstein/Documents/serial_ws/install/serial_cpp_pkg/share/serial_cpp_pkg/hook/cmake_prefix_path.ps1'
[17.308s] INFO:colcon.colcon_core.shell:Creating environment descriptor '/home/einstein/Documents/serial_ws/install/serial_cpp_pkg/share/serial_cpp_pkg/hook/cmake_prefix_path.dsv'
[17.308s] INFO:colcon.colcon_core.shell:Creating environment hook '/home/einstein/Documents/serial_ws/install/serial_cpp_pkg/share/serial_cpp_pkg/hook/cmake_prefix_path.sh'
[17.309s] Level 1:colcon.colcon_core.environment:checking '/home/einstein/Documents/serial_ws/install/serial_cpp_pkg/lib'
[17.309s] Level 1:colcon.colcon_core.environment:checking '/home/einstein/Documents/serial_ws/install/serial_cpp_pkg/bin'
[17.309s] Level 1:colcon.colcon_core.environment:checking '/home/einstein/Documents/serial_ws/install/serial_cpp_pkg/lib/pkgconfig/serial_cpp_pkg.pc'
[17.309s] Level 1:colcon.colcon_core.environment:checking '/home/einstein/Documents/serial_ws/install/serial_cpp_pkg/lib/python3.10/site-packages'
[17.309s] Level 1:colcon.colcon_core.environment:checking '/home/einstein/Documents/serial_ws/install/serial_cpp_pkg/bin'
[17.310s] INFO:colcon.colcon_core.shell:Creating package script '/home/einstein/Documents/serial_ws/install/serial_cpp_pkg/share/serial_cpp_pkg/package.ps1'
[17.310s] INFO:colcon.colcon_core.shell:Creating package descriptor '/home/einstein/Documents/serial_ws/install/serial_cpp_pkg/share/serial_cpp_pkg/package.dsv'
[17.310s] INFO:colcon.colcon_core.shell:Creating package script '/home/einstein/Documents/serial_ws/install/serial_cpp_pkg/share/serial_cpp_pkg/package.sh'
[17.310s] INFO:colcon.colcon_core.shell:Creating package script '/home/einstein/Documents/serial_ws/install/serial_cpp_pkg/share/serial_cpp_pkg/package.bash'
[17.311s] INFO:colcon.colcon_core.shell:Creating package script '/home/einstein/Documents/serial_ws/install/serial_cpp_pkg/share/serial_cpp_pkg/package.zsh'
[17.311s] Level 1:colcon.colcon_core.environment:create_file_with_runtime_dependencies(/home/einstein/Documents/serial_ws/install/serial_cpp_pkg/share/colcon-core/packages/serial_cpp_pkg)
[17.329s] Level 1:colcon.colcon_core.environment:create_environment_scripts_only(serial_cpp_pkg)
[17.329s] Level 1:colcon.colcon_core.environment:checking '/home/einstein/Documents/serial_ws/install/serial_cpp_pkg' for CMake module files
[17.330s] Level 1:colcon.colcon_core.environment:checking '/home/einstein/Documents/serial_ws/install/serial_cpp_pkg' for CMake config files
[17.330s] Level 1:colcon.colcon_core.shell:create_environment_hook('serial_cpp_pkg', 'cmake_prefix_path')
[17.330s] INFO:colcon.colcon_core.shell:Creating environment hook '/home/einstein/Documents/serial_ws/install/serial_cpp_pkg/share/serial_cpp_pkg/hook/cmake_prefix_path.ps1'
[17.330s] INFO:colcon.colcon_core.shell:Creating environment descriptor '/home/einstein/Documents/serial_ws/install/serial_cpp_pkg/share/serial_cpp_pkg/hook/cmake_prefix_path.dsv'
[17.330s] INFO:colcon.colcon_core.shell:Creating environment hook '/home/einstein/Documents/serial_ws/install/serial_cpp_pkg/share/serial_cpp_pkg/hook/cmake_prefix_path.sh'
[17.331s] Level 1:colcon.colcon_core.environment:checking '/home/einstein/Documents/serial_ws/install/serial_cpp_pkg/lib'
[17.331s] Level 1:colcon.colcon_core.environment:checking '/home/einstein/Documents/serial_ws/install/serial_cpp_pkg/bin'
[17.331s] Level 1:colcon.colcon_core.environment:checking '/home/einstein/Documents/serial_ws/install/serial_cpp_pkg/lib/pkgconfig/serial_cpp_pkg.pc'
[17.331s] Level 1:colcon.colcon_core.environment:checking '/home/einstein/Documents/serial_ws/install/serial_cpp_pkg/lib/python3.10/site-packages'
[17.331s] Level 1:colcon.colcon_core.environment:checking '/home/einstein/Documents/serial_ws/install/serial_cpp_pkg/bin'
[17.331s] INFO:colcon.colcon_core.shell:Creating package script '/home/einstein/Documents/serial_ws/install/serial_cpp_pkg/share/serial_cpp_pkg/package.ps1'
[17.332s] INFO:colcon.colcon_core.shell:Creating package descriptor '/home/einstein/Documents/serial_ws/install/serial_cpp_pkg/share/serial_cpp_pkg/package.dsv'
[17.332s] INFO:colcon.colcon_core.shell:Creating package script '/home/einstein/Documents/serial_ws/install/serial_cpp_pkg/share/serial_cpp_pkg/package.sh'
[17.332s] INFO:colcon.colcon_core.shell:Creating package script '/home/einstein/Documents/serial_ws/install/serial_cpp_pkg/share/serial_cpp_pkg/package.bash'
[17.332s] INFO:colcon.colcon_core.shell:Creating package script '/home/einstein/Documents/serial_ws/install/serial_cpp_pkg/share/serial_cpp_pkg/package.zsh'
[17.333s] Level 1:colcon.colcon_core.environment:create_file_with_runtime_dependencies(/home/einstein/Documents/serial_ws/install/serial_cpp_pkg/share/colcon-core/packages/serial_cpp_pkg)
[17.333s] DEBUG:colcon.colcon_parallel_executor.executor.parallel:closing loop
[17.333s] DEBUG:colcon.colcon_parallel_executor.executor.parallel:loop closed
[17.333s] DEBUG:colcon.colcon_parallel_executor.executor.parallel:run_until_complete finished with '0'
[17.333s] DEBUG:colcon.colcon_core.event_reactor:joining thread
[17.339s] INFO:colcon.colcon_core.plugin_system:Skipping extension 'colcon_notification.desktop_notification.terminal_notifier': Not used on non-Darwin systems
[17.340s] INFO:colcon.colcon_core.plugin_system:Skipping extension 'colcon_notification.desktop_notification.win32': Not used on non-Windows systems
[17.340s] INFO:colcon.colcon_notification.desktop_notification:Sending desktop notification using 'notify2'
[17.357s] DEBUG:colcon.colcon_core.event_reactor:joined thread
[17.357s] INFO:colcon.colcon_core.shell:Creating prefix script '/home/einstein/Documents/serial_ws/install/local_setup.ps1'
[17.358s] INFO:colcon.colcon_core.shell:Creating prefix util module '/home/einstein/Documents/serial_ws/install/_local_setup_util_ps1.py'
[17.360s] INFO:colcon.colcon_core.shell:Creating prefix chain script '/home/einstein/Documents/serial_ws/install/setup.ps1'
[17.362s] INFO:colcon.colcon_core.shell:Creating prefix script '/home/einstein/Documents/serial_ws/install/local_setup.sh'
[17.363s] INFO:colcon.colcon_core.shell:Creating prefix util module '/home/einstein/Documents/serial_ws/install/_local_setup_util_sh.py'
[17.364s] INFO:colcon.colcon_core.shell:Creating prefix chain script '/home/einstein/Documents/serial_ws/install/setup.sh'
[17.368s] INFO:colcon.colcon_core.shell:Creating prefix script '/home/einstein/Documents/serial_ws/install/local_setup.bash'
[17.372s] INFO:colcon.colcon_core.shell:Creating prefix chain script '/home/einstein/Documents/serial_ws/install/setup.bash'
[17.374s] INFO:colcon.colcon_core.shell:Creating prefix script '/home/einstein/Documents/serial_ws/install/local_setup.zsh'
[17.375s] INFO:colcon.colcon_core.shell:Creating prefix chain script '/home/einstein/Documents/serial_ws/install/setup.zsh'
