[0.008s] Invoking command in '/home/einstein/Documents/serial_ws/src/serial_cpp_pkg/build/serial_cpp_pkg': CMAKE_PREFIX_PATH=${CMAKE_PREFIX_PATH}:/opt/ros/humble /usr/bin/cmake /home/einstein/Documents/serial_ws/src/serial_cpp_pkg -DAMENT_CMAKE_SYMLINK_INSTALL=1 -DCMAKE_INSTALL_PREFIX=/home/einstein/Documents/serial_ws/src/serial_cpp_pkg/install/serial_cpp_pkg
[0.329s] -- The C compiler identification is GNU 11.4.0
[0.467s] -- The CXX compiler identification is GNU 11.4.0
[0.481s] -- Detecting C compiler ABI info
[0.587s] -- Detecting C compiler ABI info - done
[0.592s] -- Check for working C compiler: /usr/bin/cc - skipped
[0.598s] -- Detecting C compile features
[0.599s] -- Detecting C compile features - done
[0.612s] -- Detecting CXX compiler ABI info
[0.692s] -- Detecting CXX compiler ABI info - done
[0.698s] -- Check for working CXX compiler: /usr/bin/c++ - skipped
[0.698s] -- Detecting CXX compile features
[0.698s] -- Detecting CXX compile features - done
[0.710s] -- Found ament_cmake: 1.3.10 (/opt/ros/humble/share/ament_cmake/cmake)
[0.844s] -- Found Python3: /usr/bin/python3 (found version "3.10.12") found components: Interpreter 
[0.890s] -- Override CMake install command with custom implementation using symlinks instead of copying resources
[0.940s] -- Found rclcpp: 16.0.10 (/opt/ros/humble/share/rclcpp/cmake)
[0.975s] -- Found rosidl_generator_c: 3.1.5 (/opt/ros/humble/share/rosidl_generator_c/cmake)
[0.978s] -- Found rosidl_adapter: 3.1.5 (/opt/ros/humble/share/rosidl_adapter/cmake)
[0.985s] -- Found rosidl_generator_cpp: 3.1.5 (/opt/ros/humble/share/rosidl_generator_cpp/cmake)
[1.005s] -- Using all available rosidl_typesupport_c: rosidl_typesupport_fastrtps_c;rosidl_typesupport_introspection_c
[1.027s] -- Using all available rosidl_typesupport_cpp: rosidl_typesupport_fastrtps_cpp;rosidl_typesupport_introspection_cpp
[1.069s] -- Found rmw_implementation_cmake: 6.1.2 (/opt/ros/humble/share/rmw_implementation_cmake/cmake)
[1.070s] -- Found rmw_fastrtps_cpp: 6.2.7 (/opt/ros/humble/share/rmw_fastrtps_cpp/cmake)
[1.167s] -- Found OpenSSL: /usr/lib/x86_64-linux-gnu/libcrypto.so (found version "3.0.2")  
[1.185s] -- Found FastRTPS: /opt/ros/humble/include  
[1.214s] -- Using RMW implementation 'rmw_fastrtps_cpp' as default
[1.230s] -- Looking for pthread.h
[1.327s] -- Looking for pthread.h - found
[1.328s] -- Performing Test CMAKE_HAVE_LIBC_PTHREAD
[1.440s] -- Performing Test CMAKE_HAVE_LIBC_PTHREAD - Success
[1.441s] -- Found Threads: TRUE  
[1.483s] -- Found example_interfaces: 0.9.3 (/opt/ros/humble/share/example_interfaces/cmake)
[1.512s] -- Found geometry_msgs: 4.2.4 (/opt/ros/humble/share/geometry_msgs/cmake)
[1.525s] -- Found PkgConfig: /usr/bin/pkg-config (found version "0.29.2") 
[1.526s] -- Checking for module 'libserial'
[1.548s] --   Found libserial, version 1.0.0
[1.623s] -- Configuring done
[1.630s] -- Generating done
[1.632s] -- Build files have been written to: /home/einstein/Documents/serial_ws/src/serial_cpp_pkg/build/serial_cpp_pkg
[1.639s] Invoked command in '/home/einstein/Documents/serial_ws/src/serial_cpp_pkg/build/serial_cpp_pkg' returned '0': CMAKE_PREFIX_PATH=${CMAKE_PREFIX_PATH}:/opt/ros/humble /usr/bin/cmake /home/einstein/Documents/serial_ws/src/serial_cpp_pkg -DAMENT_CMAKE_SYMLINK_INSTALL=1 -DCMAKE_INSTALL_PREFIX=/home/einstein/Documents/serial_ws/src/serial_cpp_pkg/install/serial_cpp_pkg
[1.641s] Invoking command in '/home/einstein/Documents/serial_ws/src/serial_cpp_pkg/build/serial_cpp_pkg': CMAKE_PREFIX_PATH=${CMAKE_PREFIX_PATH}:/opt/ros/humble /usr/bin/cmake --build /home/einstein/Documents/serial_ws/src/serial_cpp_pkg/build/serial_cpp_pkg -- -j8 -l8
[1.680s] [ 50%] [32mBuilding CXX object CMakeFiles/Serial_node_3.dir/src/serial_node.cpp.o[0m
[8.452s] [100%] [32m[1mLinking CXX executable Serial_node_3[0m
[8.772s] [100%] Built target Serial_node_3
[8.786s] Invoked command in '/home/einstein/Documents/serial_ws/src/serial_cpp_pkg/build/serial_cpp_pkg' returned '0': CMAKE_PREFIX_PATH=${CMAKE_PREFIX_PATH}:/opt/ros/humble /usr/bin/cmake --build /home/einstein/Documents/serial_ws/src/serial_cpp_pkg/build/serial_cpp_pkg -- -j8 -l8
[8.814s] Invoking command in '/home/einstein/Documents/serial_ws/src/serial_cpp_pkg/build/serial_cpp_pkg': CMAKE_PREFIX_PATH=${CMAKE_PREFIX_PATH}:/opt/ros/humble /usr/bin/cmake --install /home/einstein/Documents/serial_ws/src/serial_cpp_pkg/build/serial_cpp_pkg
[8.819s] -- Install configuration: ""
[8.819s] -- Execute custom install script
[8.820s] -- Symlinking: /home/einstein/Documents/serial_ws/src/serial_cpp_pkg/install/serial_cpp_pkg/lib/serial_cpp_pkg/Serial_node_3
[8.828s] -- Symlinking: /home/einstein/Documents/serial_ws/src/serial_cpp_pkg/install/serial_cpp_pkg/share/ament_index/resource_index/package_run_dependencies/serial_cpp_pkg
[8.837s] -- Symlinking: /home/einstein/Documents/serial_ws/src/serial_cpp_pkg/install/serial_cpp_pkg/share/ament_index/resource_index/parent_prefix_path/serial_cpp_pkg
[8.845s] -- Symlinking: /home/einstein/Documents/serial_ws/src/serial_cpp_pkg/install/serial_cpp_pkg/share/serial_cpp_pkg/environment/ament_prefix_path.sh
[8.852s] -- Symlinking: /home/einstein/Documents/serial_ws/src/serial_cpp_pkg/install/serial_cpp_pkg/share/serial_cpp_pkg/environment/ament_prefix_path.dsv
[8.862s] -- Symlinking: /home/einstein/Documents/serial_ws/src/serial_cpp_pkg/install/serial_cpp_pkg/share/serial_cpp_pkg/environment/path.sh
[8.869s] -- Symlinking: /home/einstein/Documents/serial_ws/src/serial_cpp_pkg/install/serial_cpp_pkg/share/serial_cpp_pkg/environment/path.dsv
[8.876s] -- Symlinking: /home/einstein/Documents/serial_ws/src/serial_cpp_pkg/install/serial_cpp_pkg/share/serial_cpp_pkg/local_setup.bash
[8.883s] -- Symlinking: /home/einstein/Documents/serial_ws/src/serial_cpp_pkg/install/serial_cpp_pkg/share/serial_cpp_pkg/local_setup.sh
[8.889s] -- Symlinking: /home/einstein/Documents/serial_ws/src/serial_cpp_pkg/install/serial_cpp_pkg/share/serial_cpp_pkg/local_setup.zsh
[8.897s] -- Symlinking: /home/einstein/Documents/serial_ws/src/serial_cpp_pkg/install/serial_cpp_pkg/share/serial_cpp_pkg/local_setup.dsv
[8.905s] -- Symlinking: /home/einstein/Documents/serial_ws/src/serial_cpp_pkg/install/serial_cpp_pkg/share/serial_cpp_pkg/package.dsv
[8.912s] -- Symlinking: /home/einstein/Documents/serial_ws/src/serial_cpp_pkg/install/serial_cpp_pkg/share/ament_index/resource_index/packages/serial_cpp_pkg
[8.919s] -- Symlinking: /home/einstein/Documents/serial_ws/src/serial_cpp_pkg/install/serial_cpp_pkg/share/serial_cpp_pkg/cmake/serial_cpp_pkgConfig.cmake
[8.925s] -- Symlinking: /home/einstein/Documents/serial_ws/src/serial_cpp_pkg/install/serial_cpp_pkg/share/serial_cpp_pkg/cmake/serial_cpp_pkgConfig-version.cmake
[8.933s] -- Symlinking: /home/einstein/Documents/serial_ws/src/serial_cpp_pkg/install/serial_cpp_pkg/share/serial_cpp_pkg/package.xml
[8.942s] Invoked command in '/home/einstein/Documents/serial_ws/src/serial_cpp_pkg/build/serial_cpp_pkg' returned '0': CMAKE_PREFIX_PATH=${CMAKE_PREFIX_PATH}:/opt/ros/humble /usr/bin/cmake --install /home/einstein/Documents/serial_ws/src/serial_cpp_pkg/build/serial_cpp_pkg
