[0.015s] Invoking command in '/home/einstein/Documents/serial_ws/build/odometry_estimator': CMAKE_PREFIX_PATH=${CMAKE_PREFIX_PATH}:/opt/ros/humble /usr/bin/cmake /home/einstein/Documents/serial_ws/src/ros2_odometry_estimation -DCMAKE_INSTALL_PREFIX=/home/einstein/Documents/serial_ws/install/odometry_estimator
[0.321s] -- The C compiler identification is GNU 11.4.0
[0.419s] -- The CXX compiler identification is GNU 11.4.0
[0.448s] -- Detecting C compiler ABI info
[0.550s] -- Detecting C compiler ABI info - done
[0.560s] -- Check for working C compiler: /usr/bin/cc - skipped
[0.571s] -- Detecting C compile features
[0.572s] -- Detecting C compile features - done
[0.585s] -- Detecting CXX compiler ABI info
[0.655s] -- Detecting CXX compiler ABI info - done
[0.660s] -- Check for working CXX compiler: /usr/bin/c++ - skipped
[0.661s] -- Detecting CXX compile features
[0.661s] -- Detecting CXX compile features - done
[0.677s] -- Found ament_cmake: 1.3.10 (/opt/ros/humble/share/ament_cmake/cmake)
[0.802s] -- Found Python3: /usr/bin/python3 (found version "3.10.12") found components: Interpreter 
[0.891s] -- Found rclcpp: 16.0.10 (/opt/ros/humble/share/rclcpp/cmake)
[0.946s] -- Found rosidl_generator_c: 3.1.5 (/opt/ros/humble/share/rosidl_generator_c/cmake)
[0.960s] -- Found rosidl_adapter: 3.1.5 (/opt/ros/humble/share/rosidl_adapter/cmake)
[0.967s] -- Found rosidl_generator_cpp: 3.1.5 (/opt/ros/humble/share/rosidl_generator_cpp/cmake)
[0.987s] -- Using all available rosidl_typesupport_c: rosidl_typesupport_fastrtps_c;rosidl_typesupport_introspection_c
[1.011s] -- Using all available rosidl_typesupport_cpp: rosidl_typesupport_fastrtps_cpp;rosidl_typesupport_introspection_cpp
[1.056s] -- Found rmw_implementation_cmake: 6.1.2 (/opt/ros/humble/share/rmw_implementation_cmake/cmake)
[1.059s] -- Found rmw_fastrtps_cpp: 6.2.7 (/opt/ros/humble/share/rmw_fastrtps_cpp/cmake)
[1.159s] -- Found OpenSSL: /usr/lib/x86_64-linux-gnu/libcrypto.so (found version "3.0.2")  
[1.190s] -- Found FastRTPS: /opt/ros/humble/include  
[1.222s] -- Using RMW implementation 'rmw_fastrtps_cpp' as default
[1.240s] -- Looking for pthread.h
[1.314s] -- Looking for pthread.h - found
[1.314s] -- Performing Test CMAKE_HAVE_LIBC_PTHREAD
[1.381s] -- Performing Test CMAKE_HAVE_LIBC_PTHREAD - Success
[1.382s] -- Found Threads: TRUE  
[1.422s] -- Found nav_msgs: 4.2.4 (/opt/ros/humble/share/nav_msgs/cmake)
[1.457s] -- Found tf2_geometry_msgs: 0.25.7 (/opt/ros/humble/share/tf2_geometry_msgs/cmake)
[1.535s] -- Found eigen3_cmake_module: 0.1.1 (/opt/ros/humble/share/eigen3_cmake_module/cmake)
[1.537s] -- Found Eigen3: TRUE (found version "3.4.0") 
[1.537s] -- Ensuring Eigen3 include directory is part of orocos-kdl CMake target
[1.649s] -- Found ament_cmake_gtest: 1.3.10 (/opt/ros/humble/share/ament_cmake_gtest/cmake)
[1.678s] -- Found gtest sources under '/opt/ros/humble/src/gtest_vendor': C++ tests using 'Google Test' will be built
[1.739s] -- Configuring done
[1.763s] -- Generating done
[1.765s] -- Build files have been written to: /home/einstein/Documents/serial_ws/build/odometry_estimator
[1.773s] Invoked command in '/home/einstein/Documents/serial_ws/build/odometry_estimator' returned '0': CMAKE_PREFIX_PATH=${CMAKE_PREFIX_PATH}:/opt/ros/humble /usr/bin/cmake /home/einstein/Documents/serial_ws/src/ros2_odometry_estimation -DCMAKE_INSTALL_PREFIX=/home/einstein/Documents/serial_ws/install/odometry_estimator
[1.774s] Invoking command in '/home/einstein/Documents/serial_ws/build/odometry_estimator': CMAKE_PREFIX_PATH=${CMAKE_PREFIX_PATH}:/opt/ros/humble /usr/bin/cmake --build /home/einstein/Documents/serial_ws/build/odometry_estimator -- -j8 -l8
[1.810s] [ 20%] [32mBuilding CXX object gtest/CMakeFiles/gtest.dir/src/gtest-all.cc.o[0m
[1.811s] [ 20%] [32mBuilding CXX object gtest/CMakeFiles/gtest_main.dir/src/gtest_main.cc.o[0m
[1.811s] [ 30%] [32mBuilding CXX object CMakeFiles/vehicle_models.dir/src/vehicle_models/vehicle_models.cpp.o[0m
[2.028s] [ 40%] [32m[1mLinking CXX static library libvehicle_models.a[0m
[2.077s] [ 40%] Built target vehicle_models
[2.092s] [ 50%] [32mBuilding CXX object CMakeFiles/odometry_estimator.dir/src/node/odometry_estimation_node.cpp.o[0m
[2.585s] [ 60%] [32m[1mLinking CXX static library libgtest_main.a[0m
[2.619s] [ 60%] Built target gtest_main
[4.643s] [ 70%] [32m[1mLinking CXX static library libgtest.a[0m
[4.734s] [ 70%] Built target gtest
[4.749s] [ 80%] [32mBuilding CXX object test/CMakeFiles/vehicle_models_test.dir/vehicle_models_test.cpp.o[0m
[5.375s] [ 90%] [32m[1mLinking CXX executable vehicle_models_test[0m
[5.507s] [ 90%] Built target vehicle_models_test
[9.483s] [100%] [32m[1mLinking CXX executable odometry_estimator[0m
[10.247s] [100%] Built target odometry_estimator
[10.260s] Invoked command in '/home/einstein/Documents/serial_ws/build/odometry_estimator' returned '0': CMAKE_PREFIX_PATH=${CMAKE_PREFIX_PATH}:/opt/ros/humble /usr/bin/cmake --build /home/einstein/Documents/serial_ws/build/odometry_estimator -- -j8 -l8
[10.281s] Invoking command in '/home/einstein/Documents/serial_ws/build/odometry_estimator': CMAKE_PREFIX_PATH=${CMAKE_PREFIX_PATH}:/opt/ros/humble /usr/bin/cmake --install /home/einstein/Documents/serial_ws/build/odometry_estimator
[10.286s] -- Install configuration: ""
[10.286s] -- Installing: /home/einstein/Documents/serial_ws/install/odometry_estimator/lib/odometry_estimator/odometry_estimator
[10.288s] -- Set runtime path of "/home/einstein/Documents/serial_ws/install/odometry_estimator/lib/odometry_estimator/odometry_estimator" to ""
[10.288s] -- Installing: /home/einstein/Documents/serial_ws/install/odometry_estimator/share/ament_index/resource_index/package_run_dependencies/odometry_estimator
[10.288s] -- Installing: /home/einstein/Documents/serial_ws/install/odometry_estimator/share/ament_index/resource_index/parent_prefix_path/odometry_estimator
[10.288s] -- Installing: /home/einstein/Documents/serial_ws/install/odometry_estimator/share/odometry_estimator/environment/ament_prefix_path.sh
[10.288s] -- Installing: /home/einstein/Documents/serial_ws/install/odometry_estimator/share/odometry_estimator/environment/ament_prefix_path.dsv
[10.288s] -- Installing: /home/einstein/Documents/serial_ws/install/odometry_estimator/share/odometry_estimator/environment/path.sh
[10.288s] -- Installing: /home/einstein/Documents/serial_ws/install/odometry_estimator/share/odometry_estimator/environment/path.dsv
[10.289s] -- Installing: /home/einstein/Documents/serial_ws/install/odometry_estimator/share/odometry_estimator/local_setup.bash
[10.289s] -- Installing: /home/einstein/Documents/serial_ws/install/odometry_estimator/share/odometry_estimator/local_setup.sh
[10.289s] -- Installing: /home/einstein/Documents/serial_ws/install/odometry_estimator/share/odometry_estimator/local_setup.zsh
[10.289s] -- Installing: /home/einstein/Documents/serial_ws/install/odometry_estimator/share/odometry_estimator/local_setup.dsv
[10.289s] -- Installing: /home/einstein/Documents/serial_ws/install/odometry_estimator/share/odometry_estimator/package.dsv
[10.289s] -- Installing: /home/einstein/Documents/serial_ws/install/odometry_estimator/share/ament_index/resource_index/packages/odometry_estimator
[10.289s] -- Installing: /home/einstein/Documents/serial_ws/install/odometry_estimator/share/odometry_estimator/cmake/odometry_estimatorConfig.cmake
[10.289s] -- Installing: /home/einstein/Documents/serial_ws/install/odometry_estimator/share/odometry_estimator/cmake/odometry_estimatorConfig-version.cmake
[10.289s] -- Installing: /home/einstein/Documents/serial_ws/install/odometry_estimator/share/odometry_estimator/package.xml
[10.291s] Invoked command in '/home/einstein/Documents/serial_ws/build/odometry_estimator' returned '0': CMAKE_PREFIX_PATH=${CMAKE_PREFIX_PATH}:/opt/ros/humble /usr/bin/cmake --install /home/einstein/Documents/serial_ws/build/odometry_estimator
