[0.018s] Invoking command in '/home/einstein/Documents/serial_ws/build/serial_cpp_pkg': CMAKE_PREFIX_PATH=${CMAKE_PREFIX_PATH}:/opt/ros/humble /usr/bin/cmake --build /home/einstein/Documents/serial_ws/build/serial_cpp_pkg -- -j8 -l8
[0.090s] [35m[1mConsolidate compiler generated dependencies of target Serial_node_3[0m
[0.118s] [ 50%] [32mBuilding CXX object CMakeFiles/Serial_node_3.dir/src/serial_node.cpp.o[0m
[8.246s] [100%] [32m[1mLinking CXX executable Serial_node_3[0m
[8.632s] [100%] Built target Serial_node_3
[8.643s] Invoked command in '/home/einstein/Documents/serial_ws/build/serial_cpp_pkg' returned '0': CMAKE_PREFIX_PATH=${CMAKE_PREFIX_PATH}:/opt/ros/humble /usr/bin/cmake --build /home/einstein/Documents/serial_ws/build/serial_cpp_pkg -- -j8 -l8
[8.663s] Invoking command in '/home/einstein/Documents/serial_ws/build/serial_cpp_pkg': CMAKE_PREFIX_PATH=${CMAKE_PREFIX_PATH}:/opt/ros/humble /usr/bin/cmake --install /home/einstein/Documents/serial_ws/build/serial_cpp_pkg
[8.669s] -- Install configuration: ""
[8.669s] -- Execute custom install script
[8.669s] -- Up-to-date symlink: /home/einstein/Documents/serial_ws/install/serial_cpp_pkg/lib/serial_cpp_pkg/Serial_node_3
[8.669s] -- Up-to-date symlink: /home/einstein/Documents/serial_ws/install/serial_cpp_pkg/share/ament_index/resource_index/package_run_dependencies/serial_cpp_pkg
[8.670s] -- Up-to-date symlink: /home/einstein/Documents/serial_ws/install/serial_cpp_pkg/share/ament_index/resource_index/parent_prefix_path/serial_cpp_pkg
[8.670s] -- Up-to-date symlink: /home/einstein/Documents/serial_ws/install/serial_cpp_pkg/share/serial_cpp_pkg/environment/ament_prefix_path.sh
[8.670s] -- Up-to-date symlink: /home/einstein/Documents/serial_ws/install/serial_cpp_pkg/share/serial_cpp_pkg/environment/ament_prefix_path.dsv
[8.670s] -- Up-to-date symlink: /home/einstein/Documents/serial_ws/install/serial_cpp_pkg/share/serial_cpp_pkg/environment/path.sh
[8.670s] -- Up-to-date symlink: /home/einstein/Documents/serial_ws/install/serial_cpp_pkg/share/serial_cpp_pkg/environment/path.dsv
[8.670s] -- Up-to-date symlink: /home/einstein/Documents/serial_ws/install/serial_cpp_pkg/share/serial_cpp_pkg/local_setup.bash
[8.670s] -- Up-to-date symlink: /home/einstein/Documents/serial_ws/install/serial_cpp_pkg/share/serial_cpp_pkg/local_setup.sh
[8.671s] -- Up-to-date symlink: /home/einstein/Documents/serial_ws/install/serial_cpp_pkg/share/serial_cpp_pkg/local_setup.zsh
[8.671s] -- Up-to-date symlink: /home/einstein/Documents/serial_ws/install/serial_cpp_pkg/share/serial_cpp_pkg/local_setup.dsv
[8.671s] -- Symlinking: /home/einstein/Documents/serial_ws/install/serial_cpp_pkg/share/serial_cpp_pkg/package.dsv
[8.678s] -- Up-to-date symlink: /home/einstein/Documents/serial_ws/install/serial_cpp_pkg/share/ament_index/resource_index/packages/serial_cpp_pkg
[8.678s] -- Up-to-date symlink: /home/einstein/Documents/serial_ws/install/serial_cpp_pkg/share/serial_cpp_pkg/cmake/serial_cpp_pkgConfig.cmake
[8.678s] -- Up-to-date symlink: /home/einstein/Documents/serial_ws/install/serial_cpp_pkg/share/serial_cpp_pkg/cmake/serial_cpp_pkgConfig-version.cmake
[8.678s] -- Up-to-date symlink: /home/einstein/Documents/serial_ws/install/serial_cpp_pkg/share/serial_cpp_pkg/package.xml
[8.680s] Invoked command in '/home/einstein/Documents/serial_ws/build/serial_cpp_pkg' returned '0': CMAKE_PREFIX_PATH=${CMAKE_PREFIX_PATH}:/opt/ros/humble /usr/bin/cmake --install /home/einstein/Documents/serial_ws/build/serial_cpp_pkg
