[2.945s] DEBUG:colcon:Command line arguments: ['/usr/bin/colcon', 'build']
[2.945s] DEBUG:colcon:Parsed command line arguments: Namespace(log_base=None, log_level=None, verb_name='build', build_base='build', install_base='install', merge_install=False, symlink_install=False, test_result_base=None, continue_on_error=False, executor='parallel', parallel_workers=8, event_handlers=None, ignore_user_meta=False, metas=['./colcon.meta'], base_paths=['.'], packages_ignore=None, packages_ignore_regex=None, paths=None, packages_up_to=None, packages_up_to_regex=None, packages_above=None, packages_above_and_dependencies=None, packages_above_depth=None, packages_select_by_dep=None, packages_skip_by_dep=None, packages_skip_up_to=None, packages_select_build_failed=False, packages_skip_build_finished=False, packages_select_test_failures=False, packages_skip_test_passed=False, packages_select=None, packages_skip=None, packages_select_regex=None, packages_skip_regex=None, packages_start=None, packages_end=None, allow_overriding=[], cmake_args=None, cmake_target=None, cmake_target_skip_unavailable=False, cmake_clean_cache=False, cmake_clean_first=False, cmake_force_configure=False, ament_cmake_args=None, catkin_cmake_args=None, catkin_skip_building_tests=False, verb_parser=<colcon_defaults.argument_parser.defaults.DefaultArgumentsDecorator object at 0x754be6424640>, verb_extension=<colcon_core.verb.build.BuildVerb object at 0x754be6424040>, main=<bound method BuildVerb.main of <colcon_core.verb.build.BuildVerb object at 0x754be6424040>>)
[5.003s] Level 1:colcon.colcon_core.package_discovery:discover_packages(colcon_meta) check parameters
[5.003s] Level 1:colcon.colcon_core.package_discovery:discover_packages(recursive) check parameters
[5.003s] Level 1:colcon.colcon_core.package_discovery:discover_packages(ignore) check parameters
[5.003s] Level 1:colcon.colcon_core.package_discovery:discover_packages(path) check parameters
[5.003s] Level 1:colcon.colcon_core.package_discovery:discover_packages(colcon_meta) discover
[5.004s] Level 1:colcon.colcon_core.package_discovery:discover_packages(recursive) discover
[5.004s] INFO:colcon.colcon_core.package_discovery:Crawling recursively for packages in '/home/einstein/Documents/serial_ws'
[5.004s] Level 1:colcon.colcon_core.package_identification:_identify(.) by extensions ['ignore', 'ignore_ament_install']
[5.004s] Level 1:colcon.colcon_core.package_identification:_identify(.) by extension 'ignore'
[5.005s] Level 1:colcon.colcon_core.package_identification:_identify(.) by extension 'ignore_ament_install'
[5.005s] Level 1:colcon.colcon_core.package_identification:_identify(.) by extensions ['colcon_pkg']
[5.005s] Level 1:colcon.colcon_core.package_identification:_identify(.) by extension 'colcon_pkg'
[5.005s] Level 1:colcon.colcon_core.package_identification:_identify(.) by extensions ['colcon_meta']
[5.005s] Level 1:colcon.colcon_core.package_identification:_identify(.) by extension 'colcon_meta'
[5.005s] Level 1:colcon.colcon_core.package_identification:_identify(.) by extensions ['ros']
[5.005s] Level 1:colcon.colcon_core.package_identification:_identify(.) by extension 'ros'
[5.085s] Level 1:colcon.colcon_core.package_identification:_identify(.) by extensions ['cmake', 'python']
[5.085s] Level 1:colcon.colcon_core.package_identification:_identify(.) by extension 'cmake'
[5.085s] Level 1:colcon.colcon_core.package_identification:_identify(.) by extension 'python'
[5.086s] Level 1:colcon.colcon_core.package_identification:_identify(.) by extensions ['python_setup_py']
[5.086s] Level 1:colcon.colcon_core.package_identification:_identify(.) by extension 'python_setup_py'
[5.086s] Level 1:colcon.colcon_core.package_identification:_identify(build) by extensions ['ignore', 'ignore_ament_install']
[5.086s] Level 1:colcon.colcon_core.package_identification:_identify(build) by extension 'ignore'
[5.086s] Level 1:colcon.colcon_core.package_identification:_identify(build) ignored
[5.086s] Level 1:colcon.colcon_core.package_identification:_identify(install) by extensions ['ignore', 'ignore_ament_install']
[5.086s] Level 1:colcon.colcon_core.package_identification:_identify(install) by extension 'ignore'
[5.086s] Level 1:colcon.colcon_core.package_identification:_identify(install) ignored
[5.087s] Level 1:colcon.colcon_core.package_identification:_identify(log) by extensions ['ignore', 'ignore_ament_install']
[5.087s] Level 1:colcon.colcon_core.package_identification:_identify(log) by extension 'ignore'
[5.087s] Level 1:colcon.colcon_core.package_identification:_identify(log) ignored
[5.087s] Level 1:colcon.colcon_core.package_identification:_identify(src) by extensions ['ignore', 'ignore_ament_install']
[5.087s] Level 1:colcon.colcon_core.package_identification:_identify(src) by extension 'ignore'
[5.087s] Level 1:colcon.colcon_core.package_identification:_identify(src) by extension 'ignore_ament_install'
[5.087s] Level 1:colcon.colcon_core.package_identification:_identify(src) by extensions ['colcon_pkg']
[5.087s] Level 1:colcon.colcon_core.package_identification:_identify(src) by extension 'colcon_pkg'
[5.087s] Level 1:colcon.colcon_core.package_identification:_identify(src) by extensions ['colcon_meta']
[5.087s] Level 1:colcon.colcon_core.package_identification:_identify(src) by extension 'colcon_meta'
[5.087s] Level 1:colcon.colcon_core.package_identification:_identify(src) by extensions ['ros']
[5.087s] Level 1:colcon.colcon_core.package_identification:_identify(src) by extension 'ros'
[5.088s] Level 1:colcon.colcon_core.package_identification:_identify(src) by extensions ['cmake', 'python']
[5.088s] Level 1:colcon.colcon_core.package_identification:_identify(src) by extension 'cmake'
[5.088s] Level 1:colcon.colcon_core.package_identification:_identify(src) by extension 'python'
[5.088s] Level 1:colcon.colcon_core.package_identification:_identify(src) by extensions ['python_setup_py']
[5.088s] Level 1:colcon.colcon_core.package_identification:_identify(src) by extension 'python_setup_py'
[5.088s] Level 1:colcon.colcon_core.package_identification:_identify(src/serial_cpp_pkg) by extensions ['ignore', 'ignore_ament_install']
[5.088s] Level 1:colcon.colcon_core.package_identification:_identify(src/serial_cpp_pkg) by extension 'ignore'
[5.088s] Level 1:colcon.colcon_core.package_identification:_identify(src/serial_cpp_pkg) by extension 'ignore_ament_install'
[5.088s] Level 1:colcon.colcon_core.package_identification:_identify(src/serial_cpp_pkg) by extensions ['colcon_pkg']
[5.088s] Level 1:colcon.colcon_core.package_identification:_identify(src/serial_cpp_pkg) by extension 'colcon_pkg'
[5.088s] Level 1:colcon.colcon_core.package_identification:_identify(src/serial_cpp_pkg) by extensions ['colcon_meta']
[5.088s] Level 1:colcon.colcon_core.package_identification:_identify(src/serial_cpp_pkg) by extension 'colcon_meta'
[5.088s] Level 1:colcon.colcon_core.package_identification:_identify(src/serial_cpp_pkg) by extensions ['ros']
[5.088s] Level 1:colcon.colcon_core.package_identification:_identify(src/serial_cpp_pkg) by extension 'ros'
[5.126s] DEBUG:colcon.colcon_core.package_identification:Package 'src/serial_cpp_pkg' with type 'ros.ament_cmake' and name 'serial_cpp_pkg'
[5.127s] Level 1:colcon.colcon_core.package_identification:_identify(src/serial_launch_file) by extensions ['ignore', 'ignore_ament_install']
[5.127s] Level 1:colcon.colcon_core.package_identification:_identify(src/serial_launch_file) by extension 'ignore'
[5.127s] Level 1:colcon.colcon_core.package_identification:_identify(src/serial_launch_file) by extension 'ignore_ament_install'
[5.127s] Level 1:colcon.colcon_core.package_identification:_identify(src/serial_launch_file) by extensions ['colcon_pkg']
[5.128s] Level 1:colcon.colcon_core.package_identification:_identify(src/serial_launch_file) by extension 'colcon_pkg'
[5.128s] Level 1:colcon.colcon_core.package_identification:_identify(src/serial_launch_file) by extensions ['colcon_meta']
[5.128s] Level 1:colcon.colcon_core.package_identification:_identify(src/serial_launch_file) by extension 'colcon_meta'
[5.128s] Level 1:colcon.colcon_core.package_identification:_identify(src/serial_launch_file) by extensions ['ros']
[5.128s] Level 1:colcon.colcon_core.package_identification:_identify(src/serial_launch_file) by extension 'ros'
[5.140s] DEBUG:colcon.colcon_core.package_identification:Package 'src/serial_launch_file' with type 'ros.ament_cmake' and name 'serial_launch_file'
[5.140s] Level 1:colcon.colcon_core.package_discovery:discover_packages(recursive) using defaults
[5.140s] Level 1:colcon.colcon_core.package_discovery:discover_packages(ignore) discover
[5.140s] Level 1:colcon.colcon_core.package_discovery:discover_packages(ignore) using defaults
[5.140s] Level 1:colcon.colcon_core.package_discovery:discover_packages(path) discover
[5.140s] Level 1:colcon.colcon_core.package_discovery:discover_packages(path) using defaults
[5.413s] Level 1:colcon.colcon_core.package_discovery:discover_packages(prefix_path) check parameters
[5.413s] Level 1:colcon.colcon_core.package_discovery:discover_packages(prefix_path) discover
[5.493s] DEBUG:colcon.colcon_installed_package_information.package_discovery:Found 1 installed packages in /home/einstein/Documents/gamepad_ws/install
[5.494s] DEBUG:colcon.colcon_installed_package_information.package_discovery:Found 2 installed packages in /home/einstein/Documents/SLAM_WS/install
[5.494s] DEBUG:colcon.colcon_installed_package_information.package_discovery:Found 2 installed packages in /home/einstein/Documents/serial_ws/install
[5.498s] DEBUG:colcon.colcon_installed_package_information.package_discovery:Found 387 installed packages in /opt/ros/humble
[5.501s] Level 1:colcon.colcon_core.package_discovery:discover_packages(prefix_path) using defaults
[5.614s] Level 5:colcon.colcon_core.verb:set package 'serial_cpp_pkg' build argument 'cmake_args' from command line to 'None'
[5.614s] Level 5:colcon.colcon_core.verb:set package 'serial_cpp_pkg' build argument 'cmake_target' from command line to 'None'
[5.614s] Level 5:colcon.colcon_core.verb:set package 'serial_cpp_pkg' build argument 'cmake_target_skip_unavailable' from command line to 'False'
[5.614s] Level 5:colcon.colcon_core.verb:set package 'serial_cpp_pkg' build argument 'cmake_clean_cache' from command line to 'False'
[5.614s] Level 5:colcon.colcon_core.verb:set package 'serial_cpp_pkg' build argument 'cmake_clean_first' from command line to 'False'
[5.614s] Level 5:colcon.colcon_core.verb:set package 'serial_cpp_pkg' build argument 'cmake_force_configure' from command line to 'False'
[5.615s] Level 5:colcon.colcon_core.verb:set package 'serial_cpp_pkg' build argument 'ament_cmake_args' from command line to 'None'
[5.615s] Level 5:colcon.colcon_core.verb:set package 'serial_cpp_pkg' build argument 'catkin_cmake_args' from command line to 'None'
[5.615s] Level 5:colcon.colcon_core.verb:set package 'serial_cpp_pkg' build argument 'catkin_skip_building_tests' from command line to 'False'
[5.615s] DEBUG:colcon.colcon_core.verb:Building package 'serial_cpp_pkg' with the following arguments: {'ament_cmake_args': None, 'build_base': '/home/einstein/Documents/serial_ws/build/serial_cpp_pkg', 'catkin_cmake_args': None, 'catkin_skip_building_tests': False, 'cmake_args': None, 'cmake_clean_cache': False, 'cmake_clean_first': False, 'cmake_force_configure': False, 'cmake_target': None, 'cmake_target_skip_unavailable': False, 'install_base': '/home/einstein/Documents/serial_ws/install/serial_cpp_pkg', 'merge_install': False, 'path': '/home/einstein/Documents/serial_ws/src/serial_cpp_pkg', 'symlink_install': False, 'test_result_base': None}
[5.615s] Level 5:colcon.colcon_core.verb:set package 'serial_launch_file' build argument 'cmake_args' from command line to 'None'
[5.615s] Level 5:colcon.colcon_core.verb:set package 'serial_launch_file' build argument 'cmake_target' from command line to 'None'
[5.615s] Level 5:colcon.colcon_core.verb:set package 'serial_launch_file' build argument 'cmake_target_skip_unavailable' from command line to 'False'
[5.615s] Level 5:colcon.colcon_core.verb:set package 'serial_launch_file' build argument 'cmake_clean_cache' from command line to 'False'
[5.615s] Level 5:colcon.colcon_core.verb:set package 'serial_launch_file' build argument 'cmake_clean_first' from command line to 'False'
[5.615s] Level 5:colcon.colcon_core.verb:set package 'serial_launch_file' build argument 'cmake_force_configure' from command line to 'False'
[5.615s] Level 5:colcon.colcon_core.verb:set package 'serial_launch_file' build argument 'ament_cmake_args' from command line to 'None'
[5.615s] Level 5:colcon.colcon_core.verb:set package 'serial_launch_file' build argument 'catkin_cmake_args' from command line to 'None'
[5.615s] Level 5:colcon.colcon_core.verb:set package 'serial_launch_file' build argument 'catkin_skip_building_tests' from command line to 'False'
[5.615s] DEBUG:colcon.colcon_core.verb:Building package 'serial_launch_file' with the following arguments: {'ament_cmake_args': None, 'build_base': '/home/einstein/Documents/serial_ws/build/serial_launch_file', 'catkin_cmake_args': None, 'catkin_skip_building_tests': False, 'cmake_args': None, 'cmake_clean_cache': False, 'cmake_clean_first': False, 'cmake_force_configure': False, 'cmake_target': None, 'cmake_target_skip_unavailable': False, 'install_base': '/home/einstein/Documents/serial_ws/install/serial_launch_file', 'merge_install': False, 'path': '/home/einstein/Documents/serial_ws/src/serial_launch_file', 'symlink_install': False, 'test_result_base': None}
[5.615s] INFO:colcon.colcon_core.executor:Executing jobs using 'parallel' executor
[5.616s] DEBUG:colcon.colcon_parallel_executor.executor.parallel:run_until_complete
[5.616s] INFO:colcon.colcon_ros.task.ament_cmake.build:Building ROS package in '/home/einstein/Documents/serial_ws/src/serial_cpp_pkg' with build type 'ament_cmake'
[5.616s] INFO:colcon.colcon_cmake.task.cmake.build:Building CMake package in '/home/einstein/Documents/serial_ws/src/serial_cpp_pkg'
[5.634s] INFO:colcon.colcon_core.plugin_system:Skipping extension 'colcon_core.shell.bat': Not used on non-Windows systems
[5.634s] INFO:colcon.colcon_core.shell:Skip shell extension 'powershell' for command environment: Not usable outside of PowerShell
[5.634s] DEBUG:colcon.colcon_core.shell:Skip shell extension 'dsv' for command environment
[5.648s] INFO:colcon.colcon_ros.task.ament_cmake.build:Building ROS package in '/home/einstein/Documents/serial_ws/src/serial_launch_file' with build type 'ament_cmake'
[5.648s] INFO:colcon.colcon_cmake.task.cmake.build:Building CMake package in '/home/einstein/Documents/serial_ws/src/serial_launch_file'
[5.648s] INFO:colcon.colcon_core.shell:Skip shell extension 'powershell' for command environment: Not usable outside of PowerShell
[5.648s] DEBUG:colcon.colcon_core.shell:Skip shell extension 'dsv' for command environment
[5.661s] DEBUG:colcon.colcon_core.event_handler.log_command:Invoking command in '/home/einstein/Documents/serial_ws/build/serial_cpp_pkg': CMAKE_PREFIX_PATH=${CMAKE_PREFIX_PATH}:/opt/ros/humble /usr/bin/cmake --build /home/einstein/Documents/serial_ws/build/serial_cpp_pkg -- -j8 -l8
[5.712s] DEBUG:colcon.colcon_core.event_handler.log_command:Invoking command in '/home/einstein/Documents/serial_ws/build/serial_launch_file': CMAKE_PREFIX_PATH=${CMAKE_PREFIX_PATH}:/opt/ros/humble /usr/bin/cmake --build /home/einstein/Documents/serial_ws/build/serial_launch_file -- -j8 -l8
[5.786s] DEBUG:colcon.colcon_core.event_handler.log_command:Invoked command in '/home/einstein/Documents/serial_ws/build/serial_launch_file' returned '0': CMAKE_PREFIX_PATH=${CMAKE_PREFIX_PATH}:/opt/ros/humble /usr/bin/cmake --build /home/einstein/Documents/serial_ws/build/serial_launch_file -- -j8 -l8
[5.807s] DEBUG:colcon.colcon_core.event_handler.log_command:Invoking command in '/home/einstein/Documents/serial_ws/build/serial_launch_file': CMAKE_PREFIX_PATH=${CMAKE_PREFIX_PATH}:/opt/ros/humble /usr/bin/cmake --install /home/einstein/Documents/serial_ws/build/serial_launch_file
[5.831s] Level 1:colcon.colcon_core.environment:create_environment_scripts_only(serial_launch_file)
[5.831s] DEBUG:colcon.colcon_core.event_handler.log_command:Invoked command in '/home/einstein/Documents/serial_ws/build/serial_launch_file' returned '0': CMAKE_PREFIX_PATH=${CMAKE_PREFIX_PATH}:/opt/ros/humble /usr/bin/cmake --install /home/einstein/Documents/serial_ws/build/serial_launch_file
[5.847s] Level 1:colcon.colcon_core.environment:checking '/home/einstein/Documents/serial_ws/install/serial_launch_file' for CMake module files
[5.848s] Level 1:colcon.colcon_core.environment:checking '/home/einstein/Documents/serial_ws/install/serial_launch_file' for CMake config files
[5.848s] Level 1:colcon.colcon_core.shell:create_environment_hook('serial_launch_file', 'cmake_prefix_path')
[5.848s] INFO:colcon.colcon_core.shell:Creating environment hook '/home/einstein/Documents/serial_ws/install/serial_launch_file/share/serial_launch_file/hook/cmake_prefix_path.ps1'
[5.861s] INFO:colcon.colcon_core.shell:Creating environment descriptor '/home/einstein/Documents/serial_ws/install/serial_launch_file/share/serial_launch_file/hook/cmake_prefix_path.dsv'
[5.873s] INFO:colcon.colcon_core.shell:Creating environment hook '/home/einstein/Documents/serial_ws/install/serial_launch_file/share/serial_launch_file/hook/cmake_prefix_path.sh'
[5.876s] Level 1:colcon.colcon_core.environment:checking '/home/einstein/Documents/serial_ws/install/serial_launch_file/bin'
[5.876s] Level 1:colcon.colcon_core.environment:checking '/home/einstein/Documents/serial_ws/install/serial_launch_file/lib/pkgconfig/serial_launch_file.pc'
[5.876s] Level 1:colcon.colcon_core.environment:checking '/home/einstein/Documents/serial_ws/install/serial_launch_file/lib/python3.10/site-packages'
[5.877s] Level 1:colcon.colcon_core.environment:checking '/home/einstein/Documents/serial_ws/install/serial_launch_file/bin'
[5.877s] INFO:colcon.colcon_core.shell:Creating package script '/home/einstein/Documents/serial_ws/install/serial_launch_file/share/serial_launch_file/package.ps1'
[5.882s] INFO:colcon.colcon_core.shell:Creating package descriptor '/home/einstein/Documents/serial_ws/install/serial_launch_file/share/serial_launch_file/package.dsv'
[5.886s] INFO:colcon.colcon_core.shell:Creating package script '/home/einstein/Documents/serial_ws/install/serial_launch_file/share/serial_launch_file/package.sh'
[5.890s] INFO:colcon.colcon_core.shell:Creating package script '/home/einstein/Documents/serial_ws/install/serial_launch_file/share/serial_launch_file/package.bash'
[5.896s] INFO:colcon.colcon_core.shell:Creating package script '/home/einstein/Documents/serial_ws/install/serial_launch_file/share/serial_launch_file/package.zsh'
[5.900s] Level 1:colcon.colcon_core.environment:create_file_with_runtime_dependencies(/home/einstein/Documents/serial_ws/install/serial_launch_file/share/colcon-core/packages/serial_launch_file)
[5.919s] Level 1:colcon.colcon_core.environment:create_environment_scripts_only(serial_launch_file)
[5.920s] Level 1:colcon.colcon_core.environment:checking '/home/einstein/Documents/serial_ws/install/serial_launch_file' for CMake module files
[5.920s] Level 1:colcon.colcon_core.environment:checking '/home/einstein/Documents/serial_ws/install/serial_launch_file' for CMake config files
[5.920s] Level 1:colcon.colcon_core.shell:create_environment_hook('serial_launch_file', 'cmake_prefix_path')
[5.920s] INFO:colcon.colcon_core.shell:Creating environment hook '/home/einstein/Documents/serial_ws/install/serial_launch_file/share/serial_launch_file/hook/cmake_prefix_path.ps1'
[5.921s] INFO:colcon.colcon_core.shell:Creating environment descriptor '/home/einstein/Documents/serial_ws/install/serial_launch_file/share/serial_launch_file/hook/cmake_prefix_path.dsv'
[5.921s] INFO:colcon.colcon_core.shell:Creating environment hook '/home/einstein/Documents/serial_ws/install/serial_launch_file/share/serial_launch_file/hook/cmake_prefix_path.sh'
[5.922s] Level 1:colcon.colcon_core.environment:checking '/home/einstein/Documents/serial_ws/install/serial_launch_file/bin'
[5.922s] Level 1:colcon.colcon_core.environment:checking '/home/einstein/Documents/serial_ws/install/serial_launch_file/lib/pkgconfig/serial_launch_file.pc'
[5.922s] Level 1:colcon.colcon_core.environment:checking '/home/einstein/Documents/serial_ws/install/serial_launch_file/lib/python3.10/site-packages'
[5.922s] Level 1:colcon.colcon_core.environment:checking '/home/einstein/Documents/serial_ws/install/serial_launch_file/bin'
[5.922s] INFO:colcon.colcon_core.shell:Creating package script '/home/einstein/Documents/serial_ws/install/serial_launch_file/share/serial_launch_file/package.ps1'
[5.923s] INFO:colcon.colcon_core.shell:Creating package descriptor '/home/einstein/Documents/serial_ws/install/serial_launch_file/share/serial_launch_file/package.dsv'
[5.923s] INFO:colcon.colcon_core.shell:Creating package script '/home/einstein/Documents/serial_ws/install/serial_launch_file/share/serial_launch_file/package.sh'
[5.924s] INFO:colcon.colcon_core.shell:Creating package script '/home/einstein/Documents/serial_ws/install/serial_launch_file/share/serial_launch_file/package.bash'
[5.924s] INFO:colcon.colcon_core.shell:Creating package script '/home/einstein/Documents/serial_ws/install/serial_launch_file/share/serial_launch_file/package.zsh'
[5.924s] Level 1:colcon.colcon_core.environment:create_file_with_runtime_dependencies(/home/einstein/Documents/serial_ws/install/serial_launch_file/share/colcon-core/packages/serial_launch_file)
[20.465s] DEBUG:colcon.colcon_core.event_handler.log_command:Invoked command in '/home/einstein/Documents/serial_ws/build/serial_cpp_pkg' returned '0': CMAKE_PREFIX_PATH=${CMAKE_PREFIX_PATH}:/opt/ros/humble /usr/bin/cmake --build /home/einstein/Documents/serial_ws/build/serial_cpp_pkg -- -j8 -l8
[20.488s] DEBUG:colcon.colcon_core.event_handler.log_command:Invoking command in '/home/einstein/Documents/serial_ws/build/serial_cpp_pkg': CMAKE_PREFIX_PATH=${CMAKE_PREFIX_PATH}:/opt/ros/humble /usr/bin/cmake --install /home/einstein/Documents/serial_ws/build/serial_cpp_pkg
[20.530s] Level 1:colcon.colcon_core.environment:create_environment_scripts_only(serial_cpp_pkg)
[20.530s] DEBUG:colcon.colcon_core.event_handler.log_command:Invoked command in '/home/einstein/Documents/serial_ws/build/serial_cpp_pkg' returned '0': CMAKE_PREFIX_PATH=${CMAKE_PREFIX_PATH}:/opt/ros/humble /usr/bin/cmake --install /home/einstein/Documents/serial_ws/build/serial_cpp_pkg
[20.531s] Level 1:colcon.colcon_core.environment:checking '/home/einstein/Documents/serial_ws/install/serial_cpp_pkg' for CMake module files
[20.542s] Level 1:colcon.colcon_core.environment:checking '/home/einstein/Documents/serial_ws/install/serial_cpp_pkg' for CMake config files
[20.542s] Level 1:colcon.colcon_core.shell:create_environment_hook('serial_cpp_pkg', 'cmake_prefix_path')
[20.543s] INFO:colcon.colcon_core.shell:Creating environment hook '/home/einstein/Documents/serial_ws/install/serial_cpp_pkg/share/serial_cpp_pkg/hook/cmake_prefix_path.ps1'
[20.543s] INFO:colcon.colcon_core.shell:Creating environment descriptor '/home/einstein/Documents/serial_ws/install/serial_cpp_pkg/share/serial_cpp_pkg/hook/cmake_prefix_path.dsv'
[20.544s] INFO:colcon.colcon_core.shell:Creating environment hook '/home/einstein/Documents/serial_ws/install/serial_cpp_pkg/share/serial_cpp_pkg/hook/cmake_prefix_path.sh'
[20.545s] Level 1:colcon.colcon_core.environment:checking '/home/einstein/Documents/serial_ws/install/serial_cpp_pkg/lib'
[20.545s] Level 1:colcon.colcon_core.environment:checking '/home/einstein/Documents/serial_ws/install/serial_cpp_pkg/bin'
[20.545s] Level 1:colcon.colcon_core.environment:checking '/home/einstein/Documents/serial_ws/install/serial_cpp_pkg/lib/pkgconfig/serial_cpp_pkg.pc'
[20.546s] Level 1:colcon.colcon_core.environment:checking '/home/einstein/Documents/serial_ws/install/serial_cpp_pkg/lib/python3.10/site-packages'
[20.546s] Level 1:colcon.colcon_core.environment:checking '/home/einstein/Documents/serial_ws/install/serial_cpp_pkg/bin'
[20.547s] INFO:colcon.colcon_core.shell:Creating package script '/home/einstein/Documents/serial_ws/install/serial_cpp_pkg/share/serial_cpp_pkg/package.ps1'
[20.547s] INFO:colcon.colcon_core.shell:Creating package descriptor '/home/einstein/Documents/serial_ws/install/serial_cpp_pkg/share/serial_cpp_pkg/package.dsv'
[20.548s] INFO:colcon.colcon_core.shell:Creating package script '/home/einstein/Documents/serial_ws/install/serial_cpp_pkg/share/serial_cpp_pkg/package.sh'
[20.549s] INFO:colcon.colcon_core.shell:Creating package script '/home/einstein/Documents/serial_ws/install/serial_cpp_pkg/share/serial_cpp_pkg/package.bash'
[20.549s] INFO:colcon.colcon_core.shell:Creating package script '/home/einstein/Documents/serial_ws/install/serial_cpp_pkg/share/serial_cpp_pkg/package.zsh'
[20.554s] Level 1:colcon.colcon_core.environment:create_file_with_runtime_dependencies(/home/einstein/Documents/serial_ws/install/serial_cpp_pkg/share/colcon-core/packages/serial_cpp_pkg)
[20.573s] Level 1:colcon.colcon_core.environment:create_environment_scripts_only(serial_cpp_pkg)
[20.573s] Level 1:colcon.colcon_core.environment:checking '/home/einstein/Documents/serial_ws/install/serial_cpp_pkg' for CMake module files
[20.573s] Level 1:colcon.colcon_core.environment:checking '/home/einstein/Documents/serial_ws/install/serial_cpp_pkg' for CMake config files
[20.573s] Level 1:colcon.colcon_core.shell:create_environment_hook('serial_cpp_pkg', 'cmake_prefix_path')
[20.574s] INFO:colcon.colcon_core.shell:Creating environment hook '/home/einstein/Documents/serial_ws/install/serial_cpp_pkg/share/serial_cpp_pkg/hook/cmake_prefix_path.ps1'
[20.574s] INFO:colcon.colcon_core.shell:Creating environment descriptor '/home/einstein/Documents/serial_ws/install/serial_cpp_pkg/share/serial_cpp_pkg/hook/cmake_prefix_path.dsv'
[20.574s] INFO:colcon.colcon_core.shell:Creating environment hook '/home/einstein/Documents/serial_ws/install/serial_cpp_pkg/share/serial_cpp_pkg/hook/cmake_prefix_path.sh'
[20.574s] Level 1:colcon.colcon_core.environment:checking '/home/einstein/Documents/serial_ws/install/serial_cpp_pkg/lib'
[20.575s] Level 1:colcon.colcon_core.environment:checking '/home/einstein/Documents/serial_ws/install/serial_cpp_pkg/bin'
[20.575s] Level 1:colcon.colcon_core.environment:checking '/home/einstein/Documents/serial_ws/install/serial_cpp_pkg/lib/pkgconfig/serial_cpp_pkg.pc'
[20.575s] Level 1:colcon.colcon_core.environment:checking '/home/einstein/Documents/serial_ws/install/serial_cpp_pkg/lib/python3.10/site-packages'
[20.575s] Level 1:colcon.colcon_core.environment:checking '/home/einstein/Documents/serial_ws/install/serial_cpp_pkg/bin'
[20.575s] INFO:colcon.colcon_core.shell:Creating package script '/home/einstein/Documents/serial_ws/install/serial_cpp_pkg/share/serial_cpp_pkg/package.ps1'
[20.575s] INFO:colcon.colcon_core.shell:Creating package descriptor '/home/einstein/Documents/serial_ws/install/serial_cpp_pkg/share/serial_cpp_pkg/package.dsv'
[20.576s] INFO:colcon.colcon_core.shell:Creating package script '/home/einstein/Documents/serial_ws/install/serial_cpp_pkg/share/serial_cpp_pkg/package.sh'
[20.576s] INFO:colcon.colcon_core.shell:Creating package script '/home/einstein/Documents/serial_ws/install/serial_cpp_pkg/share/serial_cpp_pkg/package.bash'
[20.585s] INFO:colcon.colcon_core.shell:Creating package script '/home/einstein/Documents/serial_ws/install/serial_cpp_pkg/share/serial_cpp_pkg/package.zsh'
[20.585s] Level 1:colcon.colcon_core.environment:create_file_with_runtime_dependencies(/home/einstein/Documents/serial_ws/install/serial_cpp_pkg/share/colcon-core/packages/serial_cpp_pkg)
[20.586s] DEBUG:colcon.colcon_parallel_executor.executor.parallel:closing loop
[20.586s] DEBUG:colcon.colcon_parallel_executor.executor.parallel:loop closed
[20.586s] DEBUG:colcon.colcon_parallel_executor.executor.parallel:run_until_complete finished with '0'
[20.586s] DEBUG:colcon.colcon_core.event_reactor:joining thread
[20.592s] INFO:colcon.colcon_core.plugin_system:Skipping extension 'colcon_notification.desktop_notification.terminal_notifier': Not used on non-Darwin systems
[20.592s] INFO:colcon.colcon_core.plugin_system:Skipping extension 'colcon_notification.desktop_notification.win32': Not used on non-Windows systems
[20.592s] INFO:colcon.colcon_notification.desktop_notification:Sending desktop notification using 'notify2'
[20.602s] DEBUG:colcon.colcon_core.event_reactor:joined thread
[20.603s] INFO:colcon.colcon_core.shell:Creating prefix script '/home/einstein/Documents/serial_ws/install/local_setup.ps1'
[20.612s] INFO:colcon.colcon_core.shell:Creating prefix util module '/home/einstein/Documents/serial_ws/install/_local_setup_util_ps1.py'
[20.614s] INFO:colcon.colcon_core.shell:Creating prefix chain script '/home/einstein/Documents/serial_ws/install/setup.ps1'
[20.626s] INFO:colcon.colcon_core.shell:Creating prefix script '/home/einstein/Documents/serial_ws/install/local_setup.sh'
[20.639s] INFO:colcon.colcon_core.shell:Creating prefix util module '/home/einstein/Documents/serial_ws/install/_local_setup_util_sh.py'
[20.640s] INFO:colcon.colcon_core.shell:Creating prefix chain script '/home/einstein/Documents/serial_ws/install/setup.sh'
[20.652s] INFO:colcon.colcon_core.shell:Creating prefix script '/home/einstein/Documents/serial_ws/install/local_setup.bash'
[20.663s] INFO:colcon.colcon_core.shell:Creating prefix chain script '/home/einstein/Documents/serial_ws/install/setup.bash'
[20.678s] INFO:colcon.colcon_core.shell:Creating prefix script '/home/einstein/Documents/serial_ws/install/local_setup.zsh'
[20.689s] INFO:colcon.colcon_core.shell:Creating prefix chain script '/home/einstein/Documents/serial_ws/install/setup.zsh'
