[0.011s] Invoking command in '/home/einstein/Documents/serial_ws/build/serial_cpp_pkg': CMAKE_PREFIX_PATH=${CMAKE_PREFIX_PATH}:/opt/ros/humble /usr/bin/cmake --build /home/einstein/Documents/serial_ws/build/serial_cpp_pkg -- -j8 -l8
[0.042s] [35m[1mConsolidate compiler generated dependencies of target Distance_Calculator[0m
[0.051s] [ 50%] Built target Serial_node_1
[0.053s] [ 75%] [32mBuilding CXX object CMakeFiles/Distance_Calculator.dir/src/distance_Calculator.cpp.o[0m
[1.675s] In file included from [01m[K/opt/ros/humble/include/rclcpp/rclcpp/logging.hpp:24[m[K,
[1.675s]                  from [01m[K/opt/ros/humble/include/rclcpp/rclcpp/client.hpp:40[m[K,
[1.675s]                  from [01m[K/opt/ros/humble/include/rclcpp/rclcpp/callback_group.hpp:24[m[K,
[1.675s]                  from [01m[K/opt/ros/humble/include/rclcpp/rclcpp/any_executable.hpp:20[m[K,
[1.675s]                  from [01m[K/opt/ros/humble/include/rclcpp/rclcpp/memory_strategy.hpp:25[m[K,
[1.675s]                  from [01m[K/opt/ros/humble/include/rclcpp/rclcpp/memory_strategies.hpp:18[m[K,
[1.675s]                  from [01m[K/opt/ros/humble/include/rclcpp/rclcpp/executor_options.hpp:20[m[K,
[1.675s]                  from [01m[K/opt/ros/humble/include/rclcpp/rclcpp/executor.hpp:37[m[K,
[1.675s]                  from [01m[K/opt/ros/humble/include/rclcpp/rclcpp/executors/multi_threaded_executor.hpp:25[m[K,
[1.675s]                  from [01m[K/opt/ros/humble/include/rclcpp/rclcpp/executors.hpp:21[m[K,
[1.675s]                  from [01m[K/opt/ros/humble/include/rclcpp/rclcpp/rclcpp.hpp:155[m[K,
[1.675s]                  from [01m[K/home/einstein/Documents/serial_ws/src/serial_cpp_pkg/src/distance_Calculator.cpp:1[m[K:
[1.675s] [01m[K/home/einstein/Documents/serial_ws/src/serial_cpp_pkg/src/distance_Calculator.cpp:[m[K In member function ‘[01m[Kvoid D_Calc::receive_Msg(example_interfaces::msg::String)[m[K’:
[1.675s] [01m[K/home/einstein/Documents/serial_ws/src/serial_cpp_pkg/src/distance_Calculator.cpp:22:41:[m[K [01;35m[Kwarning: [m[Kformat ‘[01m[K%s[m[K’ expects argument of type ‘[01m[Kchar*[m[K’, but argument 5 has type ‘[01m[Kconst String[m[K’ {aka ‘[01m[Kconst example_interfaces::msg::String_<std::allocator<void> >[m[K’} [[01;35m[K]8;;https://gcc.gnu.org/onlinedocs/gcc/Warning-Options.html#index-Wformat=-Wformat=]8;;[m[K]
[1.675s]    22 |         RCLCPP_INFO(this->get_logger(), [01;35m[K"Data Received: %s"[m[K, msg);
[1.676s]       |                                         [01;35m[K^~~~~~~~~~~~~~~~~~~[m[K
[1.676s] [01m[K/home/einstein/Documents/serial_ws/src/serial_cpp_pkg/src/distance_Calculator.cpp:22:58:[m[K [01;36m[Knote: [m[Kformat string is defined here
[1.676s]    22 |         RCLCPP_INFO(this->get_logger(), "Data Received: [01;36m[K%s[m[K", msg);
[1.676s]       |                                                         [01;36m[K~^[m[K
[1.676s]       |                                                          [01;36m[K|[m[K
[1.676s]       |                                                          [01;36m[Kchar*[m[K
[6.073s] [100%] [32m[1mLinking CXX executable Distance_Calculator[0m
[6.367s] [100%] Built target Distance_Calculator
[6.383s] Invoked command in '/home/einstein/Documents/serial_ws/build/serial_cpp_pkg' returned '0': CMAKE_PREFIX_PATH=${CMAKE_PREFIX_PATH}:/opt/ros/humble /usr/bin/cmake --build /home/einstein/Documents/serial_ws/build/serial_cpp_pkg -- -j8 -l8
[6.402s] Invoking command in '/home/einstein/Documents/serial_ws/build/serial_cpp_pkg': CMAKE_PREFIX_PATH=${CMAKE_PREFIX_PATH}:/opt/ros/humble /usr/bin/cmake --install /home/einstein/Documents/serial_ws/build/serial_cpp_pkg
[6.407s] -- Install configuration: ""
[6.407s] -- Execute custom install script
[6.407s] -- Up-to-date symlink: /home/einstein/Documents/serial_ws/install/serial_cpp_pkg/lib/serial_cpp_pkg/Serial_node_1
[6.407s] -- Up-to-date symlink: /home/einstein/Documents/serial_ws/install/serial_cpp_pkg/lib/serial_cpp_pkg/Distance_Calculator
[6.407s] -- Up-to-date symlink: /home/einstein/Documents/serial_ws/install/serial_cpp_pkg/share/ament_index/resource_index/package_run_dependencies/serial_cpp_pkg
[6.408s] -- Up-to-date symlink: /home/einstein/Documents/serial_ws/install/serial_cpp_pkg/share/ament_index/resource_index/parent_prefix_path/serial_cpp_pkg
[6.408s] -- Up-to-date symlink: /home/einstein/Documents/serial_ws/install/serial_cpp_pkg/share/serial_cpp_pkg/environment/ament_prefix_path.sh
[6.408s] -- Up-to-date symlink: /home/einstein/Documents/serial_ws/install/serial_cpp_pkg/share/serial_cpp_pkg/environment/ament_prefix_path.dsv
[6.408s] -- Up-to-date symlink: /home/einstein/Documents/serial_ws/install/serial_cpp_pkg/share/serial_cpp_pkg/environment/path.sh
[6.408s] -- Up-to-date symlink: /home/einstein/Documents/serial_ws/install/serial_cpp_pkg/share/serial_cpp_pkg/environment/path.dsv
[6.408s] -- Up-to-date symlink: /home/einstein/Documents/serial_ws/install/serial_cpp_pkg/share/serial_cpp_pkg/local_setup.bash
[6.408s] -- Up-to-date symlink: /home/einstein/Documents/serial_ws/install/serial_cpp_pkg/share/serial_cpp_pkg/local_setup.sh
[6.408s] -- Up-to-date symlink: /home/einstein/Documents/serial_ws/install/serial_cpp_pkg/share/serial_cpp_pkg/local_setup.zsh
[6.408s] -- Up-to-date symlink: /home/einstein/Documents/serial_ws/install/serial_cpp_pkg/share/serial_cpp_pkg/local_setup.dsv
[6.408s] -- Symlinking: /home/einstein/Documents/serial_ws/install/serial_cpp_pkg/share/serial_cpp_pkg/package.dsv
[6.414s] -- Up-to-date symlink: /home/einstein/Documents/serial_ws/install/serial_cpp_pkg/share/ament_index/resource_index/packages/serial_cpp_pkg
[6.415s] -- Up-to-date symlink: /home/einstein/Documents/serial_ws/install/serial_cpp_pkg/share/serial_cpp_pkg/cmake/serial_cpp_pkgConfig.cmake
[6.415s] -- Up-to-date symlink: /home/einstein/Documents/serial_ws/install/serial_cpp_pkg/share/serial_cpp_pkg/cmake/serial_cpp_pkgConfig-version.cmake
[6.415s] -- Up-to-date symlink: /home/einstein/Documents/serial_ws/install/serial_cpp_pkg/share/serial_cpp_pkg/package.xml
[6.416s] Invoked command in '/home/einstein/Documents/serial_ws/build/serial_cpp_pkg' returned '0': CMAKE_PREFIX_PATH=${CMAKE_PREFIX_PATH}:/opt/ros/humble /usr/bin/cmake --install /home/einstein/Documents/serial_ws/build/serial_cpp_pkg
