[0.448s] DEBUG:colcon:Command line arguments: ['/usr/bin/colcon', 'build']
[0.448s] DEBUG:colcon:Parsed command line arguments: Namespace(log_base=None, log_level=None, verb_name='build', build_base='build', install_base='install', merge_install=False, symlink_install=False, test_result_base=None, continue_on_error=False, executor='parallel', parallel_workers=8, event_handlers=None, ignore_user_meta=False, metas=['./colcon.meta'], base_paths=['.'], packages_ignore=None, packages_ignore_regex=None, paths=None, packages_up_to=None, packages_up_to_regex=None, packages_above=None, packages_above_and_dependencies=None, packages_above_depth=None, packages_select_by_dep=None, packages_skip_by_dep=None, packages_skip_up_to=None, packages_select_build_failed=False, packages_skip_build_finished=False, packages_select_test_failures=False, packages_skip_test_passed=False, packages_select=None, packages_skip=None, packages_select_regex=None, packages_skip_regex=None, packages_start=None, packages_end=None, allow_overriding=[], cmake_args=None, cmake_target=None, cmake_target_skip_unavailable=False, cmake_clean_cache=False, cmake_clean_first=False, cmake_force_configure=False, ament_cmake_args=None, catkin_cmake_args=None, catkin_skip_building_tests=False, verb_parser=<colcon_defaults.argument_parser.defaults.DefaultArgumentsDecorator object at 0x79be63d447f0>, verb_extension=<colcon_core.verb.build.BuildVerb object at 0x79be63d44280>, main=<bound method BuildVerb.main of <colcon_core.verb.build.BuildVerb object at 0x79be63d44280>>)
[1.343s] Level 1:colcon.colcon_core.package_discovery:discover_packages(colcon_meta) check parameters
[1.343s] Level 1:colcon.colcon_core.package_discovery:discover_packages(recursive) check parameters
[1.343s] Level 1:colcon.colcon_core.package_discovery:discover_packages(ignore) check parameters
[1.343s] Level 1:colcon.colcon_core.package_discovery:discover_packages(path) check parameters
[1.343s] Level 1:colcon.colcon_core.package_discovery:discover_packages(colcon_meta) discover
[1.343s] Level 1:colcon.colcon_core.package_discovery:discover_packages(recursive) discover
[1.343s] INFO:colcon.colcon_core.package_discovery:Crawling recursively for packages in '/home/einstein/Documents/serial_ws'
[1.343s] Level 1:colcon.colcon_core.package_identification:_identify(.) by extensions ['ignore', 'ignore_ament_install']
[1.344s] Level 1:colcon.colcon_core.package_identification:_identify(.) by extension 'ignore'
[1.344s] Level 1:colcon.colcon_core.package_identification:_identify(.) by extension 'ignore_ament_install'
[1.344s] Level 1:colcon.colcon_core.package_identification:_identify(.) by extensions ['colcon_pkg']
[1.344s] Level 1:colcon.colcon_core.package_identification:_identify(.) by extension 'colcon_pkg'
[1.344s] Level 1:colcon.colcon_core.package_identification:_identify(.) by extensions ['colcon_meta']
[1.344s] Level 1:colcon.colcon_core.package_identification:_identify(.) by extension 'colcon_meta'
[1.344s] Level 1:colcon.colcon_core.package_identification:_identify(.) by extensions ['ros']
[1.344s] Level 1:colcon.colcon_core.package_identification:_identify(.) by extension 'ros'
[1.352s] Level 1:colcon.colcon_core.package_identification:_identify(.) by extensions ['cmake', 'python']
[1.352s] Level 1:colcon.colcon_core.package_identification:_identify(.) by extension 'cmake'
[1.352s] Level 1:colcon.colcon_core.package_identification:_identify(.) by extension 'python'
[1.352s] Level 1:colcon.colcon_core.package_identification:_identify(.) by extensions ['python_setup_py']
[1.353s] Level 1:colcon.colcon_core.package_identification:_identify(.) by extension 'python_setup_py'
[1.353s] Level 1:colcon.colcon_core.package_identification:_identify(build) by extensions ['ignore', 'ignore_ament_install']
[1.353s] Level 1:colcon.colcon_core.package_identification:_identify(build) by extension 'ignore'
[1.353s] Level 1:colcon.colcon_core.package_identification:_identify(build) ignored
[1.353s] Level 1:colcon.colcon_core.package_identification:_identify(install) by extensions ['ignore', 'ignore_ament_install']
[1.353s] Level 1:colcon.colcon_core.package_identification:_identify(install) by extension 'ignore'
[1.353s] Level 1:colcon.colcon_core.package_identification:_identify(install) ignored
[1.353s] Level 1:colcon.colcon_core.package_identification:_identify(log) by extensions ['ignore', 'ignore_ament_install']
[1.353s] Level 1:colcon.colcon_core.package_identification:_identify(log) by extension 'ignore'
[1.353s] Level 1:colcon.colcon_core.package_identification:_identify(log) ignored
[1.353s] Level 1:colcon.colcon_core.package_identification:_identify(src) by extensions ['ignore', 'ignore_ament_install']
[1.353s] Level 1:colcon.colcon_core.package_identification:_identify(src) by extension 'ignore'
[1.353s] Level 1:colcon.colcon_core.package_identification:_identify(src) by extension 'ignore_ament_install'
[1.353s] Level 1:colcon.colcon_core.package_identification:_identify(src) by extensions ['colcon_pkg']
[1.353s] Level 1:colcon.colcon_core.package_identification:_identify(src) by extension 'colcon_pkg'
[1.353s] Level 1:colcon.colcon_core.package_identification:_identify(src) by extensions ['colcon_meta']
[1.353s] Level 1:colcon.colcon_core.package_identification:_identify(src) by extension 'colcon_meta'
[1.353s] Level 1:colcon.colcon_core.package_identification:_identify(src) by extensions ['ros']
[1.353s] Level 1:colcon.colcon_core.package_identification:_identify(src) by extension 'ros'
[1.353s] Level 1:colcon.colcon_core.package_identification:_identify(src) by extensions ['cmake', 'python']
[1.353s] Level 1:colcon.colcon_core.package_identification:_identify(src) by extension 'cmake'
[1.353s] Level 1:colcon.colcon_core.package_identification:_identify(src) by extension 'python'
[1.353s] Level 1:colcon.colcon_core.package_identification:_identify(src) by extensions ['python_setup_py']
[1.353s] Level 1:colcon.colcon_core.package_identification:_identify(src) by extension 'python_setup_py'
[1.354s] Level 1:colcon.colcon_core.package_identification:_identify(src/serial_cpp_pkg) by extensions ['ignore', 'ignore_ament_install']
[1.354s] Level 1:colcon.colcon_core.package_identification:_identify(src/serial_cpp_pkg) by extension 'ignore'
[1.354s] Level 1:colcon.colcon_core.package_identification:_identify(src/serial_cpp_pkg) by extension 'ignore_ament_install'
[1.354s] Level 1:colcon.colcon_core.package_identification:_identify(src/serial_cpp_pkg) by extensions ['colcon_pkg']
[1.354s] Level 1:colcon.colcon_core.package_identification:_identify(src/serial_cpp_pkg) by extension 'colcon_pkg'
[1.354s] Level 1:colcon.colcon_core.package_identification:_identify(src/serial_cpp_pkg) by extensions ['colcon_meta']
[1.354s] Level 1:colcon.colcon_core.package_identification:_identify(src/serial_cpp_pkg) by extension 'colcon_meta'
[1.354s] Level 1:colcon.colcon_core.package_identification:_identify(src/serial_cpp_pkg) by extensions ['ros']
[1.354s] Level 1:colcon.colcon_core.package_identification:_identify(src/serial_cpp_pkg) by extension 'ros'
[1.356s] DEBUG:colcon.colcon_core.package_identification:Package 'src/serial_cpp_pkg' with type 'ros.ament_cmake' and name 'serial_cpp_pkg'
[1.356s] Level 1:colcon.colcon_core.package_identification:_identify(src/serial_launch_file) by extensions ['ignore', 'ignore_ament_install']
[1.356s] Level 1:colcon.colcon_core.package_identification:_identify(src/serial_launch_file) by extension 'ignore'
[1.356s] Level 1:colcon.colcon_core.package_identification:_identify(src/serial_launch_file) by extension 'ignore_ament_install'
[1.356s] Level 1:colcon.colcon_core.package_identification:_identify(src/serial_launch_file) by extensions ['colcon_pkg']
[1.356s] Level 1:colcon.colcon_core.package_identification:_identify(src/serial_launch_file) by extension 'colcon_pkg'
[1.357s] Level 1:colcon.colcon_core.package_identification:_identify(src/serial_launch_file) by extensions ['colcon_meta']
[1.357s] Level 1:colcon.colcon_core.package_identification:_identify(src/serial_launch_file) by extension 'colcon_meta'
[1.357s] Level 1:colcon.colcon_core.package_identification:_identify(src/serial_launch_file) by extensions ['ros']
[1.357s] Level 1:colcon.colcon_core.package_identification:_identify(src/serial_launch_file) by extension 'ros'
[1.368s] DEBUG:colcon.colcon_core.package_identification:Package 'src/serial_launch_file' with type 'ros.ament_cmake' and name 'serial_launch_file'
[1.368s] Level 1:colcon.colcon_core.package_discovery:discover_packages(recursive) using defaults
[1.368s] Level 1:colcon.colcon_core.package_discovery:discover_packages(ignore) discover
[1.368s] Level 1:colcon.colcon_core.package_discovery:discover_packages(ignore) using defaults
[1.368s] Level 1:colcon.colcon_core.package_discovery:discover_packages(path) discover
[1.368s] Level 1:colcon.colcon_core.package_discovery:discover_packages(path) using defaults
[1.526s] Level 1:colcon.colcon_core.package_discovery:discover_packages(prefix_path) check parameters
[1.526s] Level 1:colcon.colcon_core.package_discovery:discover_packages(prefix_path) discover
[1.584s] DEBUG:colcon.colcon_installed_package_information.package_discovery:Found 1 installed packages in /home/einstein/Documents/gamepad_ws/install
[1.585s] DEBUG:colcon.colcon_installed_package_information.package_discovery:Found 2 installed packages in /home/einstein/Documents/SLAM_WS/install
[1.586s] DEBUG:colcon.colcon_installed_package_information.package_discovery:Found 2 installed packages in /home/einstein/Documents/serial_ws/install
[1.589s] DEBUG:colcon.colcon_installed_package_information.package_discovery:Found 387 installed packages in /opt/ros/humble
[1.593s] Level 1:colcon.colcon_core.package_discovery:discover_packages(prefix_path) using defaults
[1.689s] Level 5:colcon.colcon_core.verb:set package 'serial_cpp_pkg' build argument 'cmake_args' from command line to 'None'
[1.689s] Level 5:colcon.colcon_core.verb:set package 'serial_cpp_pkg' build argument 'cmake_target' from command line to 'None'
[1.689s] Level 5:colcon.colcon_core.verb:set package 'serial_cpp_pkg' build argument 'cmake_target_skip_unavailable' from command line to 'False'
[1.689s] Level 5:colcon.colcon_core.verb:set package 'serial_cpp_pkg' build argument 'cmake_clean_cache' from command line to 'False'
[1.689s] Level 5:colcon.colcon_core.verb:set package 'serial_cpp_pkg' build argument 'cmake_clean_first' from command line to 'False'
[1.689s] Level 5:colcon.colcon_core.verb:set package 'serial_cpp_pkg' build argument 'cmake_force_configure' from command line to 'False'
[1.689s] Level 5:colcon.colcon_core.verb:set package 'serial_cpp_pkg' build argument 'ament_cmake_args' from command line to 'None'
[1.689s] Level 5:colcon.colcon_core.verb:set package 'serial_cpp_pkg' build argument 'catkin_cmake_args' from command line to 'None'
[1.689s] Level 5:colcon.colcon_core.verb:set package 'serial_cpp_pkg' build argument 'catkin_skip_building_tests' from command line to 'False'
[1.689s] DEBUG:colcon.colcon_core.verb:Building package 'serial_cpp_pkg' with the following arguments: {'ament_cmake_args': None, 'build_base': '/home/einstein/Documents/serial_ws/build/serial_cpp_pkg', 'catkin_cmake_args': None, 'catkin_skip_building_tests': False, 'cmake_args': None, 'cmake_clean_cache': False, 'cmake_clean_first': False, 'cmake_force_configure': False, 'cmake_target': None, 'cmake_target_skip_unavailable': False, 'install_base': '/home/einstein/Documents/serial_ws/install/serial_cpp_pkg', 'merge_install': False, 'path': '/home/einstein/Documents/serial_ws/src/serial_cpp_pkg', 'symlink_install': False, 'test_result_base': None}
[1.690s] Level 5:colcon.colcon_core.verb:set package 'serial_launch_file' build argument 'cmake_args' from command line to 'None'
[1.690s] Level 5:colcon.colcon_core.verb:set package 'serial_launch_file' build argument 'cmake_target' from command line to 'None'
[1.690s] Level 5:colcon.colcon_core.verb:set package 'serial_launch_file' build argument 'cmake_target_skip_unavailable' from command line to 'False'
[1.690s] Level 5:colcon.colcon_core.verb:set package 'serial_launch_file' build argument 'cmake_clean_cache' from command line to 'False'
[1.690s] Level 5:colcon.colcon_core.verb:set package 'serial_launch_file' build argument 'cmake_clean_first' from command line to 'False'
[1.690s] Level 5:colcon.colcon_core.verb:set package 'serial_launch_file' build argument 'cmake_force_configure' from command line to 'False'
[1.690s] Level 5:colcon.colcon_core.verb:set package 'serial_launch_file' build argument 'ament_cmake_args' from command line to 'None'
[1.690s] Level 5:colcon.colcon_core.verb:set package 'serial_launch_file' build argument 'catkin_cmake_args' from command line to 'None'
[1.690s] Level 5:colcon.colcon_core.verb:set package 'serial_launch_file' build argument 'catkin_skip_building_tests' from command line to 'False'
[1.690s] DEBUG:colcon.colcon_core.verb:Building package 'serial_launch_file' with the following arguments: {'ament_cmake_args': None, 'build_base': '/home/einstein/Documents/serial_ws/build/serial_launch_file', 'catkin_cmake_args': None, 'catkin_skip_building_tests': False, 'cmake_args': None, 'cmake_clean_cache': False, 'cmake_clean_first': False, 'cmake_force_configure': False, 'cmake_target': None, 'cmake_target_skip_unavailable': False, 'install_base': '/home/einstein/Documents/serial_ws/install/serial_launch_file', 'merge_install': False, 'path': '/home/einstein/Documents/serial_ws/src/serial_launch_file', 'symlink_install': False, 'test_result_base': None}
[1.690s] INFO:colcon.colcon_core.executor:Executing jobs using 'parallel' executor
[1.691s] DEBUG:colcon.colcon_parallel_executor.executor.parallel:run_until_complete
[1.692s] INFO:colcon.colcon_ros.task.ament_cmake.build:Building ROS package in '/home/einstein/Documents/serial_ws/src/serial_cpp_pkg' with build type 'ament_cmake'
[1.692s] INFO:colcon.colcon_cmake.task.cmake.build:Building CMake package in '/home/einstein/Documents/serial_ws/src/serial_cpp_pkg'
[1.710s] INFO:colcon.colcon_core.plugin_system:Skipping extension 'colcon_core.shell.bat': Not used on non-Windows systems
[1.710s] INFO:colcon.colcon_core.shell:Skip shell extension 'powershell' for command environment: Not usable outside of PowerShell
[1.711s] DEBUG:colcon.colcon_core.shell:Skip shell extension 'dsv' for command environment
[1.726s] INFO:colcon.colcon_ros.task.ament_cmake.build:Building ROS package in '/home/einstein/Documents/serial_ws/src/serial_launch_file' with build type 'ament_cmake'
[1.726s] INFO:colcon.colcon_cmake.task.cmake.build:Building CMake package in '/home/einstein/Documents/serial_ws/src/serial_launch_file'
[1.726s] INFO:colcon.colcon_core.shell:Skip shell extension 'powershell' for command environment: Not usable outside of PowerShell
[1.726s] DEBUG:colcon.colcon_core.shell:Skip shell extension 'dsv' for command environment
[1.740s] DEBUG:colcon.colcon_core.event_handler.log_command:Invoking command in '/home/einstein/Documents/serial_ws/build/serial_cpp_pkg': CMAKE_PREFIX_PATH=${CMAKE_PREFIX_PATH}:/opt/ros/humble /usr/bin/cmake --build /home/einstein/Documents/serial_ws/build/serial_cpp_pkg -- -j8 -l8
[1.751s] DEBUG:colcon.colcon_core.event_handler.log_command:Invoking command in '/home/einstein/Documents/serial_ws/build/serial_launch_file': CMAKE_PREFIX_PATH=${CMAKE_PREFIX_PATH}:/opt/ros/humble /usr/bin/cmake --build /home/einstein/Documents/serial_ws/build/serial_launch_file -- -j8 -l8
[1.827s] DEBUG:colcon.colcon_core.event_handler.log_command:Invoked command in '/home/einstein/Documents/serial_ws/build/serial_launch_file' returned '0': CMAKE_PREFIX_PATH=${CMAKE_PREFIX_PATH}:/opt/ros/humble /usr/bin/cmake --build /home/einstein/Documents/serial_ws/build/serial_launch_file -- -j8 -l8
[1.848s] DEBUG:colcon.colcon_core.event_handler.log_command:Invoking command in '/home/einstein/Documents/serial_ws/build/serial_launch_file': CMAKE_PREFIX_PATH=${CMAKE_PREFIX_PATH}:/opt/ros/humble /usr/bin/cmake --install /home/einstein/Documents/serial_ws/build/serial_launch_file
[1.866s] Level 1:colcon.colcon_core.environment:create_environment_scripts_only(serial_launch_file)
[1.867s] DEBUG:colcon.colcon_core.event_handler.log_command:Invoked command in '/home/einstein/Documents/serial_ws/build/serial_launch_file' returned '0': CMAKE_PREFIX_PATH=${CMAKE_PREFIX_PATH}:/opt/ros/humble /usr/bin/cmake --install /home/einstein/Documents/serial_ws/build/serial_launch_file
[1.877s] Level 1:colcon.colcon_core.environment:checking '/home/einstein/Documents/serial_ws/install/serial_launch_file' for CMake module files
[1.878s] Level 1:colcon.colcon_core.environment:checking '/home/einstein/Documents/serial_ws/install/serial_launch_file' for CMake config files
[1.878s] Level 1:colcon.colcon_core.shell:create_environment_hook('serial_launch_file', 'cmake_prefix_path')
[1.878s] INFO:colcon.colcon_core.shell:Creating environment hook '/home/einstein/Documents/serial_ws/install/serial_launch_file/share/serial_launch_file/hook/cmake_prefix_path.ps1'
[1.890s] INFO:colcon.colcon_core.shell:Creating environment descriptor '/home/einstein/Documents/serial_ws/install/serial_launch_file/share/serial_launch_file/hook/cmake_prefix_path.dsv'
[1.892s] INFO:colcon.colcon_core.shell:Creating environment hook '/home/einstein/Documents/serial_ws/install/serial_launch_file/share/serial_launch_file/hook/cmake_prefix_path.sh'
[1.900s] Level 1:colcon.colcon_core.environment:checking '/home/einstein/Documents/serial_ws/install/serial_launch_file/bin'
[1.900s] Level 1:colcon.colcon_core.environment:checking '/home/einstein/Documents/serial_ws/install/serial_launch_file/lib/pkgconfig/serial_launch_file.pc'
[1.900s] Level 1:colcon.colcon_core.environment:checking '/home/einstein/Documents/serial_ws/install/serial_launch_file/lib/python3.10/site-packages'
[1.900s] Level 1:colcon.colcon_core.environment:checking '/home/einstein/Documents/serial_ws/install/serial_launch_file/bin'
[1.901s] INFO:colcon.colcon_core.shell:Creating package script '/home/einstein/Documents/serial_ws/install/serial_launch_file/share/serial_launch_file/package.ps1'
[1.903s] INFO:colcon.colcon_core.shell:Creating package descriptor '/home/einstein/Documents/serial_ws/install/serial_launch_file/share/serial_launch_file/package.dsv'
[1.907s] INFO:colcon.colcon_core.shell:Creating package script '/home/einstein/Documents/serial_ws/install/serial_launch_file/share/serial_launch_file/package.sh'
[1.910s] INFO:colcon.colcon_core.shell:Creating package script '/home/einstein/Documents/serial_ws/install/serial_launch_file/share/serial_launch_file/package.bash'
[1.915s] INFO:colcon.colcon_core.shell:Creating package script '/home/einstein/Documents/serial_ws/install/serial_launch_file/share/serial_launch_file/package.zsh'
[1.921s] Level 1:colcon.colcon_core.environment:create_file_with_runtime_dependencies(/home/einstein/Documents/serial_ws/install/serial_launch_file/share/colcon-core/packages/serial_launch_file)
[1.937s] Level 1:colcon.colcon_core.environment:create_environment_scripts_only(serial_launch_file)
[1.938s] Level 1:colcon.colcon_core.environment:checking '/home/einstein/Documents/serial_ws/install/serial_launch_file' for CMake module files
[1.938s] Level 1:colcon.colcon_core.environment:checking '/home/einstein/Documents/serial_ws/install/serial_launch_file' for CMake config files
[1.938s] Level 1:colcon.colcon_core.shell:create_environment_hook('serial_launch_file', 'cmake_prefix_path')
[1.938s] INFO:colcon.colcon_core.shell:Creating environment hook '/home/einstein/Documents/serial_ws/install/serial_launch_file/share/serial_launch_file/hook/cmake_prefix_path.ps1'
[1.939s] INFO:colcon.colcon_core.shell:Creating environment descriptor '/home/einstein/Documents/serial_ws/install/serial_launch_file/share/serial_launch_file/hook/cmake_prefix_path.dsv'
[1.939s] INFO:colcon.colcon_core.shell:Creating environment hook '/home/einstein/Documents/serial_ws/install/serial_launch_file/share/serial_launch_file/hook/cmake_prefix_path.sh'
[1.939s] Level 1:colcon.colcon_core.environment:checking '/home/einstein/Documents/serial_ws/install/serial_launch_file/bin'
[1.939s] Level 1:colcon.colcon_core.environment:checking '/home/einstein/Documents/serial_ws/install/serial_launch_file/lib/pkgconfig/serial_launch_file.pc'
[1.939s] Level 1:colcon.colcon_core.environment:checking '/home/einstein/Documents/serial_ws/install/serial_launch_file/lib/python3.10/site-packages'
[1.939s] Level 1:colcon.colcon_core.environment:checking '/home/einstein/Documents/serial_ws/install/serial_launch_file/bin'
[1.940s] INFO:colcon.colcon_core.shell:Creating package script '/home/einstein/Documents/serial_ws/install/serial_launch_file/share/serial_launch_file/package.ps1'
[1.940s] INFO:colcon.colcon_core.shell:Creating package descriptor '/home/einstein/Documents/serial_ws/install/serial_launch_file/share/serial_launch_file/package.dsv'
[1.940s] INFO:colcon.colcon_core.shell:Creating package script '/home/einstein/Documents/serial_ws/install/serial_launch_file/share/serial_launch_file/package.sh'
[1.940s] INFO:colcon.colcon_core.shell:Creating package script '/home/einstein/Documents/serial_ws/install/serial_launch_file/share/serial_launch_file/package.bash'
[1.949s] INFO:colcon.colcon_core.shell:Creating package script '/home/einstein/Documents/serial_ws/install/serial_launch_file/share/serial_launch_file/package.zsh'
[1.949s] Level 1:colcon.colcon_core.environment:create_file_with_runtime_dependencies(/home/einstein/Documents/serial_ws/install/serial_launch_file/share/colcon-core/packages/serial_launch_file)
[2.278s] DEBUG:colcon.colcon_core.event_handler.log_command:Invoked command in '/home/einstein/Documents/serial_ws/build/serial_cpp_pkg' returned '2': CMAKE_PREFIX_PATH=${CMAKE_PREFIX_PATH}:/opt/ros/humble /usr/bin/cmake --build /home/einstein/Documents/serial_ws/build/serial_cpp_pkg -- -j8 -l8
[2.297s] Level 1:colcon.colcon_core.environment:create_environment_scripts_only(serial_cpp_pkg)
[2.297s] Level 1:colcon.colcon_core.environment:checking '/home/einstein/Documents/serial_ws/install/serial_cpp_pkg' for CMake module files
[2.311s] Level 1:colcon.colcon_core.environment:checking '/home/einstein/Documents/serial_ws/install/serial_cpp_pkg' for CMake config files
[2.311s] Level 1:colcon.colcon_core.shell:create_environment_hook('serial_cpp_pkg', 'cmake_prefix_path')
[2.311s] INFO:colcon.colcon_core.shell:Creating environment hook '/home/einstein/Documents/serial_ws/install/serial_cpp_pkg/share/serial_cpp_pkg/hook/cmake_prefix_path.ps1'
[2.312s] INFO:colcon.colcon_core.shell:Creating environment descriptor '/home/einstein/Documents/serial_ws/install/serial_cpp_pkg/share/serial_cpp_pkg/hook/cmake_prefix_path.dsv'
[2.312s] INFO:colcon.colcon_core.shell:Creating environment hook '/home/einstein/Documents/serial_ws/install/serial_cpp_pkg/share/serial_cpp_pkg/hook/cmake_prefix_path.sh'
[2.313s] Level 1:colcon.colcon_core.environment:checking '/home/einstein/Documents/serial_ws/install/serial_cpp_pkg/lib'
[2.313s] Level 1:colcon.colcon_core.environment:checking '/home/einstein/Documents/serial_ws/install/serial_cpp_pkg/bin'
[2.313s] Level 1:colcon.colcon_core.environment:checking '/home/einstein/Documents/serial_ws/install/serial_cpp_pkg/lib/pkgconfig/serial_cpp_pkg.pc'
[2.313s] Level 1:colcon.colcon_core.environment:checking '/home/einstein/Documents/serial_ws/install/serial_cpp_pkg/lib/python3.10/site-packages'
[2.313s] Level 1:colcon.colcon_core.environment:checking '/home/einstein/Documents/serial_ws/install/serial_cpp_pkg/bin'
[2.313s] INFO:colcon.colcon_core.shell:Creating package script '/home/einstein/Documents/serial_ws/install/serial_cpp_pkg/share/serial_cpp_pkg/package.ps1'
[2.314s] INFO:colcon.colcon_core.shell:Creating package descriptor '/home/einstein/Documents/serial_ws/install/serial_cpp_pkg/share/serial_cpp_pkg/package.dsv'
[2.314s] INFO:colcon.colcon_core.shell:Creating package script '/home/einstein/Documents/serial_ws/install/serial_cpp_pkg/share/serial_cpp_pkg/package.sh'
[2.315s] INFO:colcon.colcon_core.shell:Creating package script '/home/einstein/Documents/serial_ws/install/serial_cpp_pkg/share/serial_cpp_pkg/package.bash'
[2.323s] INFO:colcon.colcon_core.shell:Creating package script '/home/einstein/Documents/serial_ws/install/serial_cpp_pkg/share/serial_cpp_pkg/package.zsh'
[2.323s] Level 1:colcon.colcon_core.environment:create_file_with_runtime_dependencies(/home/einstein/Documents/serial_ws/install/serial_cpp_pkg/share/colcon-core/packages/serial_cpp_pkg)
[2.334s] DEBUG:colcon.colcon_parallel_executor.executor.parallel:closing loop
[2.334s] DEBUG:colcon.colcon_parallel_executor.executor.parallel:loop closed
[2.334s] DEBUG:colcon.colcon_parallel_executor.executor.parallel:run_until_complete finished with '2'
[2.334s] DEBUG:colcon.colcon_core.event_reactor:joining thread
[2.351s] INFO:colcon.colcon_core.plugin_system:Skipping extension 'colcon_notification.desktop_notification.terminal_notifier': Not used on non-Darwin systems
[2.351s] INFO:colcon.colcon_core.plugin_system:Skipping extension 'colcon_notification.desktop_notification.win32': Not used on non-Windows systems
[2.351s] INFO:colcon.colcon_notification.desktop_notification:Sending desktop notification using 'notify2'
[2.364s] DEBUG:colcon.colcon_core.event_reactor:joined thread
[2.364s] INFO:colcon.colcon_core.shell:Creating prefix script '/home/einstein/Documents/serial_ws/install/local_setup.ps1'
[2.373s] INFO:colcon.colcon_core.shell:Creating prefix util module '/home/einstein/Documents/serial_ws/install/_local_setup_util_ps1.py'
[2.376s] INFO:colcon.colcon_core.shell:Creating prefix chain script '/home/einstein/Documents/serial_ws/install/setup.ps1'
[2.387s] INFO:colcon.colcon_core.shell:Creating prefix script '/home/einstein/Documents/serial_ws/install/local_setup.sh'
[2.398s] INFO:colcon.colcon_core.shell:Creating prefix util module '/home/einstein/Documents/serial_ws/install/_local_setup_util_sh.py'
[2.399s] INFO:colcon.colcon_core.shell:Creating prefix chain script '/home/einstein/Documents/serial_ws/install/setup.sh'
[2.410s] INFO:colcon.colcon_core.shell:Creating prefix script '/home/einstein/Documents/serial_ws/install/local_setup.bash'
[2.422s] INFO:colcon.colcon_core.shell:Creating prefix chain script '/home/einstein/Documents/serial_ws/install/setup.bash'
[2.434s] INFO:colcon.colcon_core.shell:Creating prefix script '/home/einstein/Documents/serial_ws/install/local_setup.zsh'
[2.445s] INFO:colcon.colcon_core.shell:Creating prefix chain script '/home/einstein/Documents/serial_ws/install/setup.zsh'
