[0.057s] Invoking command in '/home/einstein/Documents/serial_ws/build/serial_cpp_pkg': CMAKE_PREFIX_PATH=${CMAKE_PREFIX_PATH}:/opt/ros/humble /usr/bin/cmake --build /home/einstein/Documents/serial_ws/build/serial_cpp_pkg -- -j8 -l8
[0.262s] [ 25%] [32mBuilding CXX object CMakeFiles/Distance_Calculator.dir/src/distance_Calculator.cpp.o[0m
[0.263s] [ 75%] Built target Serial_node_1
[10.847s] [100%] [32m[1mLinking CXX executable Distance_Calculator[0m
[12.929s] [100%] Built target Distance_Calculator
[12.942s] Invoked command in '/home/einstein/Documents/serial_ws/build/serial_cpp_pkg' returned '0': CMAKE_PREFIX_PATH=${CMAKE_PREFIX_PATH}:/opt/ros/humble /usr/bin/cmake --build /home/einstein/Documents/serial_ws/build/serial_cpp_pkg -- -j8 -l8
[12.962s] Invoking command in '/home/einstein/Documents/serial_ws/build/serial_cpp_pkg': CMAKE_PREFIX_PATH=${CMAKE_PREFIX_PATH}:/opt/ros/humble /usr/bin/cmake --install /home/einstein/Documents/serial_ws/build/serial_cpp_pkg
[12.978s] -- Install configuration: ""
[12.981s] -- Execute custom install script
[12.982s] -- Up-to-date symlink: /home/einstein/Documents/serial_ws/install/serial_cpp_pkg/lib/serial_cpp_pkg/Serial_node_1
[12.982s] -- Up-to-date symlink: /home/einstein/Documents/serial_ws/install/serial_cpp_pkg/lib/serial_cpp_pkg/Distance_Calculator
[12.982s] -- Up-to-date symlink: /home/einstein/Documents/serial_ws/install/serial_cpp_pkg/share/ament_index/resource_index/package_run_dependencies/serial_cpp_pkg
[12.983s] -- Up-to-date symlink: /home/einstein/Documents/serial_ws/install/serial_cpp_pkg/share/ament_index/resource_index/parent_prefix_path/serial_cpp_pkg
[12.983s] -- Up-to-date symlink: /home/einstein/Documents/serial_ws/install/serial_cpp_pkg/share/serial_cpp_pkg/environment/ament_prefix_path.sh
[12.984s] -- Up-to-date symlink: /home/einstein/Documents/serial_ws/install/serial_cpp_pkg/share/serial_cpp_pkg/environment/ament_prefix_path.dsv
[12.984s] -- Up-to-date symlink: /home/einstein/Documents/serial_ws/install/serial_cpp_pkg/share/serial_cpp_pkg/environment/path.sh
[12.984s] -- Up-to-date symlink: /home/einstein/Documents/serial_ws/install/serial_cpp_pkg/share/serial_cpp_pkg/environment/path.dsv
[12.985s] -- Up-to-date symlink: /home/einstein/Documents/serial_ws/install/serial_cpp_pkg/share/serial_cpp_pkg/local_setup.bash
[12.985s] -- Up-to-date symlink: /home/einstein/Documents/serial_ws/install/serial_cpp_pkg/share/serial_cpp_pkg/local_setup.sh
[12.986s] -- Up-to-date symlink: /home/einstein/Documents/serial_ws/install/serial_cpp_pkg/share/serial_cpp_pkg/local_setup.zsh
[12.986s] -- Up-to-date symlink: /home/einstein/Documents/serial_ws/install/serial_cpp_pkg/share/serial_cpp_pkg/local_setup.dsv
[12.986s] -- Symlinking: /home/einstein/Documents/serial_ws/install/serial_cpp_pkg/share/serial_cpp_pkg/package.dsv
[13.004s] -- Up-to-date symlink: /home/einstein/Documents/serial_ws/install/serial_cpp_pkg/share/ament_index/resource_index/packages/serial_cpp_pkg
[13.014s] -- Up-to-date symlink: /home/einstein/Documents/serial_ws/install/serial_cpp_pkg/share/serial_cpp_pkg/cmake/serial_cpp_pkgConfig.cmake
[13.015s] -- Up-to-date symlink: /home/einstein/Documents/serial_ws/install/serial_cpp_pkg/share/serial_cpp_pkg/cmake/serial_cpp_pkgConfig-version.cmake
[13.015s] -- Up-to-date symlink: /home/einstein/Documents/serial_ws/install/serial_cpp_pkg/share/serial_cpp_pkg/package.xml
[13.018s] Invoked command in '/home/einstein/Documents/serial_ws/build/serial_cpp_pkg' returned '0': CMAKE_PREFIX_PATH=${CMAKE_PREFIX_PATH}:/opt/ros/humble /usr/bin/cmake --install /home/einstein/Documents/serial_ws/build/serial_cpp_pkg
