[0.019s] Invoking command in '/home/einstein/Documents/serial_ws/build/serial_cpp_pkg': CMAKE_PREFIX_PATH=${CMAKE_PREFIX_PATH}:/opt/ros/humble /usr/bin/cmake --build /home/einstein/Documents/serial_ws/build/serial_cpp_pkg -- -j8 -l8
[0.067s] -- Found ament_cmake: 1.3.10 (/opt/ros/humble/share/ament_cmake/cmake)
[0.155s] -- Override CMake install command with custom implementation using symlinks instead of copying resources
[0.170s] -- Found rclcpp: 16.0.10 (/opt/ros/humble/share/rclcpp/cmake)
[0.199s] -- Found rosidl_generator_c: 3.1.5 (/opt/ros/humble/share/rosidl_generator_c/cmake)
[0.201s] -- Found rosidl_adapter: 3.1.5 (/opt/ros/humble/share/rosidl_adapter/cmake)
[0.205s] -- Found rosidl_generator_cpp: 3.1.5 (/opt/ros/humble/share/rosidl_generator_cpp/cmake)
[0.211s] -- Using all available rosidl_typesupport_c: rosidl_typesupport_fastrtps_c;rosidl_typesupport_introspection_c
[0.220s] -- Using all available rosidl_typesupport_cpp: rosidl_typesupport_fastrtps_cpp;rosidl_typesupport_introspection_cpp
[0.243s] -- Found rmw_implementation_cmake: 6.1.2 (/opt/ros/humble/share/rmw_implementation_cmake/cmake)
[0.243s] -- Found rmw_fastrtps_cpp: 6.2.7 (/opt/ros/humble/share/rmw_fastrtps_cpp/cmake)
[0.312s] -- Using RMW implementation 'rmw_fastrtps_cpp' as default
[0.347s] -- Found example_interfaces: 0.9.3 (/opt/ros/humble/share/example_interfaces/cmake)
[0.372s] -- Found geometry_msgs: 4.2.4 (/opt/ros/humble/share/geometry_msgs/cmake)
[0.434s] -- Configuring done
[0.481s] -- Generating done
[0.483s] -- Build files have been written to: /home/einstein/Documents/serial_ws/build/serial_cpp_pkg
[0.502s] [35m[1mConsolidate compiler generated dependencies of target Serial_node_1[0m
[0.515s] [ 50%] Built target Serial_node_1
[0.515s] [35m[1mConsolidate compiler generated dependencies of target Distance_Calculator[0m
[0.529s] [ 75%] [32mBuilding CXX object CMakeFiles/Distance_Calculator.dir/src/distance_Calculator.cpp.o[0m
[0.770s] [01m[K/home/einstein/Documents/serial_ws/src/serial_cpp_pkg/src/distance_Calculator.cpp:3:10:[m[K [01;31m[Kfatal error: [m[Kexample_interfaces/msg/string.hpp: No such file or directory
[0.770s]     3 | #include [01;31m[K"example_interfaces/msg/string.hpp"[m[K
[0.770s]       |          [01;31m[K^~~~~~~~~~~~~~~~~~~~~~~~~~~~~~~~~~~[m[K
[0.770s] compilation terminated.
[0.782s] gmake[2]: *** [CMakeFiles/Distance_Calculator.dir/build.make:76: CMakeFiles/Distance_Calculator.dir/src/distance_Calculator.cpp.o] Error 1
[0.782s] gmake[1]: *** [CMakeFiles/Makefile2:165: CMakeFiles/Distance_Calculator.dir/all] Error 2
[0.783s] gmake: *** [Makefile:146: all] Error 2
[0.784s] Invoked command in '/home/einstein/Documents/serial_ws/build/serial_cpp_pkg' returned '2': CMAKE_PREFIX_PATH=${CMAKE_PREFIX_PATH}:/opt/ros/humble /usr/bin/cmake --build /home/einstein/Documents/serial_ws/build/serial_cpp_pkg -- -j8 -l8
