[0.011s] Invoking command in '/home/einstein/Documents/serial_ws/build/serial_cpp_pkg': CMAKE_PREFIX_PATH=${CMAKE_PREFIX_PATH}:/opt/ros/humble /usr/bin/cmake --build /home/einstein/Documents/serial_ws/build/serial_cpp_pkg -- -j8 -l8
[0.045s] [ 16%] [32mBuilding CXX object CMakeFiles/RPM.dir/src/rpm_editor.cpp.o[0m
[0.049s] [ 83%] Built target Distance_Calculator
[0.050s] [ 83%] Built target Serial_node_1
[2.514s] In file included from [01m[K/opt/ros/humble/include/rclcpp/rclcpp/logging.hpp:24[m[K,
[2.514s]                  from [01m[K/opt/ros/humble/include/rclcpp/rclcpp/client.hpp:40[m[K,
[2.514s]                  from [01m[K/opt/ros/humble/include/rclcpp/rclcpp/callback_group.hpp:24[m[K,
[2.515s]                  from [01m[K/opt/ros/humble/include/rclcpp/rclcpp/any_executable.hpp:20[m[K,
[2.515s]                  from [01m[K/opt/ros/humble/include/rclcpp/rclcpp/memory_strategy.hpp:25[m[K,
[2.515s]                  from [01m[K/opt/ros/humble/include/rclcpp/rclcpp/memory_strategies.hpp:18[m[K,
[2.515s]                  from [01m[K/opt/ros/humble/include/rclcpp/rclcpp/executor_options.hpp:20[m[K,
[2.515s]                  from [01m[K/opt/ros/humble/include/rclcpp/rclcpp/executor.hpp:37[m[K,
[2.515s]                  from [01m[K/opt/ros/humble/include/rclcpp/rclcpp/executors/multi_threaded_executor.hpp:25[m[K,
[2.515s]                  from [01m[K/opt/ros/humble/include/rclcpp/rclcpp/executors.hpp:21[m[K,
[2.515s]                  from [01m[K/opt/ros/humble/include/rclcpp/rclcpp/rclcpp.hpp:155[m[K,
[2.515s]                  from [01m[K/home/einstein/Documents/serial_ws/src/serial_cpp_pkg/src/rpm_editor.cpp:1[m[K:
[2.515s] [01m[K/home/einstein/Documents/serial_ws/src/serial_cpp_pkg/src/rpm_editor.cpp:[m[K In member function ‘[01m[Kvoid D_Calc::timer_callback()[m[K’:
[2.515s] [01m[K/home/einstein/Documents/serial_ws/src/serial_cpp_pkg/src/rpm_editor.cpp:61:41:[m[K [01;35m[Kwarning: [m[Kformat ‘[01m[K%d[m[K’ expects argument of type ‘[01m[Kint[m[K’, but argument 5 has type ‘[01m[Kstd_msgs::msg::Int64_<std::allocator<void> >::_data_type[m[K’ {aka ‘[01m[Klong int[m[K’} [[01;35m[K]8;;https://gcc.gnu.org/onlinedocs/gcc/Warning-Options.html#index-Wformat=-Wformat=]8;;[m[K]
[2.515s]    61 |         RCLCPP_INFO(this->get_logger(), [01;35m[K"RPM_A %d....RMP_B= %d...."[m[K, [32m[Krpm_A_2.data[m[K, rpm_B_2.data);
[2.515s]       |                                         [01;35m[K^~~~~~~~~~~~~~~~~~~~~~~~~~~[m[K  [32m[K~~~~~~~~~~~~[m[K
[2.515s]       |                                                                              [32m[K|[m[K
[2.515s]       |                                                                              [32m[Kstd_msgs::msg::Int64_<std::allocator<void> >::_data_type {aka long int}[m[K
[2.515s] [01m[K/home/einstein/Documents/serial_ws/src/serial_cpp_pkg/src/rpm_editor.cpp:61:49:[m[K [01;36m[Knote: [m[Kformat string is defined here
[2.516s]    61 |         RCLCPP_INFO(this->get_logger(), "RPM_A [01;36m[K%d[m[K....RMP_B= %d....", rpm_A_2.data, rpm_B_2.data);
[2.516s]       |                                                [01;36m[K~^[m[K
[2.516s]       |                                                 [01;36m[K|[m[K
[2.516s]       |                                                 [01;36m[Kint[m[K
[2.516s]       |                                                [32m[K%ld[m[K
[2.516s] In file included from [01m[K/opt/ros/humble/include/rclcpp/rclcpp/logging.hpp:24[m[K,
[2.516s]                  from [01m[K/opt/ros/humble/include/rclcpp/rclcpp/client.hpp:40[m[K,
[2.516s]                  from [01m[K/opt/ros/humble/include/rclcpp/rclcpp/callback_group.hpp:24[m[K,
[2.516s]                  from [01m[K/opt/ros/humble/include/rclcpp/rclcpp/any_executable.hpp:20[m[K,
[2.516s]                  from [01m[K/opt/ros/humble/include/rclcpp/rclcpp/memory_strategy.hpp:25[m[K,
[2.516s]                  from [01m[K/opt/ros/humble/include/rclcpp/rclcpp/memory_strategies.hpp:18[m[K,
[2.516s]                  from [01m[K/opt/ros/humble/include/rclcpp/rclcpp/executor_options.hpp:20[m[K,
[2.516s]                  from [01m[K/opt/ros/humble/include/rclcpp/rclcpp/executor.hpp:37[m[K,
[2.516s]                  from [01m[K/opt/ros/humble/include/rclcpp/rclcpp/executors/multi_threaded_executor.hpp:25[m[K,
[2.516s]                  from [01m[K/opt/ros/humble/include/rclcpp/rclcpp/executors.hpp:21[m[K,
[2.516s]                  from [01m[K/opt/ros/humble/include/rclcpp/rclcpp/rclcpp.hpp:155[m[K,
[2.516s]                  from [01m[K/home/einstein/Documents/serial_ws/src/serial_cpp_pkg/src/rpm_editor.cpp:1[m[K:
[2.516s] [01m[K/home/einstein/Documents/serial_ws/src/serial_cpp_pkg/src/rpm_editor.cpp:61:41:[m[K [01;35m[Kwarning: [m[Kformat ‘[01m[K%d[m[K’ expects argument of type ‘[01m[Kint[m[K’, but argument 6 has type ‘[01m[Kstd_msgs::msg::Int64_<std::allocator<void> >::_data_type[m[K’ {aka ‘[01m[Klong int[m[K’} [[01;35m[K]8;;https://gcc.gnu.org/onlinedocs/gcc/Warning-Options.html#index-Wformat=-Wformat=]8;;[m[K]
[2.516s]    61 |         RCLCPP_INFO(this->get_logger(), [01;35m[K"RPM_A %d....RMP_B= %d...."[m[K, rpm_A_2.data, [32m[Krpm_B_2.data[m[K);
[2.516s]       |                                         [01;35m[K^~~~~~~~~~~~~~~~~~~~~~~~~~~[m[K                [32m[K~~~~~~~~~~~~[m[K
[2.516s]       |                                                                                            [32m[K|[m[K
[2.516s]       |                                                                                            [32m[Kstd_msgs::msg::Int64_<std::allocator<void> >::_data_type {aka long int}[m[K
[2.516s] [01m[K/home/einstein/Documents/serial_ws/src/serial_cpp_pkg/src/rpm_editor.cpp:61:62:[m[K [01;36m[Knote: [m[Kformat string is defined here
[2.516s]    61 |         RCLCPP_INFO(this->get_logger(), "RPM_A %d....RMP_B= [01;36m[K%d[m[K....", rpm_A_2.data, rpm_B_2.data);
[2.516s]       |                                                             [01;36m[K~^[m[K
[2.517s]       |                                                              [01;36m[K|[m[K
[2.517s]       |                                                              [01;36m[Kint[m[K
[2.517s]       |                                                             [32m[K%ld[m[K
[7.253s] [100%] [32m[1mLinking CXX executable RPM[0m
[8.651s] [100%] Built target RPM
[8.664s] Invoked command in '/home/einstein/Documents/serial_ws/build/serial_cpp_pkg' returned '0': CMAKE_PREFIX_PATH=${CMAKE_PREFIX_PATH}:/opt/ros/humble /usr/bin/cmake --build /home/einstein/Documents/serial_ws/build/serial_cpp_pkg -- -j8 -l8
[8.687s] Invoking command in '/home/einstein/Documents/serial_ws/build/serial_cpp_pkg': CMAKE_PREFIX_PATH=${CMAKE_PREFIX_PATH}:/opt/ros/humble /usr/bin/cmake --install /home/einstein/Documents/serial_ws/build/serial_cpp_pkg
[8.692s] -- Install configuration: ""
[8.692s] -- Execute custom install script
[8.692s] -- Up-to-date symlink: /home/einstein/Documents/serial_ws/install/serial_cpp_pkg/lib/serial_cpp_pkg/Serial_node_1
[8.692s] -- Up-to-date symlink: /home/einstein/Documents/serial_ws/install/serial_cpp_pkg/lib/serial_cpp_pkg/Distance_Calculator
[8.692s] -- Symlinking: /home/einstein/Documents/serial_ws/install/serial_cpp_pkg/lib/serial_cpp_pkg/RPM
[8.699s] -- Up-to-date symlink: /home/einstein/Documents/serial_ws/install/serial_cpp_pkg/share/ament_index/resource_index/package_run_dependencies/serial_cpp_pkg
[8.709s] -- Up-to-date symlink: /home/einstein/Documents/serial_ws/install/serial_cpp_pkg/share/ament_index/resource_index/parent_prefix_path/serial_cpp_pkg
[8.710s] -- Up-to-date symlink: /home/einstein/Documents/serial_ws/install/serial_cpp_pkg/share/serial_cpp_pkg/environment/ament_prefix_path.sh
[8.710s] -- Up-to-date symlink: /home/einstein/Documents/serial_ws/install/serial_cpp_pkg/share/serial_cpp_pkg/environment/ament_prefix_path.dsv
[8.722s] -- Up-to-date symlink: /home/einstein/Documents/serial_ws/install/serial_cpp_pkg/share/serial_cpp_pkg/environment/path.sh
[8.722s] -- Up-to-date symlink: /home/einstein/Documents/serial_ws/install/serial_cpp_pkg/share/serial_cpp_pkg/environment/path.dsv
[8.722s] -- Up-to-date symlink: /home/einstein/Documents/serial_ws/install/serial_cpp_pkg/share/serial_cpp_pkg/local_setup.bash
[8.723s] -- Up-to-date symlink: /home/einstein/Documents/serial_ws/install/serial_cpp_pkg/share/serial_cpp_pkg/local_setup.sh
[8.723s] -- Up-to-date symlink: /home/einstein/Documents/serial_ws/install/serial_cpp_pkg/share/serial_cpp_pkg/local_setup.zsh
[8.723s] -- Up-to-date symlink: /home/einstein/Documents/serial_ws/install/serial_cpp_pkg/share/serial_cpp_pkg/local_setup.dsv
[8.723s] -- Symlinking: /home/einstein/Documents/serial_ws/install/serial_cpp_pkg/share/serial_cpp_pkg/package.dsv
[8.747s] -- Up-to-date symlink: /home/einstein/Documents/serial_ws/install/serial_cpp_pkg/share/ament_index/resource_index/packages/serial_cpp_pkg
[8.747s] -- Up-to-date symlink: /home/einstein/Documents/serial_ws/install/serial_cpp_pkg/share/serial_cpp_pkg/cmake/serial_cpp_pkgConfig.cmake
[8.747s] -- Up-to-date symlink: /home/einstein/Documents/serial_ws/install/serial_cpp_pkg/share/serial_cpp_pkg/cmake/serial_cpp_pkgConfig-version.cmake
[8.747s] -- Up-to-date symlink: /home/einstein/Documents/serial_ws/install/serial_cpp_pkg/share/serial_cpp_pkg/package.xml
[8.751s] Invoked command in '/home/einstein/Documents/serial_ws/build/serial_cpp_pkg' returned '0': CMAKE_PREFIX_PATH=${CMAKE_PREFIX_PATH}:/opt/ros/humble /usr/bin/cmake --install /home/einstein/Documents/serial_ws/build/serial_cpp_pkg
