[0.011s] Invoking command in '/home/einstein/Documents/serial_ws/build/serial_cpp_pkg': CMAKE_PREFIX_PATH=${CMAKE_PREFIX_PATH}:/opt/ros/humble /usr/bin/cmake --build /home/einstein/Documents/serial_ws/build/serial_cpp_pkg -- -j8 -l8
[0.043s] [35m[1mConsolidate compiler generated dependencies of target Distance_Calculator[0m
[0.054s] [ 50%] Built target Serial_node_1
[0.057s] [ 75%] [32mBuilding CXX object CMakeFiles/Distance_Calculator.dir/src/distance_Calculator.cpp.o[0m
[6.736s] [100%] [32m[1mLinking CXX executable Distance_Calculator[0m
[7.055s] [100%] Built target Distance_Calculator
[7.072s] Invoked command in '/home/einstein/Documents/serial_ws/build/serial_cpp_pkg' returned '0': CMAKE_PREFIX_PATH=${CMAKE_PREFIX_PATH}:/opt/ros/humble /usr/bin/cmake --build /home/einstein/Documents/serial_ws/build/serial_cpp_pkg -- -j8 -l8
[7.091s] Invoking command in '/home/einstein/Documents/serial_ws/build/serial_cpp_pkg': CMAKE_PREFIX_PATH=${CMAKE_PREFIX_PATH}:/opt/ros/humble /usr/bin/cmake --install /home/einstein/Documents/serial_ws/build/serial_cpp_pkg
[7.097s] -- Install configuration: ""
[7.097s] -- Execute custom install script
[7.097s] -- Up-to-date symlink: /home/einstein/Documents/serial_ws/install/serial_cpp_pkg/lib/serial_cpp_pkg/Serial_node_1
[7.097s] -- Up-to-date symlink: /home/einstein/Documents/serial_ws/install/serial_cpp_pkg/lib/serial_cpp_pkg/Distance_Calculator
[7.098s] -- Up-to-date symlink: /home/einstein/Documents/serial_ws/install/serial_cpp_pkg/share/ament_index/resource_index/package_run_dependencies/serial_cpp_pkg
[7.098s] -- Up-to-date symlink: /home/einstein/Documents/serial_ws/install/serial_cpp_pkg/share/ament_index/resource_index/parent_prefix_path/serial_cpp_pkg
[7.098s] -- Up-to-date symlink: /home/einstein/Documents/serial_ws/install/serial_cpp_pkg/share/serial_cpp_pkg/environment/ament_prefix_path.sh
[7.098s] -- Up-to-date symlink: /home/einstein/Documents/serial_ws/install/serial_cpp_pkg/share/serial_cpp_pkg/environment/ament_prefix_path.dsv
[7.098s] -- Up-to-date symlink: /home/einstein/Documents/serial_ws/install/serial_cpp_pkg/share/serial_cpp_pkg/environment/path.sh
[7.098s] -- Up-to-date symlink: /home/einstein/Documents/serial_ws/install/serial_cpp_pkg/share/serial_cpp_pkg/environment/path.dsv
[7.098s] -- Up-to-date symlink: /home/einstein/Documents/serial_ws/install/serial_cpp_pkg/share/serial_cpp_pkg/local_setup.bash
[7.099s] -- Up-to-date symlink: /home/einstein/Documents/serial_ws/install/serial_cpp_pkg/share/serial_cpp_pkg/local_setup.sh
[7.099s] -- Up-to-date symlink: /home/einstein/Documents/serial_ws/install/serial_cpp_pkg/share/serial_cpp_pkg/local_setup.zsh
[7.099s] -- Up-to-date symlink: /home/einstein/Documents/serial_ws/install/serial_cpp_pkg/share/serial_cpp_pkg/local_setup.dsv
[7.099s] -- Symlinking: /home/einstein/Documents/serial_ws/install/serial_cpp_pkg/share/serial_cpp_pkg/package.dsv
[7.106s] -- Up-to-date symlink: /home/einstein/Documents/serial_ws/install/serial_cpp_pkg/share/ament_index/resource_index/packages/serial_cpp_pkg
[7.106s] -- Up-to-date symlink: /home/einstein/Documents/serial_ws/install/serial_cpp_pkg/share/serial_cpp_pkg/cmake/serial_cpp_pkgConfig.cmake
[7.106s] -- Up-to-date symlink: /home/einstein/Documents/serial_ws/install/serial_cpp_pkg/share/serial_cpp_pkg/cmake/serial_cpp_pkgConfig-version.cmake
[7.106s] -- Up-to-date symlink: /home/einstein/Documents/serial_ws/install/serial_cpp_pkg/share/serial_cpp_pkg/package.xml
[7.107s] Invoked command in '/home/einstein/Documents/serial_ws/build/serial_cpp_pkg' returned '0': CMAKE_PREFIX_PATH=${CMAKE_PREFIX_PATH}:/opt/ros/humble /usr/bin/cmake --install /home/einstein/Documents/serial_ws/build/serial_cpp_pkg
